<?xml version="1.0" encoding="utf-8"?><testsuites name="pytest tests"><testsuite name="pytest" errors="0" failures="0" skipped="0" tests="961" time="237.204" timestamp="2026-07-27T00:53:48.631826-04:00" hostname="REDNOTE"><testcase classname="tests.test_attest_in_place_upgrade.AttestInPlaceUpgradeSourceContractTests" name="test_attests_identity_windows_integration_and_registry" time="0.005" /><testcase classname="tests.test_attest_in_place_upgrade.AttestInPlaceUpgradeSourceContractTests" name="test_core_smoke_is_private_headless_and_exact" time="0.004" /><testcase classname="tests.test_attest_in_place_upgrade.AttestInPlaceUpgradeSourceContractTests" name="test_dot_source_helpers_are_pure_and_atomic" time="2.259" /><testcase classname="tests.test_attest_in_place_upgrade.AttestInPlaceUpgradeSourceContractTests" name="test_evidence_is_atomic_path_free_and_does_not_publish_messages" time="0.003" /><testcase classname="tests.test_attest_in_place_upgrade.AttestInPlaceUpgradeSourceContractTests" name="test_evidence_is_disjoint_from_every_mutated_or_attested_root" time="0.921" /><testcase classname="tests.test_attest_in_place_upgrade.AttestInPlaceUpgradeSourceContractTests" name="test_failure_reactivation_helper_is_dependency_testable" time="1.628" /><testcase classname="tests.test_attest_in_place_upgrade.AttestInPlaceUpgradeSourceContractTests" name="test_freezes_upgrade_rollback_reactivation_order" time="0.004" /><testcase classname="tests.test_attest_in_place_upgrade.AttestInPlaceUpgradeSourceContractTests" name="test_hidden_setup_waits_for_resume_and_committed_state" time="0.004" /><testcase classname="tests.test_attest_in_place_upgrade.AttestInPlaceUpgradeSourceContractTests" name="test_prior_recovery_evidence_requires_pinned_bytes_and_types" time="3.481" /><testcase classname="tests.test_attest_in_place_upgrade.AttestInPlaceUpgradeSourceContractTests" name="test_private_data_snapshot_detects_same_size_content_change" time="2.007" /><testcase classname="tests.test_attest_in_place_upgrade.AttestInPlaceUpgradeSourceContractTests" name="test_recovery_continuation_is_pinned_and_ordered" time="0.002" /><testcase classname="tests.test_attest_in_place_upgrade.AttestInPlaceUpgradeSourceContractTests" name="test_requires_explicit_versions_evidence_and_confirmation" time="0.001" /><testcase classname="tests.test_attest_in_place_upgrade.AttestInPlaceUpgradeSourceContractTests" name="test_scope_does_not_launch_gui_uninstall_or_purge" time="0.002" /><testcase classname="tests.test_attest_in_place_upgrade.AttestInPlaceUpgradeSourceContractTests" name="test_script_has_no_powershell_parser_errors" time="0.468" /><testcase classname="tests.test_attest_in_place_upgrade.AttestInPlaceUpgradeSourceContractTests" name="test_setup_process_tree_includes_resume_image_names" time="0.813" /><testcase classname="tests.test_attest_in_place_upgrade.AttestInPlaceUpgradeSourceContractTests" name="test_validates_candidate_and_complete_installed_bytes" time="0.001" /><testcase classname="tests.test_attest_in_place_upgrade.AttestInPlaceUpgradeSourceContractTests" name="test_wait_retries_parent_child_resume_race" time="0.852" /><testcase classname="tests.test_build_setup.BuildSetupTests" name="test_dirty_worktree_is_rejected_before_package_or_dotnet" time="4.993" /><testcase classname="tests.test_build_setup.BuildSetupTests" name="test_existing_output_root_is_preserved_and_rejected_before_dotnet" time="5.414" /><testcase classname="tests.test_build_setup.BuildSetupTests" name="test_hardlinked_product_input_is_rejected_before_dotnet" time="4.516" /><testcase classname="tests.test_build_setup.BuildSetupTests" name="test_noncanonical_stored_zip_metadata_is_rejected" time="5.584" /><testcase classname="tests.test_build_setup.BuildSetupTests" name="test_oversized_sidecar_is_rejected_before_unbounded_read_or_dotnet" time="5.102" /><testcase classname="tests.test_build_setup.BuildSetupTests" name="test_package_commit_must_equal_clean_head" time="5.245" /><testcase classname="tests.test_build_setup.BuildSetupTests" name="test_package_root_must_be_exact_zip_and_sidecar" time="5.357" /><testcase classname="tests.test_build_setup.BuildSetupTests" name="test_reparse_point_in_output_ancestor_is_rejected_before_dotnet" time="3.836" /><testcase classname="tests.test_build_setup.BuildSetupTests" name="test_script_keeps_physical_delivery_and_exact_output_gates_explicit" time="1.136" /><testcase classname="tests.test_build_setup.BuildSetupTests" name="test_semantic_version_length_is_bounded_before_dotnet" time="3.947" /><testcase classname="tests.test_build_setup.BuildSetupTests" name="test_setup_generated_roots_are_ignored" time="0.628" /><testcase classname="tests.test_build_setup.BuildSetupTests" name="test_setup_runtime_contract_matches_the_packaging_contract" time="0.905" /><testcase classname="tests.test_build_setup.BuildSetupTests" name="test_sidecar_tamper_is_rejected_independently" time="4.608" /><testcase classname="tests.test_build_setup.BuildSetupTests" name="test_source_date_epoch_must_equal_head_commit_time" time="5.377" /><testcase classname="tests.test_build_setup.BuildSetupTests" name="test_stored_zip_crc_must_match_entry_bytes" time="4.674" /><testcase classname="tests.test_build_setup.BuildSetupTests" name="test_unsupported_data_schema_is_rejected_before_dotnet" time="5.664" /><testcase classname="tests.test_build_setup.BuildSetupTests" name="test_valid_package_reaches_isolated_snapshot_publish_and_canonical_attestation" time="8.539" /><testcase classname="tests.test_deferred_clean_environment_gates.DeferredCleanEnvironmentGateTests" name="test_app_open_publishes_one_step_evidence" time="0.002" /><testcase classname="tests.test_deferred_clean_environment_gates.DeferredCleanEnvironmentGateTests" name="test_app_open_refuses_preexisting_processes_and_data_leaf" time="0.001" /><testcase classname="tests.test_deferred_clean_environment_gates.DeferredCleanEnvironmentGateTests" name="test_checklist_keeps_both_gates_pending_by_environment" time="0.026" /><testcase classname="tests.test_deferred_clean_environment_gates.DeferredCleanEnvironmentGateTests" name="test_gate14_freezes_required_lifecycle_order" time="0.001" /><testcase classname="tests.test_deferred_clean_environment_gates.DeferredCleanEnvironmentGateTests" name="test_gate14_requires_disposable_profile_and_exact_purge_token" time="0.001" /><testcase classname="tests.test_exhaustive_message_ledger.ExhaustiveMessageLedgerTests" name="test_bare_name_location_question_does_not_authorize_file_search" time="0.090" /><testcase classname="tests.test_exhaustive_message_ledger.ExhaustiveMessageLedgerTests" name="test_bare_selector_requires_context_but_explicit_media_target_does_not" time="0.008" /><testcase classname="tests.test_exhaustive_message_ledger.ExhaustiveMessageLedgerTests" name="test_baseline_also_valid_does_not_force_an_optional_effect" time="0.001" /><testcase classname="tests.test_exhaustive_message_ledger.ExhaustiveMessageLedgerTests" name="test_candidate_filter_includes_historical_logs_but_not_derived_ledgers" time="0.001" /><testcase classname="tests.test_exhaustive_message_ledger.ExhaustiveMessageLedgerTests" name="test_codex_cleanup_keeps_only_the_actual_request" time="0.001" /><testcase classname="tests.test_exhaustive_message_ledger.ExhaustiveMessageLedgerTests" name="test_document_parser_does_not_treat_assistant_reply_as_user_input" time="0.001" /><testcase classname="tests.test_exhaustive_message_ledger.ExhaustiveMessageLedgerTests" name="test_final22_oracle_distinguishes_missing_targets_from_executable_requests" time="0.007" /><testcase classname="tests.test_exhaustive_message_ledger.ExhaustiveMessageLedgerTests" name="test_historical_hint_bank_contains_no_text_arguments_or_authority" time="0.001" /><testcase classname="tests.test_exhaustive_message_ledger.ExhaustiveMessageLedgerTests" name="test_independent_oracle_corrects_obvious_legacy_label_omissions" time="0.030" /><testcase classname="tests.test_exhaustive_message_ledger.ExhaustiveMessageLedgerTests" name="test_independent_oracle_maps_legacy_labels_and_preserves_no_effect" time="0.001" /><testcase classname="tests.test_exhaustive_message_ledger.ExhaustiveMessageLedgerTests" name="test_independent_oracle_prefers_exact_authority_before_normalized_fallback" time="0.001" /><testcase classname="tests.test_exhaustive_message_ledger.ExhaustiveMessageLedgerTests" name="test_json_walker_recovers_user_turns_and_command_fields" time="0.001" /><testcase classname="tests.test_exhaustive_message_ledger.ExhaustiveMessageLedgerTests" name="test_language_scope_excludes_reviewed_portuguese_shapes_not_entities" time="0.004" /><testcase classname="tests.test_exhaustive_message_ledger.ExhaustiveMessageLedgerTests" name="test_model_gate_assesses_direct_turn_action_without_calling_plan" time="0.003" /><testcase classname="tests.test_exhaustive_message_ledger.ExhaustiveMessageLedgerTests" name="test_model_gate_assesses_operations_without_executing_them" time="0.001" /><testcase classname="tests.test_exhaustive_message_ledger.ExhaustiveMessageLedgerTests" name="test_model_gate_does_not_accept_plan_as_conversation_generator" time="0.001" /><testcase classname="tests.test_exhaustive_message_ledger.ExhaustiveMessageLedgerTests" name="test_model_gate_process_lock_detects_live_and_stale_owners" time="0.001" /><testcase classname="tests.test_exhaustive_message_ledger.ExhaustiveMessageLedgerTests" name="test_model_gate_rejects_effect_for_conversation_and_empty_turn_reply" time="0.001" /><testcase classname="tests.test_exhaustive_message_ledger.ExhaustiveMessageLedgerTests" name="test_model_gate_rejects_planner_errors_disguised_as_conversation" time="0.001" /><testcase classname="tests.test_exhaustive_message_ledger.ExhaustiveMessageLedgerTests" name="test_model_gate_rejects_same_family_with_wrong_physical_semantics" time="0.001" /><testcase classname="tests.test_exhaustive_message_ledger.ExhaustiveMessageLedgerTests" name="test_model_gate_requests_plan_only_after_turn_plan_decision" time="0.001" /><testcase classname="tests.test_exhaustive_message_ledger.ExhaustiveMessageLedgerTests" name="test_model_gate_requires_an_answer_for_grounded_conversation" time="0.001" /><testcase classname="tests.test_exhaustive_message_ledger.ExhaustiveMessageLedgerTests" name="test_model_gate_uses_turn_reply_without_a_second_conversation_request" time="0.001" /><testcase classname="tests.test_exhaustive_message_ledger.ExhaustiveMessageLedgerTests" name="test_oracle_recognizes_newly_verified_physical_input_capabilities" time="0.006" /><testcase classname="tests.test_exhaustive_message_ledger.ExhaustiveMessageLedgerTests" name="test_system_prompt_mislabeled_as_prompt_is_not_a_user_message" time="0.001" /><testcase classname="tests.test_exhaustive_message_ledger.ExhaustiveMessageLedgerTests" name="test_verified_clipboard_paste_satisfies_both_clipboard_and_input_intents" time="0.001" /><testcase classname="tests.test_exhaustive_message_ledger.ExhaustiveMessageLedgerTests" name="test_write_or_type_requires_literal_content_not_only_constraints" time="0.006" /><testcase classname="tests.test_freeze_historical_sources.FreezeHistoricalSourcesTests" name="test_canonical_digest_ignores_dictionary_insertion_order" time="0.001" /><testcase classname="tests.test_freeze_historical_sources.FreezeHistoricalSourcesTests" name="test_codex_root_threads_excludes_agent_descendants" time="0.083" /><testcase classname="tests.test_freeze_historical_sources.FreezeHistoricalSourcesTests" name="test_dirty_status_preserves_spaces_and_unicode_without_git_quotes" time="0.189" /><testcase classname="tests.test_freeze_historical_sources.FreezeHistoricalSourcesTests" name="test_file_manifest_hashes_evidence_and_summarizes_models" time="0.024" /><testcase classname="tests.test_freeze_historical_sources.FreezeHistoricalSourcesTests" name="test_thread_prefix_stops_at_cutoff" time="0.016" /><testcase classname="tests.test_gpu_status_corpus_oracle.GpuStatusCorpusOracleTests" name="test_boundary_taxonomies_are_complete_and_machine_readable" time="2.240" /><testcase classname="tests.test_gpu_status_corpus_oracle.GpuStatusCorpusOracleTests" name="test_canonical_cases_cover_every_positive_once_with_exact_scope" time="0.001" /><testcase classname="tests.test_gpu_status_corpus_oracle.GpuStatusCorpusOracleTests" name="test_declared_groups_have_exact_counts_metadata_and_digests" time="0.017" /><testcase classname="tests.test_gpu_status_corpus_oracle.GpuStatusCorpusOracleTests" name="test_oracle_is_bound_to_frozen_corpus_and_normalization" time="0.105" /><testcase classname="tests.test_gpu_status_corpus_oracle.GpuStatusCorpusOracleTests" name="test_positive_provenance_and_semantic_repairs_are_explicit" time="0.001" /><testcase classname="tests.test_gpu_status_corpus_oracle.GpuStatusCorpusOracleTests" name="test_positive_union_and_selected_universe_are_exact_and_disjoint" time="0.003" /><testcase classname="tests.test_gpu_status_corpus_oracle.GpuStatusCorpusOracleTests" name="test_provider_neutral_alias_and_scope_isolation_are_frozen" time="0.001" /><testcase classname="tests.test_gpu_status_corpus_oracle.GpuStatusCorpusOracleTests" name="test_selection_is_explicitly_curated_not_exhaustive" time="0.051" /><testcase classname="tests.test_gpu_status_corpus_oracle.GpuStatusCorpusOracleTests" name="test_trace_rows_remain_outside_product_acceptance" time="0.001" /><testcase classname="tests.test_historical_corpus.HistoricalCorpusUnitTests" name="test_audio_status_semantic_amendment_is_exact_and_read_only" time="3.427" /><testcase classname="tests.test_historical_corpus.HistoricalCorpusUnitTests" name="test_baxy_markdown_is_read_from_the_frozen_commit" time="0.284" /><testcase classname="tests.test_historical_corpus.HistoricalCorpusUnitTests" name="test_codex_extraction_accepts_append_after_frozen_prefix" time="0.039" /><testcase classname="tests.test_historical_corpus.HistoricalCorpusUnitTests" name="test_codex_extraction_fails_on_any_prefix_mismatch" time="0.021" /><testcase classname="tests.test_historical_corpus.HistoricalCorpusUnitTests" name="test_codex_extraction_fails_when_manifested_session_is_missing" time="0.002" /><testcase classname="tests.test_historical_corpus.HistoricalCorpusUnitTests" name="test_compound_steam_spotify_uses_composable_operations" time="0.001" /><testcase classname="tests.test_historical_corpus.HistoricalCorpusUnitTests" name="test_derived_reruns_consolidate_but_observed_turns_do_not" time="0.001" /><testcase classname="tests.test_historical_corpus.HistoricalCorpusUnitTests" name="test_direct_effect_denials_have_no_actionable_operation" time="0.004" /><testcase classname="tests.test_historical_corpus.HistoricalCorpusUnitTests" name="test_distinct_requirements_and_failures_do_not_overmerge" time="0.001" /><testcase classname="tests.test_historical_corpus.HistoricalCorpusUnitTests" name="test_engineering_instruction_is_not_a_user_tool" time="0.001" /><testcase classname="tests.test_historical_corpus.HistoricalCorpusUnitTests" name="test_frozen_hypothetical_occurrence_cannot_become_a_tool_call" time="0.003" /><testcase classname="tests.test_historical_corpus.HistoricalCorpusUnitTests" name="test_frozen_operation_override_oracle_has_no_silent_scope_growth" time="0.001" /><testcase classname="tests.test_historical_corpus.HistoricalCorpusUnitTests" name="test_game_management_is_distinct_from_web_install_and_launch" time="0.005" /><testcase classname="tests.test_historical_corpus.HistoricalCorpusUnitTests" name="test_generated_ledgers_do_not_feed_back_into_the_corpus" time="0.004" /><testcase classname="tests.test_historical_corpus.HistoricalCorpusUnitTests" name="test_manifest_bound_live_file_fails_closed_after_change" time="0.019" /><testcase classname="tests.test_historical_corpus.HistoricalCorpusUnitTests" name="test_manifest_payload_digest_is_validated" time="0.002" /><testcase classname="tests.test_historical_corpus.HistoricalCorpusUnitTests" name="test_normalize_removes_wake_word_and_accents" time="0.001" /><testcase classname="tests.test_historical_corpus.HistoricalCorpusUnitTests" name="test_ocr_implementation_guidance_is_not_an_empty_user_mission" time="0.002" /><testcase classname="tests.test_historical_corpus.HistoricalCorpusUnitTests" name="test_opening_steam_is_not_launching_a_game" time="0.004" /><testcase classname="tests.test_historical_corpus.HistoricalCorpusUnitTests" name="test_partial_denials_keep_only_authorized_operations" time="0.005" /><testcase classname="tests.test_historical_corpus.HistoricalCorpusUnitTests" name="test_polarity_rules_do_not_consume_unrelated_negation" time="0.009" /><testcase classname="tests.test_historical_corpus.HistoricalCorpusUnitTests" name="test_redaction_covers_windows_paths_and_credentials" time="0.001" /><testcase classname="tests.test_historical_corpus.HistoricalCorpusUnitTests" name="test_risk_is_proportional" time="0.002" /><testcase classname="tests.test_historical_corpus.HistoricalCorpusUnitTests" name="test_target_language_game_launch_and_install_oracles" time="7.090" /><testcase classname="tests.test_historical_corpus.HistoricalCorpusUnitTests" name="test_volume_assignment_is_not_media_playback" time="0.004" /><testcase classname="tests.test_historical_corpus.GeneratedCorpusContractTests" name="test_all_mapping_missions_exist" time="1.120" /><testcase classname="tests.test_historical_corpus.GeneratedCorpusContractTests" name="test_cutoff_manifest_binds_git_ignored_message_sources" time="0.189" /><testcase classname="tests.test_historical_corpus.GeneratedCorpusContractTests" name="test_every_canonical_mission_has_an_executable_acceptance_contract" time="0.106" /><testcase classname="tests.test_historical_corpus.GeneratedCorpusContractTests" name="test_every_message_maps_exactly_once" time="3.770" /><testcase classname="tests.test_historical_corpus.GeneratedCorpusContractTests" name="test_game_management_purchase_and_polarity_regressions_are_bound" time="4.250" /><testcase classname="tests.test_historical_corpus.GeneratedCorpusContractTests" name="test_no_user_mission_lacks_operations" time="2.405" /><testcase classname="tests.test_historical_corpus.GeneratedCorpusContractTests" name="test_regression_ledger_has_36_unique_structural_failures" time="0.002" /><testcase classname="tests.test_historical_corpus.GeneratedCorpusContractTests" name="test_report_has_no_unclassified_user_missions" time="5.289" /><testcase classname="tests.test_historical_corpus.GeneratedCorpusContractTests" name="test_schema_v2_carries_explicit_scope_and_denied_effects" time="7.819" /><testcase classname="tests.test_historical_corpus.GeneratedCorpusContractTests" name="test_semantic_amendment_binds_sources_and_regenerated_files" time="0.285" /><testcase classname="tests.test_historical_corpus.GeneratedCorpusContractTests" name="test_target_language_game_oracles_are_exact" time="4.925" /><testcase classname="tests.test_historical_corpus.GeneratedCorpusContractTests" name="test_versioned_literals_do_not_expose_absolute_user_paths" time="2.135" /><testcase classname="tests.test_legacy_audit_retirement" name="test_phrase_driven_fast_audit_remains_retired_and_documented" time="0.076" /><testcase classname="tests.test_legacy_audit_retirement" name="test_no_script_imports_the_retired_audit_or_phrase_deciders" time="0.014" /><testcase classname="tests.test_measure_turn_policy_v52_mtop_validation" name="test_input_snapshot_detects_same_size_replacement" time="0.065" /><testcase classname="tests.test_measure_turn_policy_v52_mtop_validation" name="test_missing_information_projection_opens_candidate_path" time="0.001" /><testcase classname="tests.test_measure_turn_policy_v52_mtop_validation" name="test_current_snapshot_rejects_prior_embedding_cache" time="0.001" /><testcase classname="tests.test_memory_corpus_oracle.MemoryCorpusOracleTests" name="test_canonical_cases_cover_every_positive_and_correction_once" time="2.328" /><testcase classname="tests.test_memory_corpus_oracle.MemoryCorpusOracleTests" name="test_declared_groups_have_exact_counts_and_digests" time="0.019" /><testcase classname="tests.test_memory_corpus_oracle.MemoryCorpusOracleTests" name="test_hard_negative_taxonomy_is_complete_and_machine_readable" time="0.001" /><testcase classname="tests.test_memory_corpus_oracle.MemoryCorpusOracleTests" name="test_oracle_is_bound_to_the_frozen_corpus_and_normalization" time="0.123" /><testcase classname="tests.test_memory_corpus_oracle.MemoryCorpusOracleTests" name="test_positive_union_has_stable_identity_and_no_cross_route_overlap" time="0.007" /><testcase classname="tests.test_memory_corpus_oracle.MemoryCorpusOracleTests" name="test_ttl_consent_and_inspection_contracts_reference_curated_rows" time="0.008" /><testcase classname="tests.test_mind_budget_gate" name="test_workload_uses_only_the_current_public_protocol" time="0.002" /><testcase classname="tests.test_mind_budget_gate" name="test_runtime_identity_attests_components_without_disclosing_paths" time="0.046" /><testcase classname="tests.test_mind_budget_gate" name="test_profile_deadlines_match_the_real_desktop_transport" time="0.001" /><testcase classname="tests.test_mind_budget_gate" name="test_all_explicit_runtime_does_not_depend_on_a_stale_manifest" time="0.017" /><testcase classname="tests.test_mind_budget_gate" name="test_default_core_candidates_prioritize_canonical_release_before_publish" time="0.004" /><testcase classname="tests.test_mind_budget_gate" name="test_discover_core_prefers_canonical_release_over_publish" time="0.014" /><testcase classname="tests.test_mind_budget_gate" name="test_discover_core_uses_publish_only_as_fallback" time="0.012" /><testcase classname="tests.test_mind_budget_gate" name="test_discover_core_explicit_path_overrides_default_candidates" time="0.009" /><testcase classname="tests.test_mind_budget_gate" name="test_discover_core_fails_clearly_when_release_outputs_do_not_exist" time="0.005" /><testcase classname="tests.test_mind_budget_gate" name="test_discover_core_fails_clearly_for_missing_explicit_path" time="0.006" /><testcase classname="tests.test_mind_budget_gate" name="test_core_catalog_probe_uses_and_cleans_a_private_baxy_profile" time="0.009" /><testcase classname="tests.test_mind_budget_gate" name="test_safe_argument_clarification_is_a_valid_bounded_result" time="0.001" /><testcase classname="tests.test_mind_budget_gate" name="test_argument_reply_must_preserve_the_authenticated_operation" time="0.001" /><testcase classname="tests.test_mind_budget_gate" name="test_process_gpu_attribution_ignores_unrelated_pids" time="0.001" /><testcase classname="tests.test_mind_budget_gate" name="test_cpu_gpu_check_uses_attributed_tree_not_noisy_global_delta" time="0.006" /><testcase classname="tests.test_mind_budget_gate" name="test_reply_validation_redacts_model_and_runtime_details" time="0.002" /><testcase classname="tests.test_mind_budget_gate" name="test_source_has_no_legacy_model_path_or_route_request" time="0.009" /><testcase classname="tests.test_mind_voice_runtime" name="test_wake_matcher_requires_a_leading_closed_alias" time="0.001" /><testcase classname="tests.test_mind_voice_runtime" name="test_extra_wake_alias_requires_explicit_calibration" time="0.001" /><testcase classname="tests.test_mind_voice_runtime" name="test_streaming_partial_is_non_authoritative" time="0.003" /><testcase classname="tests.test_mind_voice_runtime" name="test_streaming_worker_emits_partial_without_wake_detection" time="0.014" /><testcase classname="tests.test_mind_voice_runtime" name="test_acoustic_detector_uses_rolling_audio_and_debounce" time="0.074" /><testcase classname="tests.test_mind_voice_runtime" name="test_acoustic_detector_reset_clears_debounce_state" time="0.021" /><testcase classname="tests.test_mind_voice_runtime" name="test_acoustic_detector_fails_closed_for_nonfinite_score" time="0.019" /><testcase classname="tests.test_mind_voice_runtime" name="test_wake_manifest_rejects_modified_calibration_report" time="0.030" /><testcase classname="tests.test_mind_voice_runtime" name="test_wake_manifest_requires_calibration_unless_explicit_dev_override" time="0.032" /><testcase classname="tests.test_mind_voice_runtime" name="test_acoustic_worker_reports_hit_without_running_asr" time="0.023" /><testcase classname="tests.test_mind_voice_runtime" name="test_reset_invalidates_a_queued_acoustic_hit" time="0.063" /><testcase classname="tests.test_mind_voice_runtime" name="test_kws_worker_failure_turns_wake_mode_off" time="0.012" /><testcase classname="tests.test_mind_voice_runtime" name="test_wake_mode_refuses_to_claim_listening_without_kws" time="0.001" /><testcase classname="tests.test_mind_voice_runtime" name="test_stt_resolution_uses_registered_bundle_when_no_explicit_path" time="0.021" /><testcase classname="tests.test_mind_voice_runtime" name="test_streaming_bundle_requires_all_model_files" time="0.008" /><testcase classname="tests.test_mind_voice_runtime" name="test_streaming_first_pass_requires_an_explicit_rollout" time="0.001" /><testcase classname="tests.test_mind_voice_runtime" name="test_lexical_wake_fallback_requires_an_explicit_rollout" time="0.001" /><testcase classname="tests.test_mind_voice_runtime" name="test_acoustic_wake_emits_command_without_a_textual_wake_prefix" time="0.001" /><testcase classname="tests.test_mind_voice_runtime" name="test_lexical_fallback_ignores_ordinary_background_speech" time="0.001" /><testcase classname="tests.test_mind_voice_runtime" name="test_lexical_fallback_remains_a_compatibility_path" time="0.001" /><testcase classname="tests.test_mind_voice_runtime" name="test_acoustic_bare_wake_arms_exactly_one_followup" time="0.001" /><testcase classname="tests.test_mind_voice_runtime" name="test_direct_mode_never_requires_wake" time="0.001" /><testcase classname="tests.test_mind_voice_runtime" name="test_echo_guard_distinguishes_correlated_output_from_near_speech" time="0.017" /><testcase classname="tests.test_mind_voice_runtime" name="test_nlms_aec_reduces_a_delayed_reference" time="0.064" /><testcase classname="tests.test_mind_voice_runtime" name="test_tts_tail_grace_is_bounded" time="0.001" /><testcase classname="tests.test_mind_voice_runtime" name="test_tts_prefers_a_feminine_spanish_voice_over_a_masculine_one" time="0.001" /><testcase classname="tests.test_mind_voice_runtime" name="test_tts_assistant_markup_escapes_model_text_and_uses_calm_defaults" time="0.001" /><testcase classname="tests.test_mtop_turn_evidence" name="test_development_is_deterministic_and_does_not_read_test" time="0.195" /><testcase classname="tests.test_mtop_turn_evidence" name="test_development_rejects_a_member_changed_after_provenance_freeze" time="0.043" /><testcase classname="tests.test_mtop_turn_evidence" name="test_map_cannot_expand_baxy_capabilities" time="0.006" /><testcase classname="tests.test_mtop_turn_evidence" name="test_official_development_manifest_is_complete_and_portable" time="0.030" /><testcase classname="tests.test_mtop_turn_evidence" name="test_test_seal_is_deterministic_and_byte_only" time="0.069" /><testcase classname="tests.test_mtop_turn_evidence" name="test_official_test_seal_contains_only_opaque_identity" time="0.001" /><testcase classname="tests.test_mtop_turn_evidence" name="test_materialization_rejects_unlocked_protocol_before_zip_access" time="0.019" /><testcase classname="tests.test_mtop_turn_evidence" name="test_synthetic_test_materialization_requires_seal_and_is_one_shot" time="0.173" /><testcase classname="tests.test_mtop_turn_evidence" name="test_integrated_gate_keeps_rows_in_memory_and_blocks_alternate_output" time="0.175" /><testcase classname="tests.test_mtop_turn_evidence" name="test_integrated_gate_crash_burns_claim_without_persisting_rows" time="0.143" /><testcase classname="tests.test_planner.PlannerCatalogTests" name="test_exact_advisory_family_closes_without_manual_family_expansion" time="0.002" /><testcase classname="tests.test_planner.PlannerCatalogTests" name="test_historical_family_hint_prioritizes_but_never_hides_other_families" time="0.002" /><testcase classname="tests.test_planner.PlannerCatalogTests" name="test_literal_operation_leaf_cannot_be_crowded_out_of_large_family" time="0.002" /><testcase classname="tests.test_planner.PlannerCatalogTests" name="test_multilingual_cues_preserve_distinct_browser_and_media_operations" time="0.004" /><testcase classname="tests.test_planner.PlannerCatalogTests" name="test_private_internal_and_forbidden_tools_are_not_planable" time="0.001" /><testcase classname="tests.test_planner.PlannerCatalogTests" name="test_runtime_catalog_requires_closed_unique_core_capabilities" time="0.001" /><testcase classname="tests.test_planner.PlannerCatalogTests" name="test_runtime_planner_does_not_route_by_exact_utterance_equality" time="0.030" /><testcase classname="tests.test_planner.PlannerCatalogTests" name="test_semantic_retrieval_encodes_only_the_complete_unseen_objective" time="0.003" /><testcase classname="tests.test_planner.PlannerCatalogTests" name="test_shortlist_keeps_multiple_relevant_families_and_identity_dependency" time="0.001" /><testcase classname="tests.test_planner.PlannerContractTests" name="test_commit_requires_verified_prepare_dependency" time="0.001" /><testcase classname="tests.test_planner.PlannerContractTests" name="test_conversation_and_clarification_cannot_smuggle_steps" time="0.001" /><testcase classname="tests.test_planner.PlannerContractTests" name="test_deferred_plan_trusts_objective_and_verified_observations_only" time="0.001" /><testcase classname="tests.test_planner.PlannerContractTests" name="test_direct_argument_result_emits_only_the_normalized_object" time="0.002" /><testcase classname="tests.test_planner.PlannerContractTests" name="test_direct_argument_result_normalizes_or_asks_for_schema_fields" time="0.002" /><testcase classname="tests.test_planner.PlannerContractTests" name="test_literal_plan_purpose_cannot_launder_an_argument" time="0.002" /><testcase classname="tests.test_planner.PlannerContractTests" name="test_literal_strings_require_source_evidence_and_enum_identity" time="0.002" /><testcase classname="tests.test_planner.PlannerContractTests" name="test_new_office_document_read_is_bound_to_verified_create_identity" time="0.001" /><testcase classname="tests.test_planner.PlannerContractTests" name="test_opaque_ids_urls_and_steam_appids_require_canonical_evidence" time="0.002" /><testcase classname="tests.test_planner.PlannerContractTests" name="test_rejects_forward_reference_unknown_tool_and_deferred_root" time="0.002" /><testcase classname="tests.test_planner.PlannerContractTests" name="test_rejects_oversized_and_bidi_plans" time="0.001" /><testcase classname="tests.test_planner.PlannerContractTests" name="test_schema_validation_is_closed_and_bounded" time="0.001" /><testcase classname="tests.test_planner.PlannerContractTests" name="test_schema_validation_recurses_into_nested_objects" time="0.001" /><testcase classname="tests.test_planner.PlannerContractTests" name="test_start_menu_app_name_and_steam_appid_use_distinct_grounding" time="0.001" /><testcase classname="tests.test_planner.PlannerContractTests" name="test_technical_failures_are_machine_diagnostics_not_questions" time="0.001" /><testcase classname="tests.test_planner.PlannerContractTests" name="test_unresolved_arguments_come_from_schema_and_grounding" time="0.001" /><testcase classname="tests.test_planner.PlannerContractTests" name="test_unresolved_arguments_fail_closed_without_required_schema_fields" time="0.001" /><testcase classname="tests.test_planner.PlannerContractTests" name="test_valid_dag_materializes_only_literal_arguments" time="0.001" /><testcase classname="tests.test_planner.PlannerLlmBoundaryTests" name="test_argument_extraction_can_abstain_instead_of_inventing" time="0.001" /><testcase classname="tests.test_planner.PlannerLlmBoundaryTests" name="test_chat_does_not_repeat_the_current_user_turn_from_history" time="0.001" /><testcase classname="tests.test_planner.PlannerLlmBoundaryTests" name="test_chat_drops_tool_catalog_and_model_tool_calls" time="0.001" /><testcase classname="tests.test_planner.PlannerLlmBoundaryTests" name="test_chat_never_returns_an_empty_reply_after_bounded_retry" time="0.001" /><testcase classname="tests.test_planner.PlannerLlmBoundaryTests" name="test_chat_retries_one_empty_model_response" time="0.001" /><testcase classname="tests.test_planner.PlannerLlmBoundaryTests" name="test_cpu_fallback_explicitly_disables_every_gpu_offload_path" time="0.002" /><testcase classname="tests.test_planner.PlannerLlmBoundaryTests" name="test_dead_owned_llama_server_is_replaced_before_reuse" time="0.003" /><testcase classname="tests.test_planner.PlannerLlmBoundaryTests" name="test_direct_argument_contract_abstains_on_open_string_canonicalization" time="0.001" /><testcase classname="tests.test_planner.PlannerLlmBoundaryTests" name="test_direct_argument_contract_preserves_open_string_literal_and_provenance" time="0.001" /><testcase classname="tests.test_planner.PlannerLlmBoundaryTests" name="test_direct_argument_contract_rejects_malformed_fallback" time="0.001" /><testcase classname="tests.test_planner.PlannerLlmBoundaryTests" name="test_direct_argument_extraction_distinguishes_abstention_from_fault" time="0.001" /><testcase classname="tests.test_planner.PlannerLlmBoundaryTests" name="test_direct_argument_literal_provenance_follows_schema_order" time="0.001" /><testcase classname="tests.test_planner.PlannerLlmBoundaryTests" name="test_direct_argument_normalization_still_drops_ungrounded_optional_default" time="0.002" /><testcase classname="tests.test_planner.PlannerLlmBoundaryTests" name="test_direct_argument_optional_open_string_can_carry_provenance" time="0.001" /><testcase classname="tests.test_planner.PlannerLlmBoundaryTests" name="test_direct_boolean_rejection_uses_same_inference_fallback" time="0.001" /><testcase classname="tests.test_planner.PlannerLlmBoundaryTests" name="test_direct_empty_required_schema_has_one_semantic_attempt" time="0.001" /><testcase classname="tests.test_planner.PlannerLlmBoundaryTests" name="test_direct_fallback_rejects_internal_identifier_and_format_controls" time="0.002" /><testcase classname="tests.test_planner.PlannerLlmBoundaryTests" name="test_direct_prompt_requires_semantic_selection_not_just_a_quote" time="0.001" /><testcase classname="tests.test_planner.PlannerLlmBoundaryTests" name="test_direct_semantic_abstention_is_valid_and_not_retried" time="0.001" /><testcase classname="tests.test_planner.PlannerLlmBoundaryTests" name="test_external_llm_endpoint_is_loopback_only_and_needs_no_model_paths" time="0.004" /><testcase classname="tests.test_planner.PlannerLlmBoundaryTests" name="test_failed_llm_warmup_wakes_catalog_waiter_immediately" time="0.002" /><testcase classname="tests.test_planner.PlannerLlmBoundaryTests" name="test_full_turn_retry_changes_seed_without_relaxing_schema" time="0.001" /><testcase classname="tests.test_planner.PlannerLlmBoundaryTests" name="test_history_is_bounded_to_conversation_turns" time="0.001" /><testcase classname="tests.test_planner.PlannerLlmBoundaryTests" name="test_llm_process_start_is_lazy" time="0.007" /><testcase classname="tests.test_planner.PlannerLlmBoundaryTests" name="test_llm_uses_the_measured_one_slot_vram_profile" time="0.002" /><testcase classname="tests.test_planner.PlannerLlmBoundaryTests" name="test_llm_warmup_is_background_and_idempotent" time="0.001" /><testcase classname="tests.test_planner.PlannerLlmBoundaryTests" name="test_long_direct_literal_uses_exact_postvalidation" time="0.001" /><testcase classname="tests.test_planner.PlannerLlmBoundaryTests" name="test_missing_argument_clarification_rejects_field_drift_and_multi_question" time="0.002" /><testcase classname="tests.test_planner.PlannerLlmBoundaryTests" name="test_missing_argument_question_is_schema_grounded_and_llm_formulated" time="0.001" /><testcase classname="tests.test_planner.PlannerLlmBoundaryTests" name="test_model_http_can_disable_retry_for_one_inference_contract" time="0.002" /><testcase classname="tests.test_planner.PlannerLlmBoundaryTests" name="test_model_http_does_not_retry_contract_failure" time="0.002" /><testcase classname="tests.test_planner.PlannerLlmBoundaryTests" name="test_model_http_does_not_retry_non_transient_url_failure" time="0.002" /><testcase classname="tests.test_planner.PlannerLlmBoundaryTests" name="test_model_http_retries_one_transient_failure_within_deadline" time="0.002" /><testcase classname="tests.test_planner.PlannerLlmBoundaryTests" name="test_model_http_retries_transient_failure_only_once" time="0.001" /><testcase classname="tests.test_planner.PlannerLlmBoundaryTests" name="test_model_http_retries_transient_loopback_transport_failure" time="0.003" /><testcase classname="tests.test_planner.PlannerLlmBoundaryTests" name="test_model_http_timeout_is_bounded_and_request_budgeted" time="0.001" /><testcase classname="tests.test_planner.PlannerLlmBoundaryTests" name="test_plan_argument_batch_can_identify_one_unresolved_step" time="0.001" /><testcase classname="tests.test_planner.PlannerLlmBoundaryTests" name="test_plan_arguments_are_extracted_in_one_schema_constrained_batch" time="0.001" /><testcase classname="tests.test_planner.PlannerLlmBoundaryTests" name="test_request_attempt_is_capped_by_total_budget" time="0.001" /><testcase classname="tests.test_planner.PlannerLlmBoundaryTests" name="test_schema_planning_retries_one_malformed_no_effect_response" time="0.001" /><testcase classname="tests.test_planner.PlannerLlmBoundaryTests" name="test_visible_message_retries_when_required_options_are_dropped" time="0.001" /><testcase classname="tests.test_planner.PlannerLlmBoundaryTests" name="test_visible_messages_are_composed_by_the_llm_for_nontechnical_people" time="0.001" /><testcase classname="tests.test_planner.PlannerConsensusTests" name="test_structure_consensus_ignores_cosmetic_ids_but_not_dependencies" time="0.001" /><testcase classname="tests.test_planner.PlannerGroundingNormalizationTests" name="test_exact_null_and_const_null_contracts_remain_grounded" time="0.003" /><testcase classname="tests.test_planner.PlannerGroundingNormalizationTests" name="test_generic_string_accepts_complete_unicode_evidence" time="0.003" /><testcase classname="tests.test_planner.PlannerGroundingNormalizationTests" name="test_generic_string_rejects_partial_token_overlap" time="0.001" /><testcase classname="tests.test_planner.PlannerGroundingNormalizationTests" name="test_nullable_union_is_not_grounded_and_optional_null_is_removed" time="0.001" /><testcase classname="tests.test_planner.PlannerGroundingNormalizationTests" name="test_required_value_is_never_removed_to_force_acceptance" time="0.001" /><testcase classname="tests.test_planner.PlannerGroundingNormalizationTests" name="test_spanish_enum_aliases_ground_media_and_settings" time="0.001" /><testcase classname="tests.test_planner.PlannerGroundingNormalizationTests" name="test_ungrounded_optional_model_default_is_removed" time="0.001" /><testcase classname="tests.test_planner_corpus.PlannerCorpusContractTests" name="test_all_166_compounds_have_a_frozen_honest_classification" time="0.203" /><testcase classname="tests.test_planner_corpus.PlannerCorpusContractTests" name="test_every_historical_user_mission_is_accounted_once" time="0.027" /><testcase classname="tests.test_planner_corpus.PlannerCorpusContractTests" name="test_every_non_private_historical_family_has_a_public_planning_primitive" time="0.005" /><testcase classname="tests.test_planner_corpus.PlannerCorpusContractTests" name="test_full_audit_is_bound_to_the_exact_frozen_corpus" time="0.018" /><testcase classname="tests.test_planner_corpus.PlannerCorpusContractTests" name="test_full_audit_never_replays_private_or_contaminated_text" time="0.008" /><testcase classname="tests.test_planner_corpus.PlannerCorpusContractTests" name="test_historical_human_multipass_shape_is_frozen" time="0.004" /><testcase classname="tests.test_planner_corpus.PlannerCorpusContractTests" name="test_private_memory_compound_plans_remain_an_explicit_separate_boundary" time="0.004" /><testcase classname="tests.test_prepare_turn_policy_runtime_development" name="test_group_split_keeps_translations_and_exact_text_components_together" time="0.001" /><testcase classname="tests.test_prepare_turn_policy_runtime_development" name="test_conflicting_exact_text_is_rejected" time="0.001" /><testcase classname="tests.test_prepare_turn_policy_runtime_development" name="test_loader_rejects_any_heldout_row[validation]" time="0.049" /><testcase classname="tests.test_prepare_turn_policy_runtime_development" name="test_loader_rejects_any_heldout_row[test]" time="0.034" /><testcase classname="tests.test_prepare_turn_policy_runtime_development" name="test_build_is_deterministic_and_excludes_historical_rows" time="0.158" /><testcase classname="tests.test_product_packaging.ProductPackagingTests" name="test_alternate_data_stream_is_rejected" time="2.856" /><testcase classname="tests.test_product_packaging.ProductPackagingTests" name="test_alternate_data_stream_on_directory_is_rejected" time="2.275" /><testcase classname="tests.test_product_packaging.ProductPackagingTests" name="test_any_unmanifested_bytes_are_rejected_before_output_mutation" time="2.607" /><testcase classname="tests.test_product_packaging.ProductPackagingTests" name="test_case_insensitive_duplicate_manifest_path_is_rejected" time="2.315" /><testcase classname="tests.test_product_packaging.ProductPackagingTests" name="test_configuration_requires_canonical_casing" time="2.378" /><testcase classname="tests.test_product_packaging.ProductPackagingTests" name="test_data_schema_is_exact_integer_one" time="5.321" /><testcase classname="tests.test_product_packaging.ProductPackagingTests" name="test_detached_head_snapshot_is_exact_and_cleanup_removes_it" time="3.824" /><testcase classname="tests.test_product_packaging.ProductPackagingTests" name="test_dirty_build_needs_explicit_development_override" time="5.076" /><testcase classname="tests.test_product_packaging.ProductPackagingTests" name="test_external_digest_detects_package_tamper" time="2.522" /><testcase classname="tests.test_product_packaging.ProductPackagingTests" name="test_native_aot_linker_uses_reproducible_pe_metadata" time="0.230" /><testcase classname="tests.test_product_packaging.ProductPackagingTests" name="test_package_is_byte_reproducible_and_self_verifying" time="4.633" /><testcase classname="tests.test_product_packaging.ProductPackagingTests" name="test_payload_missing_a_reviewed_native_companion_is_rejected" time="1.852" /><testcase classname="tests.test_product_packaging.ProductPackagingTests" name="test_product_capture_removes_its_private_runtime_tree" time="0.227" /><testcase classname="tests.test_product_packaging.ProductPackagingTests" name="test_release_build_rejects_dirty_tree_before_mutating_output" time="1.861" /><testcase classname="tests.test_product_packaging.ProductPackagingTests" name="test_release_dirty_rejection_is_independent_of_callers_cwd" time="1.983" /><testcase classname="tests.test_product_packaging.ProductPackagingTests" name="test_scripts_keep_product_payload_policy_explicit" time="0.360" /><testcase classname="tests.test_product_packaging.ProductPackagingTests" name="test_semver_rejects_numeric_prerelease_leading_zero" time="2.045" /><testcase classname="tests.test_product_packaging.ProductPackagingTests" name="test_semver_rejects_trailing_newline" time="1.585" /><testcase classname="tests.test_product_packaging.ProductPackagingTests" name="test_sendinput_script_uses_the_complete_native_input_union" time="0.192" /><testcase classname="tests.test_product_packaging.ProductPackagingTests" name="test_unmanifested_debug_symbols_are_rejected_before_output_mutation" time="3.397" /><testcase classname="tests.test_product_packaging.ProductPackagingTests" name="test_unsafe_manifest_path_is_rejected" time="1.617" /><testcase classname="tests.test_product_packaging.ProductPackagingTests" name="test_validated_manifest_bytes_remain_immutable_after_path_changes" time="1.796" /><testcase classname="tests.test_product_packaging.ProductPackagingTests" name="test_zip_inspector_rejects_noncanonical_central_metadata" time="4.211" /><testcase classname="tests.test_public_turn_corpus" name="test_presto_adapter_keeps_only_mapped_standalone_locales" time="0.021" /><testcase classname="tests.test_public_turn_corpus" name="test_massive_adapter_honors_partition_and_localized_quality" time="0.019" /><testcase classname="tests.test_public_turn_corpus" name="test_reviewed_source_maps_cannot_introduce_a_baxy_family" time="0.037" /><testcase classname="tests.test_public_turn_corpus" name="test_promoted_runtime_corpus_is_large_but_contains_only_evidence_fields" time="0.287" /><testcase classname="tests.test_public_turn_corpus" name="test_promoted_holdout_has_no_exact_text_seen_by_runtime" time="0.974" /><testcase classname="tests.test_public_turn_corpus" name="test_promotion_manifest_is_portable_and_does_not_leak_local_paths" time="0.002" /><testcase classname="tests.test_router.ProcessIntentRouterReadinessTests" name="test_cold_worker_can_be_observed_without_blocking_or_failing" time="0.002" /><testcase classname="tests.test_router.ProcessIntentRouterReadinessTests" name="test_encode_uses_strictly_monotonic_request_ids" time="0.110" /><testcase classname="tests.test_router.ProcessIntentRouterReadinessTests" name="test_error_or_invalid_embedding_response_fails_closed" time="0.002" /><testcase classname="tests.test_router.ProcessIntentRouterReadinessTests" name="test_invalid_ready_message_permanently_retires_channel" time="0.001" /><testcase classname="tests.test_router.ProcessIntentRouterReadinessTests" name="test_mismatched_reply_retires_channel_and_expected_reply_stays_stale" time="0.001" /><testcase classname="tests.test_router.ProcessIntentRouterReadinessTests" name="test_production_worker_cannot_route_any_phrase" time="0.001" /><testcase classname="tests.test_router.ProcessIntentRouterReadinessTests" name="test_readiness_probe_does_not_wait_past_busy_channel" time="0.011" /><testcase classname="tests.test_router.ProcessIntentRouterReadinessTests" name="test_timeout_retires_channel_and_late_reply_is_never_reused" time="0.013" /><testcase classname="tests.test_router.ProcessIntentRouterReadinessTests" name="test_try_encode_never_raises_and_default_encode_timeout_is_finite" time="0.001" /><testcase classname="tests.test_router.ProcessIntentRouterReadinessTests" name="test_worker_echoes_request_ids_and_rejects_unbound_requests" time="0.001" /><testcase classname="tests.test_router.IntentRouterBatchTests" name="test_frozen_pool_loads_only_for_the_exact_bank" time="0.082" /><testcase classname="tests.test_router.IntentRouterBatchTests" name="test_intent_router_loads_only_the_pinned_local_revision" time="0.020" /><testcase classname="tests.test_router.IntentRouterBatchTests" name="test_offline_router_decision_depends_only_on_semantic_pool" time="0.004" /><testcase classname="tests.test_router.IntentRouterBatchTests" name="test_route_many_preserves_single_route_decisions_in_bounded_batches" time="0.006" /><testcase classname="tests.test_router.IntentRouterBatchTests" name="test_route_many_rejects_invalid_batch_size_and_accepts_empty_input" time="0.002" /><testcase classname="tests.test_router.IntentRouterBatchTests" name="test_semantic_encoder_has_no_routing_api" time="0.001" /><testcase classname="tests.test_router.IntentRouterBatchTests" name="test_snapshot_manifest_is_portable_and_content_bound" time="0.049" /><testcase classname="tests.test_router.IntentRouterBatchTests" name="test_snapshot_resolution_is_exact_local_memoized_and_fail_closed" time="0.693" /><testcase classname="tests.test_runtime_gate_launchers" name="test_llm_gate_launchers_share_fail_closed_runtime_resolution" time="0.001" /><testcase classname="tests.test_runtime_gate_launchers" name="test_llm_gate_launchers_have_no_repository_legacy_model_default" time="0.001" /><testcase classname="tests.test_runtime_gate_launchers" name="test_shared_resolver_requires_registered_or_all_explicit_components" time="0.001" /><testcase classname="tests.test_runtime_gate_launchers" name="test_mind_shell_gate_replaces_all_canonical_artifacts_atomically" time="0.001" /><testcase classname="tests.test_skill_registry" name="test_every_shipped_skill_is_closed_over_the_public_catalog" time="0.013" /><testcase classname="tests.test_skill_registry" name="test_retrieval_requires_tool_overlap_and_prompt_is_bounded" time="0.001" /><testcase classname="tests.test_skill_registry" name="test_explicit_skill_trigger_filters_semantically_unrelated_visible_skills" time="0.001" /><testcase classname="tests.test_skill_registry" name="test_lexical_retrieval_derives_common_and_rare_terms_from_its_corpus" time="0.001" /><testcase classname="tests.test_skill_registry" name="test_skill_retrieval_has_no_manual_stopword_or_trigger_vocabulary" time="0.028" /><testcase classname="tests.test_skill_registry" name="test_skill_cannot_smuggle_unknown_or_private_operations" time="0.001" /><testcase classname="tests.test_skill_registry" name="test_skill_parser_rejects_unknown_metadata_and_folder_mismatch" time="0.031" /><testcase classname="tests.test_technology_tournament.FrozenTournamentContractTests" name="test_cases_are_unique_and_cover_the_fixed_suite" time="0.075" /><testcase classname="tests.test_technology_tournament.FrozenTournamentContractTests" name="test_packaged_variants_pass_the_same_contract_and_are_self_describing" time="0.047" /><testcase classname="tests.test_technology_tournament.FrozenTournamentContractTests" name="test_protocol_was_frozen_before_measurement_and_weights_sum_to_100" time="0.001" /><testcase classname="tests.test_technology_tournament.FrozenTournamentContractTests" name="test_rejected_pre_gate_run_is_preserved_as_distinct_evidence" time="0.020" /><testcase classname="tests.test_technology_tournament.FrozenTournamentContractTests" name="test_results_bind_the_exact_protocol_cases_and_harness" time="0.002" /><testcase classname="tests.test_technology_tournament.FrozenTournamentContractTests" name="test_scorecard_is_derived_and_promotion_obeys_the_frozen_rule" time="0.002" /><testcase classname="tests.test_technology_tournament.FrozenTournamentContractTests" name="test_three_contenders_pass_all_functional_repetitions_and_workspace_gate" time="0.002" /><testcase classname="tests.test_technology_tournament.RoundBFinalScorecardTests" name="test_all_finalist_raw_inputs_bind_current_harnesses_and_contracts" time="0.338" /><testcase classname="tests.test_technology_tournament.RoundBFinalScorecardTests" name="test_complete_official_wpf_tree_matches_both_reproducible_trees" time="2.419" /><testcase classname="tests.test_technology_tournament.RoundBFinalScorecardTests" name="test_finalist_network_observers_are_fail_closed_and_empty" time="0.004" /><testcase classname="tests.test_technology_tournament.RoundBFinalScorecardTests" name="test_keyboard_evidence_covers_complete_seven_control_cycles" time="0.002" /><testcase classname="tests.test_technology_tournament.RoundBFinalScorecardTests" name="test_malformed_transport_is_real_redacted_and_recovers_in_process" time="0.002" /><testcase classname="tests.test_technology_tournament.RoundBFinalScorecardTests" name="test_only_numbered_final_runs_feed_round_b_scores" time="0.024" /><testcase classname="tests.test_technology_tournament.RoundBFinalScorecardTests" name="test_package_alias_ads_and_unique_launch_count_are_explicit" time="0.001" /><testcase classname="tests.test_technology_tournament.RoundBFinalScorecardTests" name="test_pareto_winner_and_webview_rejections_are_preserved" time="0.002" /><testcase classname="tests.test_technology_tournament.RoundBFinalScorecardTests" name="test_reproducibility_and_supply_chain_bind_official_hashes" time="0.050" /><testcase classname="tests.test_technology_tournament.RoundBFinalScorecardTests" name="test_round_b_has_complete_conservative_100_point_cells" time="0.001" /><testcase classname="tests.test_technology_tournament.RoundBFinalScorecardTests" name="test_same_host_reproducibility_is_scored_conservatively_one_of_two" time="0.001" /><testcase classname="tests.test_tool_recovery_census" name="test_archaeology_inventory_and_frozen_census_cover_each_family_once" time="0.028" /><testcase classname="tests.test_tool_recovery_census" name="test_fable_v2_boundary_forbids_planning_inside_tools" time="0.012" /><testcase classname="tests.test_turn_evidence" name="test_corpus_loader_filters_private_noncanonical_and_ambiguous_rows" time="0.017" /><testcase classname="tests.test_turn_evidence" name="test_training_split_is_stable_and_never_leaks_a_mission" time="0.001" /><testcase classname="tests.test_turn_evidence" name="test_promoted_record_requires_provenance_and_preserves_upstream_holdout" time="0.016" /><testcase classname="tests.test_turn_evidence" name="test_retrieval_prefers_candidate_family_and_diversifies_missions" time="0.001" /><testcase classname="tests.test_turn_evidence" name="test_semantic_score_outranks_candidate_family_hint" time="0.001" /><testcase classname="tests.test_turn_evidence" name="test_candidate_families_are_a_diverse_broad_union_without_mode_authority" time="0.001" /><testcase classname="tests.test_turn_evidence" name="test_candidate_families_use_only_canonical_public_train_records" time="0.001" /><testcase classname="tests.test_turn_evidence" name="test_candidate_expansion_is_identical_when_evidence_retrieval_is_disabled" time="0.005" /><testcase classname="tests.test_turn_evidence" name="test_confidence_summarizes_score_margin_agreement_and_entropy" time="0.002" /><testcase classname="tests.test_turn_evidence" name="test_retrieval_abstains_without_policy_or_when_confidence_is_low" time="0.001" /><testcase classname="tests.test_turn_evidence" name="test_loader_rejects_legacy_policy_that_could_promote_action" time="0.015" /><testcase classname="tests.test_turn_evidence" name="test_cache_is_bound_to_encoder_identity_and_detects_corruption" time="0.094" /><testcase classname="tests.test_turn_evidence_encoder_gate" name="test_report_paths_are_portable" time="0.002" /><testcase classname="tests.test_turn_evidence_encoder_gate" name="test_batch_knn_scores_all_rows_and_beats_empirical_prior" time="0.003" /><testcase classname="tests.test_turn_evidence_encoder_gate" name="test_calibration_uses_validation_only_and_abstains_on_low_confidence" time="0.052" /><testcase classname="tests.test_turn_evidence_encoder_gate" name="test_zero_sample_wilson_bound_cannot_claim_safety" time="0.001" /><testcase classname="tests.test_turn_evidence_encoder_gate" name="test_scientific_gate_defaults_are_frozen_before_test_measurement" time="0.002" /><testcase classname="tests.test_turn_evidence_final_seal" name="test_seal_uses_only_ids_and_is_reproducible" time="0.017" /><testcase classname="tests.test_turn_evidence_final_seal_reset" name="test_selective_parser_never_decodes_opaque_test_values" time="0.013" /><testcase classname="tests.test_turn_evidence_final_seal_reset" name="test_blind_reset_is_reproducible_and_disjoint" time="0.037" /><testcase classname="tests.test_turn_evidence_final_seal_reset" name="test_reset_rejects_unaccounted_contamination" time="0.019" /><testcase classname="tests.test_turn_evidence_final_seal_reset" name="test_production_rule_is_cryptographically_predeclared" time="0.001" /><testcase classname="tests.test_turn_evidence_final_seal_reset" name="test_versioned_v2_seal_matches_blind_rebuild_and_incident_audit" time="0.599" /><testcase classname="tests.test_turn_evidence_final_seal_v3" name="test_failed_report_parser_decodes_only_case_ids" time="0.040" /><testcase classname="tests.test_turn_evidence_final_seal_v3" name="test_failed_report_parser_rejects_trailing_or_invalid_structure" time="0.016" /><testcase classname="tests.test_turn_evidence_final_seal_v3" name="test_v3_rule_is_cryptographically_predeclared" time="0.001" /><testcase classname="tests.test_turn_evidence_final_seal_v3" name="test_versioned_v3_seal_matches_blind_rebuild" time="0.660" /><testcase classname="tests.test_turn_evidence_final_seal_v3" name="test_v3_rebuild_rejects_changed_failed_attempt_bytes" time="0.021" /><testcase classname="tests.test_turn_evidence_final_seal_v3" name="test_journal_validation_rejects_duplicate_or_unselected_pairs" time="0.001" /><testcase classname="tests.test_turn_evidence_final_seal_v3" name="test_journal_validation_rejects_fingerprint_mismatch" time="0.001" /><testcase classname="tests.test_turn_evidence_final_seal_v3" name="test_v3_rebuild_rejects_changed_v2_predecessor" time="0.685" /><testcase classname="tests.test_turn_evidence_final_seal_v3" name="test_linear_policy_remains_bound_to_v2_not_v3" time="0.002" /><testcase classname="tests.test_turn_evidence_final_seal_v4" name="test_v4_rule_is_cryptographically_predeclared" time="0.001" /><testcase classname="tests.test_turn_evidence_final_seal_v4" name="test_v4_derivation_is_reproducible_and_partitions_v3_reserve" time="1.780" /><testcase classname="tests.test_turn_evidence_final_seal_v4" name="test_v4_binds_the_preserved_v3_attempt" time="0.001" /><testcase classname="tests.test_turn_evidence_final_seal_v4" name="test_report_parsers_leave_expected_payloads_opaque" time="0.031" /><testcase classname="tests.test_turn_evidence_final_seal_v4" name="test_report_parser_rejects_trailing_structure" time="0.022" /><testcase classname="tests.test_turn_evidence_final_seal_v4" name="test_journal_validation_skips_opaque_model_reply" time="0.001" /><testcase classname="tests.test_turn_evidence_final_seal_v4" name="test_journal_validation_rejects_fingerprint_mismatch" time="0.001" /><testcase classname="tests.test_turn_evidence_final_seal_v4" name="test_v4_rejects_changed_v3_attempt_bytes" time="0.021" /><testcase classname="tests.test_turn_evidence_final_seal_v4" name="test_v4_rejects_mutated_v3_seal" time="0.020" /><testcase classname="tests.test_turn_evidence_final_seal_v4" name="test_linear_probe_policy_remains_bound_to_v2" time="0.001" /><testcase classname="tests.test_turn_evidence_final_seal_v4" name="test_v4_seal_contains_no_case_or_model_payloads" time="0.001" /><testcase classname="tests.test_turn_linear_probe_gate" name="test_parser_defaults_to_blind_v2_and_v1_predecessor" time="0.001" /><testcase classname="tests.test_turn_linear_probe_gate" name="test_linear_gate_rebuilds_canonical_v2_manifest_blindly" time="0.590" /><testcase classname="tests.test_turn_linear_probe_gate" name="test_linear_gate_rejects_mutated_v2_manifest" time="0.536" /><testcase classname="tests.test_turn_linear_probe_gate" name="test_validation_loader_does_not_decode_unselected_test_payload" time="0.015" /><testcase classname="tests.test_turn_linear_probe_gate" name="test_balanced_linear_probe_and_temperature_are_deterministic" time="7.716" /><testcase classname="tests.test_turn_linear_probe_gate" name="test_one_sided_threshold_can_only_emit_conversation" time="0.002" /><testcase classname="tests.test_turn_linear_probe_gate" name="test_family_abstention_meets_precision_without_hiding_recall" time="0.002" /><testcase classname="tests.test_turn_linear_probe_gate" name="test_hybrid_conversation_selector_rejects_probe_false_positives" time="0.014" /><testcase classname="tests.test_turn_policy" name="test_side_effect_free_turn_retries_one_transient_failure" time="0.001" /><testcase classname="tests.test_turn_policy" name="test_side_effect_free_turn_retry_is_strictly_bounded" time="0.001" /><testcase classname="tests.test_turn_policy" name="test_side_effect_free_turn_assigns_each_logical_attempt" time="0.001" /><testcase classname="tests.test_turn_policy" name="test_turn_attempt_and_recovery_budgets_fit_desktop_transport_sla" time="0.001" /><testcase classname="tests.test_turn_policy" name="test_turn_decision_is_the_only_public_open_conversation_request" time="0.002" /><testcase classname="tests.test_turn_policy" name="test_catalog_warmup_must_succeed_before_ready_is_promised" time="0.001" /><testcase classname="tests.test_turn_policy" name="test_initial_planner_resources_do_not_touch_optional_encoder" time="0.001" /><testcase classname="tests.test_turn_policy" name="test_failed_turn_recovers_with_candidate_free_semantic_question" time="0.001" /><testcase classname="tests.test_turn_policy" name="test_failed_turn_recovery_uses_one_model_call_then_protocol_floor" time="0.001" /><testcase classname="tests.test_turn_policy" name="test_failed_turn_protocol_fallback_has_zero_action_authority[es-\xbfPuedes explicar con un poco m\xe1s de detalle qu\xe9 quieres?]" time="0.001" /><testcase classname="tests.test_turn_policy" name="test_failed_turn_protocol_fallback_has_zero_action_authority[en-Could you describe in a little more detail what you want?]" time="0.001" /><testcase classname="tests.test_turn_policy" name="test_failed_turn_protocol_fallback_is_total_without_language_model" time="0.001" /><testcase classname="tests.test_turn_policy" name="test_turn_policy_receives_context_and_only_retrieved_candidates" time="0.001" /><testcase classname="tests.test_turn_policy" name="test_turn_policy_primary_inference_is_identical_with_or_without_evidence" time="0.001" /><testcase classname="tests.test_turn_policy" name="test_candidate_free_guard_payload_is_identical_with_or_without_evidence" time="0.001" /><testcase classname="tests.test_turn_policy" name="test_effect_observation_can_trigger_closed_catalog_reanalysis" time="0.001" /><testcase classname="tests.test_turn_policy" name="test_effect_reanalysis_abstains_when_no_candidate_satisfies_scope" time="0.001" /><testcase classname="tests.test_turn_policy" name="test_turn_policy_deduplicates_current_user_turn_from_shell_history" time="0.001" /><testcase classname="tests.test_turn_policy" name="test_turn_canonicalization_discards_only_mode_inapplicable_fields[raw0-expected0]" time="0.001" /><testcase classname="tests.test_turn_policy" name="test_turn_canonicalization_discards_only_mode_inapplicable_fields[raw1-expected1]" time="0.001" /><testcase classname="tests.test_turn_policy" name="test_turn_canonicalization_discards_only_mode_inapplicable_fields[raw2-expected2]" time="0.001" /><testcase classname="tests.test_turn_policy" name="test_turn_canonicalization_discards_only_mode_inapplicable_fields[raw3-expected3]" time="0.001" /><testcase classname="tests.test_turn_policy" name="test_turn_canonicalization_discards_only_mode_inapplicable_fields[raw4-expected4]" time="0.001" /><testcase classname="tests.test_turn_policy" name="test_turn_canonicalization_never_repairs_action_authority" time="0.001" /><testcase classname="tests.test_turn_policy" name="test_live_protocol_does_not_call_legacy_phrase_deciders" time="0.002" /><testcase classname="tests.test_turn_policy" name="test_turn_contract_accepts_only_mode_and_catalog_evidence[raw0-candidates0-conversation]" time="0.001" /><testcase classname="tests.test_turn_policy" name="test_turn_contract_accepts_only_mode_and_catalog_evidence[raw1-candidates1-action]" time="0.001" /><testcase classname="tests.test_turn_policy" name="test_turn_contract_accepts_only_mode_and_catalog_evidence[raw2-candidates2-action]" time="0.001" /><testcase classname="tests.test_turn_policy" name="test_turn_contract_accepts_only_mode_and_catalog_evidence[raw3-candidates3-action]" time="0.001" /><testcase classname="tests.test_turn_policy" name="test_turn_contract_accepts_only_mode_and_catalog_evidence[raw4-candidates4-plan]" time="0.001" /><testcase classname="tests.test_turn_policy" name="test_turn_contract_accepts_only_mode_and_catalog_evidence[raw5-candidates5-plan]" time="0.001" /><testcase classname="tests.test_turn_policy" name="test_relevance_check_can_only_remove_direct_action_authority" time="0.001" /><testcase classname="tests.test_turn_policy" name="test_recovered_action_keeps_independently_verified_authority" time="0.001" /><testcase classname="tests.test_turn_policy" name="test_action_grounding_gate_preserves_only_arguments_backed_by_user_text" time="0.001" /><testcase classname="tests.test_turn_policy" name="test_effect_guard_can_only_change_conversation_presentation_to_unsupported" time="0.001" /><testcase classname="tests.test_turn_policy" name="test_turn_contract_fails_closed_on_invalid_semantics[raw0]" time="0.001" /><testcase classname="tests.test_turn_policy" name="test_turn_contract_fails_closed_on_invalid_semantics[raw1]" time="0.001" /><testcase classname="tests.test_turn_policy" name="test_turn_contract_fails_closed_on_invalid_semantics[raw2]" time="0.001" /><testcase classname="tests.test_turn_policy" name="test_turn_contract_fails_closed_on_invalid_semantics[raw3]" time="0.001" /><testcase classname="tests.test_turn_policy" name="test_turn_contract_fails_closed_on_invalid_semantics[raw4]" time="0.001" /><testcase classname="tests.test_turn_policy" name="test_turn_chat_receives_closed_policy_without_catalog_or_evidence" time="0.001" /><testcase classname="tests.test_turn_policy" name="test_turn_chat_rejects_unknown_internal_conversation_kind" time="0.001" /><testcase classname="tests.test_turn_policy" name="test_turn_chat_rejects_unknown_internal_response_language" time="0.001" /><testcase classname="tests.test_turn_policy" name="test_candidate_free_count_mismatch_never_rewrites_primary_effects" time="0.001" /><testcase classname="tests.test_turn_policy" name="test_candidate_free_multiple_signal_only_forces_independent_replanning" time="0.001" /><testcase classname="tests.test_turn_policy" name="test_only_an_independent_one_can_reject_a_multiple_signal[zero-plan]" time="0.001" /><testcase classname="tests.test_turn_policy" name="test_only_an_independent_one_can_reject_a_multiple_signal[one-action]" time="0.001" /><testcase classname="tests.test_turn_policy" name="test_independent_multiple_count_vetoes_every_primary_action" time="0.001" /><testcase classname="tests.test_turn_policy" name="test_unresolved_reference_beats_unreliable_guard_cardinality" time="0.001" /><testcase classname="tests.test_turn_policy" name="test_required_argument_needs_independent_contract_compatibility" time="0.001" /><testcase classname="tests.test_turn_policy" name="test_one_sided_conversation_veto_precedes_argument_grounding" time="0.001" /><testcase classname="tests.test_turn_policy" name="test_context_dependent_action_is_conservatively_clarified" time="0.001" /><testcase classname="tests.test_turn_policy" name="test_incomplete_compound_plan_loses_all_effect_authority" time="0.001" /><testcase classname="tests.test_turn_policy" name="test_complete_operation_without_arguments_preserves_primary_action" time="0.001" /><testcase classname="tests.test_turn_policy" name="test_malformed_semantic_guard_never_preserves_effect_authority[None]" time="0.001" /><testcase classname="tests.test_turn_policy" name="test_malformed_semantic_guard_never_preserves_effect_authority[guard_raw1]" time="0.003" /><testcase classname="tests.test_turn_policy" name="test_malformed_semantic_guard_never_preserves_effect_authority[guard_raw2]" time="0.001" /><testcase classname="tests.test_turn_policy" name="test_malformed_semantic_guard_never_preserves_effect_authority[guard_raw3]" time="0.001" /><testcase classname="tests.test_turn_policy" name="test_malformed_semantic_guard_never_preserves_effect_authority[guard_raw4]" time="0.001" /><testcase classname="tests.test_turn_policy" name="test_malformed_semantic_guard_never_preserves_effect_authority[guard_raw5]" time="0.003" /><testcase classname="tests.test_turn_policy" name="test_turn_candidates_require_an_authenticated_argument_schema" time="0.001" /><testcase classname="tests.test_turn_policy" name="test_turn_candidate_field_contract_matches_sidecar_schema_names" time="0.001" /><testcase classname="tests.test_turn_policy" name="test_one_sided_evidence_only_vetoes_final_effect_modes[primary0-history0--0.25-knowledge]" time="0.001" /><testcase classname="tests.test_turn_policy" name="test_one_sided_evidence_only_vetoes_final_effect_modes[primary1-history1-0.88-followup]" time="0.001" /><testcase classname="tests.test_turn_policy" name="test_invalid_conversation_evidence_abstains_fail_closed[invalid_card0]" time="0.002" /><testcase classname="tests.test_turn_policy" name="test_invalid_conversation_evidence_abstains_fail_closed[invalid_card1]" time="0.001" /><testcase classname="tests.test_turn_policy" name="test_invalid_conversation_evidence_abstains_fail_closed[invalid_card2]" time="0.001" /><testcase classname="tests.test_turn_policy" name="test_invalid_conversation_evidence_abstains_fail_closed[invalid_card3]" time="0.001" /><testcase classname="tests.test_turn_policy" name="test_invalid_conversation_evidence_abstains_fail_closed[invalid_card4]" time="0.001" /><testcase classname="tests.test_turn_policy" name="test_invalid_conversation_evidence_abstains_fail_closed[invalid_card5]" time="0.001" /><testcase classname="tests.test_turn_policy" name="test_invalid_conversation_evidence_abstains_fail_closed[invalid_card6]" time="0.001" /><testcase classname="tests.test_turn_policy" name="test_invalid_conversation_evidence_abstains_fail_closed[invalid_card7]" time="0.001" /><testcase classname="tests.test_turn_policy" name="test_invalid_conversation_evidence_abstains_fail_closed[invalid_card8]" time="0.001" /><testcase classname="tests.test_turn_policy" name="test_invalid_conversation_evidence_abstains_fail_closed[invalid_card9]" time="0.001" /><testcase classname="tests.test_turn_policy" name="test_invalid_conversation_evidence_abstains_fail_closed[invalid_card10]" time="0.001" /><testcase classname="tests.test_turn_policy" name="test_invalid_conversation_evidence_abstains_fail_closed[invalid_card11]" time="0.001" /><testcase classname="tests.test_turn_policy" name="test_one_sided_evidence_cannot_promote_a_non_effect_turn" time="0.001" /><testcase classname="tests.test_turn_policy" name="test_candidate_free_guard_ignores_reported_cardinality" time="0.001" /><testcase classname="tests.test_turn_policy" name="test_candidate_free_guard_schema_contains_no_operation_authority" time="0.001" /><testcase classname="tests.test_turn_policy" name="test_language_detection_is_candidate_free_and_history_free" time="0.001" /><testcase classname="tests.test_turn_policy" name="test_turn_failure_clarification_is_candidate_free_and_schema_closed" time="0.003" /><testcase classname="tests.test_turn_policy" name="test_turn_failure_clarification_rejects_non_question_shapes[]" time="0.001" /><testcase classname="tests.test_turn_policy" name="test_turn_failure_clarification_rejects_non_question_shapes[No es una pregunta.]" time="0.001" /><testcase classname="tests.test_turn_policy" name="test_turn_failure_clarification_rejects_non_question_shapes[\xbfUna? \xbfDos?]" time="0.001" /><testcase classname="tests.test_turn_policy" name="test_turn_failure_clarification_rejects_non_question_shapes[xxxxxxxxxxxxxxxxxxxxxxxxxxxxxxxxxxxxxxxxxxxxxxxxxxxxxxxxxxxxxxxxxxxxxxxxxxxxxxxxxxxxxxxxxxxxxxxxxxxxxxxxxxxxxxxxxxxxxxxxxxxxxxxxxxxxxxxxxxxxxxxxxxxxxxxxxxxxxxxxxxxxxxxxxxxxxxxxxxxxxxxxxxxxxxxxxxxxxxxxxxxxxxxxxxxxxxxxxxxxxxxxxxxxxxxxxxxxxxxxxxxxxxxxxxxxxxxxxxxxxxxxxxxxxxxxxxxxxxxxxxxxxxxxxxxxxxxxxxxxxxxxxxxxxxxxxxxxxxxxxxxxxxxxxxxxxxxxxxxxxxxxxxxxxxxxxxxxxxxxxxxxxxxxxxxxxxxxxxxxxxxxxxxxxxxxxxxxxxxxxxxxxxxxxxxxxxxxxxxxxxxxxxxxxxxxxxxxxxxxxxxxxxxxxxxxxxxxxxxxxxxxxxxxxxxxxxxxxxxxxxxxxxxxxxxxxxxxxxxxxxxxxxxxxxxx?]" time="0.001" /><testcase classname="tests.test_turn_policy" name="test_turn_failure_clarification_rejects_non_question_shapes[ \xbfCon espacio?]" time="0.001" /><testcase classname="tests.test_turn_policy" name="test_turn_failure_clarification_rejects_non_question_shapes[\xbfCon salto?\n]" time="0.001" /><testcase classname="tests.test_turn_policy" name="test_turn_failure_clarification_rejects_non_question_shapes[\xbfCon control\x01?]" time="0.001" /><testcase classname="tests.test_turn_policy" name="test_conversation_guard_abstains_and_followup_chat_anchors_context" time="0.001" /><testcase classname="tests.test_turn_policy" name="test_followup_offer_is_native_history_not_serialized_user_data" time="0.001" /><testcase classname="tests.test_turn_policy" name="test_context_resolution_falls_back_from_an_exact_history_echo" time="0.001" /><testcase classname="tests.test_turn_policy" name="test_context_resolution_can_answer_a_new_topic_without_forcing_anchor" time="0.001" /><testcase classname="tests.test_turn_policy_e5_development" name="test_loaders_keep_only_reviewed_development_evidence" time="0.008" /><testcase classname="tests.test_turn_policy_e5_development" name="test_supported_intent_cannot_be_forged_as_mapped_ood" time="0.027" /><testcase classname="tests.test_turn_policy_e5_development" name="test_unlisted_intent_cannot_enter_as_ood" time="0.032" /><testcase classname="tests.test_turn_policy_e5_development" name="test_mission_and_normalized_text_leakage_are_rejected" time="0.007" /><testcase classname="tests.test_turn_policy_e5_development" name="test_cross_source_decontamination_protects_validation_by_mission" time="0.006" /><testcase classname="tests.test_turn_policy_e5_development" name="test_cross_source_conflicting_exact_text_quarantines_both_missions" time="0.006" /><testcase classname="tests.test_turn_policy_e5_development" name="test_mission_aggregation_gives_each_parallel_group_one_vote" time="0.007" /><testcase classname="tests.test_turn_policy_e5_development" name="test_utterance_training_weights_sum_to_one_vote_per_mission" time="0.002" /><testcase classname="tests.test_turn_policy_e5_development" name="test_validation_partition_is_deterministic_and_group_disjoint" time="0.007" /><testcase classname="tests.test_turn_policy_e5_development" name="test_split_conformal_quantiles_and_safe_shortlist_abstention" time="0.001" /><testcase classname="tests.test_turn_policy_e5_development" name="test_strict_guard_is_mission_level_and_fail_closed" time="0.001" /><testcase classname="tests.test_turn_policy_e5_development" name="test_ood_never_becomes_fast_chat_when_conversation_guard_rejects" time="0.001" /><testcase classname="tests.test_turn_policy_e5_development" name="test_supported_signal_requires_structural_family_agreement" time="0.001" /><testcase classname="tests.test_turn_policy_e5_development" name="test_evaluation_reports_utterance_and_directional_safety_metrics" time="0.001" /><testcase classname="tests.test_turn_policy_e5_development" name="test_v1_embedding_cache_identity_is_reusable_for_v2_disposition" time="0.005" /><testcase classname="tests.test_turn_policy_e5_development" name="test_embedding_cache_is_atomic_text_free_and_content_addressed" time="0.042" /><testcase classname="tests.test_turn_policy_e5_development" name="test_embedding_cache_rejects_privacy_and_path_tampering" time="0.062" /><testcase classname="tests.test_turn_policy_e5_development" name="test_verified_cache_hit_does_not_load_the_encoder" time="0.038" /><testcase classname="tests.test_turn_policy_e5_development" name="test_forbidden_sources_are_rejected_before_open" time="0.001" /><testcase classname="tests.test_turn_policy_e5_development" name="test_cli_requires_explicit_source_pins_and_defaults_to_cpu" time="0.005" /><testcase classname="tests.test_turn_policy_e5_development" name="test_artifact_contains_only_hashes_aggregates_and_safe_weights" time="0.002" /><testcase classname="tests.test_turn_policy_e5_development" name="test_development_tool_has_no_runner_builder_or_remote_model_dependency" time="0.001" /><testcase classname="tests.test_turn_policy_gate" name="test_allocate_stratified_quotas_is_exact_and_capacity_bounded" time="0.001" /><testcase classname="tests.test_turn_policy_gate" name="test_hash_stratified_sample_is_reproducible_and_covers_every_stratum" time="0.001" /><testcase classname="tests.test_turn_policy_gate" name="test_normal_preflight_samples_only_its_validation_input" time="0.004" /><testcase classname="tests.test_turn_policy_gate" name="test_preflight_max_holdout_zero_keeps_every_required_critical" time="0.003" /><testcase classname="tests.test_turn_policy_gate" name="test_load_clean_holdout_decodes_only_synthetic_final_v4_ids" time="0.030" /><testcase classname="tests.test_turn_policy_gate" name="test_preflight_decodes_only_public_validation_rows" time="0.011" /><testcase classname="tests.test_turn_policy_gate" name="test_validation_selection_does_not_decode_unselected_test_payload" time="0.017" /><testcase classname="tests.test_turn_policy_gate" name="test_canonical_v4_manifest_is_rebuilt_blindly" time="0.941" /><testcase classname="tests.test_turn_policy_gate" name="test_blind_rebuild_rejects_any_v4_manifest_mutation[schema]" time="0.828" /><testcase classname="tests.test_turn_policy_gate" name="test_blind_rebuild_rejects_any_v4_manifest_mutation[rule_hash]" time="0.781" /><testcase classname="tests.test_turn_policy_gate" name="test_blind_rebuild_rejects_any_v4_manifest_mutation[final_hash]" time="0.884" /><testcase classname="tests.test_turn_policy_gate" name="test_blind_rebuild_rejects_any_v4_manifest_mutation[attempted_overlap_audit]" time="0.870" /><testcase classname="tests.test_turn_policy_gate" name="test_blind_rebuild_rejects_holdout_bytes_changed_after_sealing" time="0.611" /><testcase classname="tests.test_turn_policy_gate" name="test_policy_identity_binds_runtime_encoder_calibration_and_final_seal" time="0.021" /><testcase classname="tests.test_turn_policy_gate" name="test_gate_requires_the_exact_verified_physical_encoder" time="0.001" /><testcase classname="tests.test_turn_policy_gate" name="test_warm_sidecar_requires_the_exact_loaded_one_sided_policy" time="0.001" /><testcase classname="tests.test_turn_policy_gate" name="test_measure_case_preserves_fail_closed_recovery_observability" time="0.001" /><testcase classname="tests.test_turn_policy_gate" name="test_recovery_metadata_never_allows_action_authority" time="0.001" /><testcase classname="tests.test_turn_policy_gate" name="test_recovery_is_counted_and_bounded_separately_from_runtime_errors" time="0.001" /><testcase classname="tests.test_turn_policy_gate" name="test_warm_sidecar_requires_candidate_index_but_disables_only_baseline_signal" time="0.001" /><testcase classname="tests.test_turn_policy_gate" name="test_warm_sidecar_rejects_noop_or_unbound_evidence[state-missing]" time="0.001" /><testcase classname="tests.test_turn_policy_gate" name="test_warm_sidecar_rejects_noop_or_unbound_evidence[authority-advisory_prompt_evidence_only]" time="0.001" /><testcase classname="tests.test_turn_policy_gate" name="test_warm_sidecar_rejects_noop_or_unbound_evidence[calibration_fingerprint-dddddddddddddddddddddddddddddddddddddddddddddddddddddddddddddddd]" time="0.001" /><testcase classname="tests.test_turn_policy_gate" name="test_warm_sidecar_rejects_noop_or_unbound_evidence[calibration_rows-0]" time="0.001" /><testcase classname="tests.test_turn_policy_gate" name="test_warm_sidecar_rejects_noop_or_unbound_evidence[encoder_identity-other-encoder]" time="0.001" /><testcase classname="tests.test_turn_policy_gate" name="test_score_case_detects_family_match_and_unsafe_false_action" time="0.001" /><testcase classname="tests.test_turn_policy_gate" name="test_score_case_requires_human_facing_payload_shape" time="0.001" /><testcase classname="tests.test_turn_policy_gate" name="test_no_effect_shapes_reject_a_hidden_operation[conversation-reply]" time="0.001" /><testcase classname="tests.test_turn_policy_gate" name="test_no_effect_shapes_reject_a_hidden_operation[clarify-question]" time="0.001" /><testcase classname="tests.test_turn_policy_gate" name="test_family_metric_keeps_an_incorrect_demotion_in_its_denominator" time="0.001" /><testcase classname="tests.test_turn_policy_gate" name="test_unsafe_false_actions_include_contextual_no_effect_cases" time="0.001" /><testcase classname="tests.test_turn_policy_gate" name="test_one_sided_authority_allows_only_identity_or_safe_demotion[baseline0-evidence0]" time="0.001" /><testcase classname="tests.test_turn_policy_gate" name="test_one_sided_authority_allows_only_identity_or_safe_demotion[baseline1-evidence1]" time="0.001" /><testcase classname="tests.test_turn_policy_gate" name="test_one_sided_authority_allows_only_identity_or_safe_demotion[baseline2-evidence2]" time="0.001" /><testcase classname="tests.test_turn_policy_gate" name="test_one_sided_authority_allows_only_identity_or_safe_demotion[baseline3-evidence3]" time="0.001" /><testcase classname="tests.test_turn_policy_gate" name="test_one_sided_authority_allows_only_identity_or_safe_demotion[baseline4-evidence4]" time="0.001" /><testcase classname="tests.test_turn_policy_gate" name="test_one_sided_authority_allows_only_identity_or_safe_demotion[baseline5-evidence5]" time="0.001" /><testcase classname="tests.test_turn_policy_gate" name="test_one_sided_authority_rejects_every_other_transition[baseline0-evidence0-authority_transition_not_allowed]" time="0.001" /><testcase classname="tests.test_turn_policy_gate" name="test_one_sided_authority_rejects_every_other_transition[baseline1-evidence1-authority_transition_not_allowed]" time="0.001" /><testcase classname="tests.test_turn_policy_gate" name="test_one_sided_authority_rejects_every_other_transition[baseline2-evidence2-action_operation_changed]" time="0.001" /><testcase classname="tests.test_turn_policy_gate" name="test_one_sided_authority_rejects_every_other_transition[baseline3-evidence3-authority_transition_not_allowed]" time="0.001" /><testcase classname="tests.test_turn_policy_gate" name="test_one_sided_authority_rejects_every_other_transition[baseline4-evidence4-authority_transition_not_allowed]" time="0.001" /><testcase classname="tests.test_turn_policy_gate" name="test_one_sided_authority_rejects_every_other_transition[baseline5-evidence5-authority_transition_not_allowed]" time="0.001" /><testcase classname="tests.test_turn_policy_gate" name="test_macro_f1_and_paired_summary_report_evidence_win" time="0.025" /><testcase classname="tests.test_turn_policy_gate" name="test_paired_safety_rejects_an_added_unsafe_id_even_when_counts_tie" time="0.082" /><testcase classname="tests.test_turn_policy_gate" name="test_paired_summary_reports_authority_violation_ids" time="0.026" /><testcase classname="tests.test_turn_policy_gate" name="test_paired_bootstrap_is_deterministic_and_skips_partial_checkpoints" time="0.004" /><testcase classname="tests.test_turn_policy_gate" name="test_macro_f1_is_an_independent_noninferiority_requirement" time="0.047" /><testcase classname="tests.test_turn_policy_gate" name="test_macro_f1_rejects_mismatched_lengths" time="0.001" /><testcase classname="tests.test_turn_policy_gate" name="test_contextual_conversation_rejects_generic_or_echoed_history" time="0.001" /><testcase classname="tests.test_turn_policy_gate" name="test_clarification_requires_an_operationally_compatible_oracle" time="0.001" /><testcase classname="tests.test_turn_policy_gate" name="test_unsupported_critical_case_requires_conversation_only" time="0.001" /><testcase classname="tests.test_turn_policy_gate" name="test_spanish_knowledge_case_rejects_an_english_answer" time="0.001" /><testcase classname="tests.test_turn_policy_gate" name="test_followup_cases_require_explanation_not_a_repeated_question" time="0.002" /><testcase classname="tests.test_turn_policy_gate" name="test_only_the_exact_fresh_860_case_protocol_can_be_certified" time="4.312" /><testcase classname="tests.test_turn_policy_gate" name="test_any_protocol_deviation_is_not_certifiable[argument_change0-protocol_change0]" time="0.004" /><testcase classname="tests.test_turn_policy_gate" name="test_any_protocol_deviation_is_not_certifiable[argument_change1-protocol_change1]" time="0.004" /><testcase classname="tests.test_turn_policy_gate" name="test_any_protocol_deviation_is_not_certifiable[argument_change2-protocol_change2]" time="0.004" /><testcase classname="tests.test_turn_policy_gate" name="test_any_protocol_deviation_is_not_certifiable[argument_change3-protocol_change3]" time="0.004" /><testcase classname="tests.test_turn_policy_gate" name="test_any_protocol_deviation_is_not_certifiable[argument_change4-protocol_change4]" time="0.004" /><testcase classname="tests.test_turn_policy_gate" name="test_any_protocol_deviation_is_not_certifiable[argument_change5-protocol_change5]" time="0.004" /><testcase classname="tests.test_turn_policy_gate" name="test_any_protocol_deviation_is_not_certifiable[argument_change6-protocol_change6]" time="0.004" /><testcase classname="tests.test_turn_policy_gate" name="test_any_protocol_deviation_is_not_certifiable[argument_change7-protocol_change7]" time="0.004" /><testcase classname="tests.test_turn_policy_gate" name="test_any_protocol_deviation_is_not_certifiable[argument_change8-protocol_change8]" time="0.004" /><testcase classname="tests.test_turn_policy_gate" name="test_any_protocol_deviation_is_not_certifiable[argument_change9-protocol_change9]" time="0.004" /><testcase classname="tests.test_turn_policy_gate" name="test_any_protocol_deviation_is_not_certifiable[argument_change10-protocol_change10]" time="0.003" /><testcase classname="tests.test_turn_policy_gate" name="test_any_protocol_deviation_is_not_certifiable[argument_change11-protocol_change11]" time="0.004" /><testcase classname="tests.test_turn_policy_gate" name="test_any_protocol_deviation_is_not_certifiable[argument_change12-protocol_change12]" time="0.004" /><testcase classname="tests.test_turn_policy_gate" name="test_any_protocol_deviation_is_not_certifiable[argument_change13-protocol_change13]" time="0.004" /><testcase classname="tests.test_turn_policy_gate" name="test_any_protocol_deviation_is_not_certifiable[argument_change14-protocol_change14]" time="0.003" /><testcase classname="tests.test_turn_policy_gate" name="test_any_protocol_deviation_is_not_certifiable[argument_change15-protocol_change15]" time="0.004" /><testcase classname="tests.test_turn_policy_gate" name="test_any_protocol_deviation_is_not_certifiable[argument_change16-protocol_change16]" time="0.005" /><testcase classname="tests.test_turn_policy_gate" name="test_any_protocol_deviation_is_not_certifiable[argument_change17-protocol_change17]" time="0.004" /><testcase classname="tests.test_turn_policy_gate" name="test_any_protocol_deviation_is_not_certifiable[argument_change18-protocol_change18]" time="0.004" /><testcase classname="tests.test_turn_policy_gate" name="test_successful_preflights_and_cuts_never_claim_passed[overrides0-preflight_passed]" time="0.025" /><testcase classname="tests.test_turn_policy_gate" name="test_successful_preflights_and_cuts_never_claim_passed[overrides1-diagnostic_passed]" time="0.025" /><testcase classname="tests.test_turn_policy_gate" name="test_successful_preflights_and_cuts_never_claim_passed[overrides2-diagnostic_passed]" time="0.025" /><testcase classname="tests.test_turn_policy_gate" name="test_parser_defaults_to_the_canonical_seal_and_rejects_a_wider_margin" time="0.006" /><testcase classname="tests.test_turn_policy_gate" name="test_default_journal_is_sibling_jsonl_without_double_suffix" time="0.001" /><testcase classname="tests.test_turn_probe" name="test_probe_json_round_trip_and_weight_hash_rejects_tamper" time="0.001" /><testcase classname="tests.test_turn_probe" name="test_policy_json_is_one_sided_and_records_historical_role" time="0.001" /><testcase classname="tests.test_turn_probe" name="test_runtime_policy_can_emit_only_conversation_cards_or_abstain" time="0.001" /><testcase classname="tests.test_turn_probe" name="test_one_sided_retrieve_still_uses_historical_records_outside_train_view" time="0.001" /><testcase classname="tests.test_verify_turn_policy_e5_selective_gate" name="test_synthetic_chain_reproduces_the_preregistered_rejection" time="0.188" /><testcase classname="tests.test_verify_turn_policy_e5_selective_gate" name="test_recursive_privacy_allowlist_rejects_unknown_nested_text" time="0.055" /><testcase classname="tests.test_verify_turn_policy_e5_selective_gate" name="test_recursive_privacy_allowlist_rejects_text_in_numeric_parameters" time="0.061" /><testcase classname="tests.test_verify_turn_policy_e5_selective_gate" name="test_changed_preregistered_code_hash_fails_closed" time="0.096" /><testcase classname="tests.test_verify_turn_policy_e5_selective_gate" name="test_runtime_reference_to_development_candidate_fails_closed" time="0.106" /><testcase classname="tests.test_verify_turn_policy_e5_selective_gate" name="test_current_aggregate_chain_verifies_without_opening_any_corpus" time="9.485" /><testcase classname="tests.test_voice_corrector" name="test_inventory_is_derived_only_from_closed_entity_contracts" time="0.001" /><testcase classname="tests.test_voice_corrector" name="test_unseen_verbs_and_long_phrases_do_not_gate_entity_correction" time="0.255" /><testcase classname="tests.test_voice_corrector" name="test_exact_entities_and_unrelated_language_are_preserved" time="0.001" /><testcase classname="tests.test_voice_corrector" name="test_weak_phonetic_match_requires_independent_asr_support" time="0.001" /><testcase classname="tests.test_voice_corrector" name="test_ambiguous_catalog_match_abstains_without_a_clear_margin" time="0.001" /><testcase classname="tests.test_wakeword_calibration" name="test_one_sided_far_bound_does_not_treat_zero_hits_as_zero_risk" time="0.010" /><testcase classname="tests.test_wakeword_calibration" name="test_one_sided_far_bound_accounts_for_observed_false_activations" time="0.003" /><testcase classname="tests.test_wakeword_calibration" name="test_installer_preserves_hash_bound_calibration_evidence" time="0.742" /></testsuite></testsuites>