<?xml version="1.0" encoding="utf-8"?>
<TestRun id="bd43a4a8-c07c-41d2-afd2-d167de51f96c" name="emman@REDNOTE 2026-08-03 05:53:57" runUser="REDNOTE\emman" xmlns="http://microsoft.com/schemas/VisualStudio/TeamTest/2010">
  <Times creation="2026-08-03T05:53:57.4601751-04:00" queuing="2026-08-03T05:53:57.4601756-04:00" start="2026-08-03T05:53:53.7701332-04:00" finish="2026-08-03T05:53:57.5349346-04:00" />
  <TestSettings name="default" id="5886f685-5478-46bb-9e9e-4abe35353537">
    <Deployment runDeploymentRoot="emman_REDNOTE_2026-08-03_05_53_57" />
  </TestSettings>
  <Results>
    <UnitTestResult executionId="0613a7d2-865d-4fe9-9bac-e9bfaa2968dd" testId="66e6905b-898a-03e2-02b6-9c062b53fc39" testName="RoutesGeneralizationSurfaceStatusRequests(&quot;Show the status of Baxy's local memory&quot;)" computerName="REDNOTE" duration="00:00:00.0013710" startTime="2026-08-03T05:53:57.3340133-04:00" endTime="2026-08-03T05:53:57.3353828-04:00" testType="13cdc9d9-ddb5-4fa4-a97d-d965ccfc6d4b" outcome="Passed" testListId="8c84fa94-04c1-424b-9868-57a2d4851a1d" relativeResultsDirectory="0613a7d2-865d-4fe9-9bac-e9bfaa2968dd" />
    <UnitTestResult executionId="e3d98305-701e-4083-b348-c9d7240db733" testId="8119dd3f-639e-32d4-f07d-12af0c50e989" testName="RoutesGeneralizationSurfaceStatusRequests(&quot;Dime cómo está la memoria local de Baxy&quot;)" computerName="REDNOTE" duration="00:00:00.1729010" startTime="2026-08-03T05:53:57.1537673-04:00" endTime="2026-08-03T05:53:57.3266113-04:00" testType="13cdc9d9-ddb5-4fa4-a97d-d965ccfc6d4b" outcome="Passed" testListId="8c84fa94-04c1-424b-9868-57a2d4851a1d" relativeResultsDirectory="e3d98305-701e-4083-b348-c9d7240db733" />
    <UnitTestResult executionId="3c408810-baf7-4903-a381-d19a8cd6615a" testId="469e9dbd-83ae-6199-a03c-9b695b89c901" testName="RoutesGeneralizationSurfaceStatusRequests(&quot;Baxy, please: show the status of Baxy's local memory.&quot;)" computerName="REDNOTE" duration="00:00:00.0001910" startTime="2026-08-03T05:53:57.3354180-04:00" endTime="2026-08-03T05:53:57.3356094-04:00" testType="13cdc9d9-ddb5-4fa4-a97d-d965ccfc6d4b" outcome="Passed" testListId="8c84fa94-04c1-424b-9868-57a2d4851a1d" relativeResultsDirectory="3c408810-baf7-4903-a381-d19a8cd6615a" />
    <UnitTestResult executionId="6f7cf784-4f9a-43b0-9618-f8bc23ba2c4d" testId="817211ed-e25f-4ea5-dff1-c310c70a54d9" testName="RoutesGeneralizationSurfaceStatusRequests(&quot;Check whether local memory is enabled&quot;)" computerName="REDNOTE" duration="00:00:00.0011670" startTime="2026-08-03T05:53:57.3356224-04:00" endTime="2026-08-03T05:53:57.3367888-04:00" testType="13cdc9d9-ddb5-4fa4-a97d-d965ccfc6d4b" outcome="Passed" testListId="8c84fa94-04c1-424b-9868-57a2d4851a1d" relativeResultsDirectory="6f7cf784-4f9a-43b0-9618-f8bc23ba2c4d" />
    <UnitTestResult executionId="b47c3415-f0ba-46ae-86c4-35f7f0a72cc4" testId="ae4bd415-96ba-3206-7bf2-c957ef02aa97" testName="RoutesGeneralizationSurfaceStatusRequests(&quot;Baxy, por favor: dime cómo está la memoria local de Baxy.&quot;)" computerName="REDNOTE" duration="00:00:00.0017790" startTime="2026-08-03T05:53:57.3280760-04:00" endTime="2026-08-03T05:53:57.3298541-04:00" testType="13cdc9d9-ddb5-4fa4-a97d-d965ccfc6d4b" outcome="Passed" testListId="8c84fa94-04c1-424b-9868-57a2d4851a1d" relativeResultsDirectory="b47c3415-f0ba-46ae-86c4-35f7f0a72cc4" />
    <UnitTestResult executionId="9db58692-6ffe-48e2-9de6-05dca92587c6" testId="acacd735-7ab0-19e0-8305-ea328263139e" testName="RoutesGeneralizationSurfaceStatusRequests(&quot;Baxy, por favor: consulta el estado de tus recuerdos locales.&quot;)" computerName="REDNOTE" duration="00:00:00.0001680" startTime="2026-08-03T05:53:57.3338344-04:00" endTime="2026-08-03T05:53:57.3340021-04:00" testType="13cdc9d9-ddb5-4fa4-a97d-d965ccfc6d4b" outcome="Passed" testListId="8c84fa94-04c1-424b-9868-57a2d4851a1d" relativeResultsDirectory="9db58692-6ffe-48e2-9de6-05dca92587c6" />
    <UnitTestResult executionId="24dde117-4b18-4eee-8801-87960b24c25a" testId="c5131a9d-89eb-9f68-2b25-1d8a2248ab11" testName="RoutesGeneralizationSurfaceStatusRequests(&quot;Baxy, porfa: checkea el estado de Baxy memory.&quot;)" computerName="REDNOTE" duration="00:00:00.0000900" startTime="2026-08-03T05:53:57.3381445-04:00" endTime="2026-08-03T05:53:57.3382348-04:00" testType="13cdc9d9-ddb5-4fa4-a97d-d965ccfc6d4b" outcome="Passed" testListId="8c84fa94-04c1-424b-9868-57a2d4851a1d" relativeResultsDirectory="24dde117-4b18-4eee-8801-87960b24c25a" />
    <UnitTestResult executionId="8e879fbe-fe60-4c48-b4f4-2f78a50539a7" testId="1e36698f-1632-c966-b9d3-6ae9945a1980" testName="RoutesGeneralizationSurfaceStatusRequests(&quot;Checkea el estado de Baxy memory&quot;)" computerName="REDNOTE" duration="00:00:00.0012410" startTime="2026-08-03T05:53:57.3368908-04:00" endTime="2026-08-03T05:53:57.3381311-04:00" testType="13cdc9d9-ddb5-4fa4-a97d-d965ccfc6d4b" outcome="Passed" testListId="8c84fa94-04c1-424b-9868-57a2d4851a1d" relativeResultsDirectory="8e879fbe-fe60-4c48-b4f4-2f78a50539a7" />
    <UnitTestResult executionId="6631d48c-f6da-4781-b736-65e0d73496b3" testId="eba86cd9-56ef-1598-c54c-d3366c9144c2" testName="RoutesGeneralizationSurfaceStatusRequests(&quot;Baxy, please: check whether local memory is enabled.&quot;)" computerName="REDNOTE" duration="00:00:00.0000780" startTime="2026-08-03T05:53:57.3368052-04:00" endTime="2026-08-03T05:53:57.3368835-04:00" testType="13cdc9d9-ddb5-4fa4-a97d-d965ccfc6d4b" outcome="Passed" testListId="8c84fa94-04c1-424b-9868-57a2d4851a1d" relativeResultsDirectory="6631d48c-f6da-4781-b736-65e0d73496b3" />
    <UnitTestResult executionId="a17d7007-d76d-4515-8798-46c3eef4b1d5" testId="a9b9b522-348c-78f9-6065-88400cd90dc3" testName="RoutesGeneralizationSurfaceStatusRequests(&quot;Consulta el estado de tus recuerdos locales&quot;)" computerName="REDNOTE" duration="00:00:00.0038780" startTime="2026-08-03T05:53:57.3299097-04:00" endTime="2026-08-03T05:53:57.3337860-04:00" testType="13cdc9d9-ddb5-4fa4-a97d-d965ccfc6d4b" outcome="Passed" testListId="8c84fa94-04c1-424b-9868-57a2d4851a1d" relativeResultsDirectory="a17d7007-d76d-4515-8798-46c3eef4b1d5" />
  </Results>
  <TestDefinitions>
    <UnitTest name="RoutesGeneralizationSurfaceStatusRequests(&quot;Consulta el estado de tus recuerdos locales&quot;)" storage="d:\baxy\source\tests\baxy.integration.tests\bin\debug\net10.0-windows10.0.19041.0\baxy.integration.tests.dll" id="a9b9b522-348c-78f9-6065-88400cd90dc3">
      <Execution id="a17d7007-d76d-4515-8798-46c3eef4b1d5" />
      <TestMethod codeBase="D:\BAXY\source\tests\Baxy.Integration.Tests\bin\Debug\net10.0-windows10.0.19041.0\Baxy.Integration.Tests.dll" adapterTypeName="executor://nunit3testexecutor/" className="Baxy.Integration.Tests.NaturalMemoryRequestParserTests" name="RoutesGeneralizationSurfaceStatusRequests(&quot;Consulta el estado de tus recuerdos locales&quot;)" />
    </UnitTest>
    <UnitTest name="RoutesGeneralizationSurfaceStatusRequests(&quot;Check whether local memory is enabled&quot;)" storage="d:\baxy\source\tests\baxy.integration.tests\bin\debug\net10.0-windows10.0.19041.0\baxy.integration.tests.dll" id="817211ed-e25f-4ea5-dff1-c310c70a54d9">
      <Execution id="6f7cf784-4f9a-43b0-9618-f8bc23ba2c4d" />
      <TestMethod codeBase="D:\BAXY\source\tests\Baxy.Integration.Tests\bin\Debug\net10.0-windows10.0.19041.0\Baxy.Integration.Tests.dll" adapterTypeName="executor://nunit3testexecutor/" className="Baxy.Integration.Tests.NaturalMemoryRequestParserTests" name="RoutesGeneralizationSurfaceStatusRequests(&quot;Check whether local memory is enabled&quot;)" />
    </UnitTest>
    <UnitTest name="RoutesGeneralizationSurfaceStatusRequests(&quot;Checkea el estado de Baxy memory&quot;)" storage="d:\baxy\source\tests\baxy.integration.tests\bin\debug\net10.0-windows10.0.19041.0\baxy.integration.tests.dll" id="1e36698f-1632-c966-b9d3-6ae9945a1980">
      <Execution id="8e879fbe-fe60-4c48-b4f4-2f78a50539a7" />
      <TestMethod codeBase="D:\BAXY\source\tests\Baxy.Integration.Tests\bin\Debug\net10.0-windows10.0.19041.0\Baxy.Integration.Tests.dll" adapterTypeName="executor://nunit3testexecutor/" className="Baxy.Integration.Tests.NaturalMemoryRequestParserTests" name="RoutesGeneralizationSurfaceStatusRequests(&quot;Checkea el estado de Baxy memory&quot;)" />
    </UnitTest>
    <UnitTest name="RoutesGeneralizationSurfaceStatusRequests(&quot;Baxy, por favor: dime cómo está la memoria local de Baxy.&quot;)" storage="d:\baxy\source\tests\baxy.integration.tests\bin\debug\net10.0-windows10.0.19041.0\baxy.integration.tests.dll" id="ae4bd415-96ba-3206-7bf2-c957ef02aa97">
      <Execution id="b47c3415-f0ba-46ae-86c4-35f7f0a72cc4" />
      <TestMethod codeBase="D:\BAXY\source\tests\Baxy.Integration.Tests\bin\Debug\net10.0-windows10.0.19041.0\Baxy.Integration.Tests.dll" adapterTypeName="executor://nunit3testexecutor/" className="Baxy.Integration.Tests.NaturalMemoryRequestParserTests" name="RoutesGeneralizationSurfaceStatusRequests(&quot;Baxy, por favor: dime cómo está la memoria local de Baxy.&quot;)" />
    </UnitTest>
    <UnitTest name="RoutesGeneralizationSurfaceStatusRequests(&quot;Baxy, porfa: checkea el estado de Baxy memory.&quot;)" storage="d:\baxy\source\tests\baxy.integration.tests\bin\debug\net10.0-windows10.0.19041.0\baxy.integration.tests.dll" id="c5131a9d-89eb-9f68-2b25-1d8a2248ab11">
      <Execution id="24dde117-4b18-4eee-8801-87960b24c25a" />
      <TestMethod codeBase="D:\BAXY\source\tests\Baxy.Integration.Tests\bin\Debug\net10.0-windows10.0.19041.0\Baxy.Integration.Tests.dll" adapterTypeName="executor://nunit3testexecutor/" className="Baxy.Integration.Tests.NaturalMemoryRequestParserTests" name="RoutesGeneralizationSurfaceStatusRequests(&quot;Baxy, porfa: checkea el estado de Baxy memory.&quot;)" />
    </UnitTest>
    <UnitTest name="RoutesGeneralizationSurfaceStatusRequests(&quot;Baxy, please: show the status of Baxy's local memory.&quot;)" storage="d:\baxy\source\tests\baxy.integration.tests\bin\debug\net10.0-windows10.0.19041.0\baxy.integration.tests.dll" id="469e9dbd-83ae-6199-a03c-9b695b89c901">
      <Execution id="3c408810-baf7-4903-a381-d19a8cd6615a" />
      <TestMethod codeBase="D:\BAXY\source\tests\Baxy.Integration.Tests\bin\Debug\net10.0-windows10.0.19041.0\Baxy.Integration.Tests.dll" adapterTypeName="executor://nunit3testexecutor/" className="Baxy.Integration.Tests.NaturalMemoryRequestParserTests" name="RoutesGeneralizationSurfaceStatusRequests(&quot;Baxy, please: show the status of Baxy's local memory.&quot;)" />
    </UnitTest>
    <UnitTest name="RoutesGeneralizationSurfaceStatusRequests(&quot;Baxy, por favor: consulta el estado de tus recuerdos locales.&quot;)" storage="d:\baxy\source\tests\baxy.integration.tests\bin\debug\net10.0-windows10.0.19041.0\baxy.integration.tests.dll" id="acacd735-7ab0-19e0-8305-ea328263139e">
      <Execution id="9db58692-6ffe-48e2-9de6-05dca92587c6" />
      <TestMethod codeBase="D:\BAXY\source\tests\Baxy.Integration.Tests\bin\Debug\net10.0-windows10.0.19041.0\Baxy.Integration.Tests.dll" adapterTypeName="executor://nunit3testexecutor/" className="Baxy.Integration.Tests.NaturalMemoryRequestParserTests" name="RoutesGeneralizationSurfaceStatusRequests(&quot;Baxy, por favor: consulta el estado de tus recuerdos locales.&quot;)" />
    </UnitTest>
    <UnitTest name="RoutesGeneralizationSurfaceStatusRequests(&quot;Show the status of Baxy's local memory&quot;)" storage="d:\baxy\source\tests\baxy.integration.tests\bin\debug\net10.0-windows10.0.19041.0\baxy.integration.tests.dll" id="66e6905b-898a-03e2-02b6-9c062b53fc39">
      <Execution id="0613a7d2-865d-4fe9-9bac-e9bfaa2968dd" />
      <TestMethod codeBase="D:\BAXY\source\tests\Baxy.Integration.Tests\bin\Debug\net10.0-windows10.0.19041.0\Baxy.Integration.Tests.dll" adapterTypeName="executor://nunit3testexecutor/" className="Baxy.Integration.Tests.NaturalMemoryRequestParserTests" name="RoutesGeneralizationSurfaceStatusRequests(&quot;Show the status of Baxy's local memory&quot;)" />
    </UnitTest>
    <UnitTest name="RoutesGeneralizationSurfaceStatusRequests(&quot;Baxy, please: check whether local memory is enabled.&quot;)" storage="d:\baxy\source\tests\baxy.integration.tests\bin\debug\net10.0-windows10.0.19041.0\baxy.integration.tests.dll" id="eba86cd9-56ef-1598-c54c-d3366c9144c2">
      <Execution id="6631d48c-f6da-4781-b736-65e0d73496b3" />
      <TestMethod codeBase="D:\BAXY\source\tests\Baxy.Integration.Tests\bin\Debug\net10.0-windows10.0.19041.0\Baxy.Integration.Tests.dll" adapterTypeName="executor://nunit3testexecutor/" className="Baxy.Integration.Tests.NaturalMemoryRequestParserTests" name="RoutesGeneralizationSurfaceStatusRequests(&quot;Baxy, please: check whether local memory is enabled.&quot;)" />
    </UnitTest>
    <UnitTest name="RoutesGeneralizationSurfaceStatusRequests(&quot;Dime cómo está la memoria local de Baxy&quot;)" storage="d:\baxy\source\tests\baxy.integration.tests\bin\debug\net10.0-windows10.0.19041.0\baxy.integration.tests.dll" id="8119dd3f-639e-32d4-f07d-12af0c50e989">
      <Execution id="e3d98305-701e-4083-b348-c9d7240db733" />
      <TestMethod codeBase="D:\BAXY\source\tests\Baxy.Integration.Tests\bin\Debug\net10.0-windows10.0.19041.0\Baxy.Integration.Tests.dll" adapterTypeName="executor://nunit3testexecutor/" className="Baxy.Integration.Tests.NaturalMemoryRequestParserTests" name="RoutesGeneralizationSurfaceStatusRequests(&quot;Dime cómo está la memoria local de Baxy&quot;)" />
    </UnitTest>
  </TestDefinitions>
  <TestEntries>
    <TestEntry testId="66e6905b-898a-03e2-02b6-9c062b53fc39" executionId="0613a7d2-865d-4fe9-9bac-e9bfaa2968dd" testListId="8c84fa94-04c1-424b-9868-57a2d4851a1d" />
    <TestEntry testId="8119dd3f-639e-32d4-f07d-12af0c50e989" executionId="e3d98305-701e-4083-b348-c9d7240db733" testListId="8c84fa94-04c1-424b-9868-57a2d4851a1d" />
    <TestEntry testId="469e9dbd-83ae-6199-a03c-9b695b89c901" executionId="3c408810-baf7-4903-a381-d19a8cd6615a" testListId="8c84fa94-04c1-424b-9868-57a2d4851a1d" />
    <TestEntry testId="817211ed-e25f-4ea5-dff1-c310c70a54d9" executionId="6f7cf784-4f9a-43b0-9618-f8bc23ba2c4d" testListId="8c84fa94-04c1-424b-9868-57a2d4851a1d" />
    <TestEntry testId="ae4bd415-96ba-3206-7bf2-c957ef02aa97" executionId="b47c3415-f0ba-46ae-86c4-35f7f0a72cc4" testListId="8c84fa94-04c1-424b-9868-57a2d4851a1d" />
    <TestEntry testId="acacd735-7ab0-19e0-8305-ea328263139e" executionId="9db58692-6ffe-48e2-9de6-05dca92587c6" testListId="8c84fa94-04c1-424b-9868-57a2d4851a1d" />
    <TestEntry testId="c5131a9d-89eb-9f68-2b25-1d8a2248ab11" executionId="24dde117-4b18-4eee-8801-87960b24c25a" testListId="8c84fa94-04c1-424b-9868-57a2d4851a1d" />
    <TestEntry testId="1e36698f-1632-c966-b9d3-6ae9945a1980" executionId="8e879fbe-fe60-4c48-b4f4-2f78a50539a7" testListId="8c84fa94-04c1-424b-9868-57a2d4851a1d" />
    <TestEntry testId="eba86cd9-56ef-1598-c54c-d3366c9144c2" executionId="6631d48c-f6da-4781-b736-65e0d73496b3" testListId="8c84fa94-04c1-424b-9868-57a2d4851a1d" />
    <TestEntry testId="a9b9b522-348c-78f9-6065-88400cd90dc3" executionId="a17d7007-d76d-4515-8798-46c3eef4b1d5" testListId="8c84fa94-04c1-424b-9868-57a2d4851a1d" />
  </TestEntries>
  <TestLists>
    <TestList name="Resultados sin formato de lista" id="8c84fa94-04c1-424b-9868-57a2d4851a1d" />
    <TestList name="Todos los resultados cargados" id="19431567-8539-422a-85d7-44ee4e166bda" />
  </TestLists>
  <ResultSummary outcome="Completed">
    <Counters total="10" executed="10" passed="10" failed="0" error="0" timeout="0" aborted="0" inconclusive="0" passedButRunAborted="0" notRunnable="0" notExecuted="0" disconnected="0" warning="0" completed="0" inProgress="0" pending="0" />
    <Output>
      <StdOut>NUnit Adapter 4.5.0.0: Test execution started&#xD;
Running selected tests in D:\BAXY\source\tests\Baxy.Integration.Tests\bin\Debug\net10.0-windows10.0.19041.0\Baxy.Integration.Tests.dll&#xD;
   NUnit3TestExecutor discovered 10 of 10 NUnit test cases using Current Discovery mode, Non-Explicit run&#xD;
NUnit Adapter 4.5.0.0: Test execution complete&#xD;
</StdOut>
    </Output>
  </ResultSummary>
</TestRun>