<?xml version="1.0" encoding="utf-8"?><testsuites name="pytest tests"><testsuite name="pytest" errors="0" failures="4" skipped="0" tests="3402" time="234.739" timestamp="2026-08-03T06:28:56.971082-04:00" hostname="REDNOTE"><testcase classname="tests.test_asset_resolution" name="test_descriptor_declares_repository_legacy_assets_without_copying_them" time="0.002" /><testcase classname="tests.test_asset_resolution" name="test_machine_local_override_wins_and_stays_outside_repository" time="0.033" /><testcase classname="tests.test_asset_resolution" name="test_unknown_override_asset_fails_closed" time="0.021" /><testcase classname="tests.test_asset_resolution" name="test_powershell_and_python_select_the_same_asset" time="0.883" /><testcase classname="tests.test_asset_resolution" name="test_active_runtime_has_no_machine_bound_baxy_path_literals" time="3.039" /><testcase classname="tests.test_asset_resolution" name="test_bootstrap_installs_only_dependencies_and_never_downloads_models" time="0.001" /><testcase classname="tests.test_asset_resolution" name="test_development_launcher_delegates_runtime_hash_verification_to_app" time="0.001" /><testcase classname="tests.test_attest_in_place_upgrade.AttestInPlaceUpgradeSourceContractTests" name="test_application_catalog_validation_is_behavioral_and_fail_closed" time="9.420" /><testcase classname="tests.test_attest_in_place_upgrade.AttestInPlaceUpgradeSourceContractTests" name="test_attests_identity_windows_integration_and_registry" time="0.001" /><testcase classname="tests.test_attest_in_place_upgrade.AttestInPlaceUpgradeSourceContractTests" name="test_closed_phase_helpers_preserve_exact_lifecycle_contracts" time="0.607" /><testcase classname="tests.test_attest_in_place_upgrade.AttestInPlaceUpgradeSourceContractTests" name="test_core_smoke_is_private_headless_and_exact" time="0.001" /><testcase classname="tests.test_attest_in_place_upgrade.AttestInPlaceUpgradeSourceContractTests" name="test_dot_source_helpers_are_pure_and_atomic" time="0.893" /><testcase classname="tests.test_attest_in_place_upgrade.AttestInPlaceUpgradeSourceContractTests" name="test_evidence_builders_preserve_closed_schemas_without_messages" time="0.609" /><testcase classname="tests.test_attest_in_place_upgrade.AttestInPlaceUpgradeSourceContractTests" name="test_evidence_is_atomic_path_free_and_does_not_publish_messages" time="0.001" /><testcase classname="tests.test_attest_in_place_upgrade.AttestInPlaceUpgradeSourceContractTests" name="test_evidence_is_disjoint_from_every_mutated_or_attested_root" time="0.515" /><testcase classname="tests.test_attest_in_place_upgrade.AttestInPlaceUpgradeSourceContractTests" name="test_failure_reactivation_helper_is_dependency_testable" time="0.487" /><testcase classname="tests.test_attest_in_place_upgrade.AttestInPlaceUpgradeSourceContractTests" name="test_hidden_setup_timeout_cleans_owned_tree_and_disposes_process" time="0.587" /><testcase classname="tests.test_attest_in_place_upgrade.AttestInPlaceUpgradeSourceContractTests" name="test_orchestrator_calls_closed_upgrade_phases_in_order" time="0.713" /><testcase classname="tests.test_attest_in_place_upgrade.AttestInPlaceUpgradeSourceContractTests" name="test_prior_recovery_evidence_requires_pinned_bytes_and_types" time="1.508" /><testcase classname="tests.test_attest_in_place_upgrade.AttestInPlaceUpgradeSourceContractTests" name="test_private_data_snapshot_detects_same_size_content_change" time="1.278" /><testcase classname="tests.test_attest_in_place_upgrade.AttestInPlaceUpgradeSourceContractTests" name="test_recovery_continuation_contract_is_explicitly_pinned" time="0.001" /><testcase classname="tests.test_attest_in_place_upgrade.AttestInPlaceUpgradeSourceContractTests" name="test_recovery_coordinator_cleans_and_observes_once_after_failure" time="0.624" /><testcase classname="tests.test_attest_in_place_upgrade.AttestInPlaceUpgradeSourceContractTests" name="test_requires_explicit_versions_evidence_and_confirmation" time="0.001" /><testcase classname="tests.test_attest_in_place_upgrade.AttestInPlaceUpgradeSourceContractTests" name="test_scope_does_not_launch_gui_uninstall_or_purge" time="0.001" /><testcase classname="tests.test_attest_in_place_upgrade.AttestInPlaceUpgradeSourceContractTests" name="test_script_has_no_powershell_parser_errors" time="0.297" /><testcase classname="tests.test_attest_in_place_upgrade.AttestInPlaceUpgradeSourceContractTests" name="test_semver_rejects_trailing_lf_crlf_and_space" time="0.471" /><testcase classname="tests.test_attest_in_place_upgrade.AttestInPlaceUpgradeSourceContractTests" name="test_setup_process_tree_includes_resume_image_names" time="0.551" /><testcase classname="tests.test_attest_in_place_upgrade.AttestInPlaceUpgradeSourceContractTests" name="test_validates_candidate_and_complete_installed_bytes" time="0.001" /><testcase classname="tests.test_attest_in_place_upgrade.AttestInPlaceUpgradeSourceContractTests" name="test_wait_retries_parent_child_resume_race" time="0.554" /><testcase classname="tests.test_build_layout" name="test_current_launchers_use_the_canonical_build_outputs" time="0.001" /><testcase classname="tests.test_build_layout" name="test_current_msbuild_outputs_match_the_canonical_layout" time="3.995" /><testcase classname="tests.test_build_layout" name="test_setup_build_contract_remains_independently_pinned" time="0.001" /><testcase classname="tests.test_build_layout" name="test_output_resolution_follows_a_changed_contract" time="0.006" /><testcase classname="tests.test_build_layout" name="test_msbuild_validation_rejects_an_executable_name_drift" time="0.004" /><testcase classname="tests.test_build_layout" name="test_development_build_does_not_record_missing_outputs" time="0.003" /><testcase classname="tests.test_build_layout" name="test_layout_rejects_unresolved_or_unsafe_segments[BaxyWindowsTargetFramework-$(UnexpectedProperty)]" time="0.005" /><testcase classname="tests.test_build_layout" name="test_layout_rejects_unresolved_or_unsafe_segments[BaxyRuntimeIdentifier-../win-x64]" time="0.006" /><testcase classname="tests.test_build_layout" name="test_layout_rejects_unresolved_or_unsafe_segments[BaxyDevelopmentConfiguration-Release/other]" time="0.008" /><testcase classname="tests.test_build_layout" name="test_layout_rejects_unresolved_or_unsafe_segments[BaxyDevelopmentConfiguration-Release.]" time="0.007" /><testcase classname="tests.test_build_layout" name="test_layout_rejects_unresolved_or_unsafe_segments[BaxyDevelopmentConfiguration-CON]" time="0.006" /><testcase classname="tests.test_build_layout" name="test_layout_rejects_unresolved_or_unsafe_segments[BaxyRuntimeIdentifier-nul.json]" time="0.007" /><testcase classname="tests.test_build_layout" name="test_layout_rejects_unresolved_or_unsafe_segments[BaxyRuntimeIdentifier-COM1]" time="0.015" /><testcase classname="tests.test_build_layout" name="test_python_and_powershell_reject_dtd_entity_expansion" time="0.555" /><testcase classname="tests.test_build_layout" name="test_powershell_rejects_noncanonical_windows_segments[Release.]" time="0.532" /><testcase classname="tests.test_build_layout" name="test_powershell_rejects_noncanonical_windows_segments[CON]" time="0.519" /><testcase classname="tests.test_build_layout" name="test_powershell_rejects_noncanonical_windows_segments[nul.json]" time="0.541" /><testcase classname="tests.test_build_layout" name="test_powershell_rejects_noncanonical_windows_segments[COM1]" time="0.680" /><testcase classname="tests.test_build_layout" name="test_gpu_gate_rejects_an_uncertified_layout_before_execution[net10.0-windows10.0.99999.0-win-x64-Release-certified only for net10.0-windows10.0.19041.0]" time="0.627" /><testcase classname="tests.test_build_layout" name="test_gpu_gate_rejects_an_uncertified_layout_before_execution[net10.0-windows10.0.19041.0-win-arm64-Release-certified only for win-x64]" time="0.598" /><testcase classname="tests.test_build_layout" name="test_gpu_gate_rejects_an_uncertified_layout_before_execution[net10.0-windows10.0.19041.0-win-x64-Debug-certified only for Release builds]" time="0.601" /><testcase classname="tests.test_build_layout" name="test_powershell_and_python_resolve_the_same_changed_layout" time="0.467" /><testcase classname="tests.test_build_layout" name="test_all_active_projects_evaluate_the_canonical_framework" time="7.829" /><testcase classname="tests.test_build_setup.BuildSetupTests" name="test_dirty_worktree_is_rejected_before_package_or_dotnet" time="2.463" /><testcase classname="tests.test_build_setup.BuildSetupTests" name="test_existing_output_root_is_preserved_and_rejected_before_dotnet" time="2.495" /><testcase classname="tests.test_build_setup.BuildSetupTests" name="test_hardlinked_product_input_is_rejected_before_dotnet" time="2.685" /><testcase classname="tests.test_build_setup.BuildSetupTests" name="test_noncanonical_stored_zip_metadata_is_rejected" time="2.998" /><testcase classname="tests.test_build_setup.BuildSetupTests" name="test_oversized_sidecar_is_rejected_before_unbounded_read_or_dotnet" time="2.709" /><testcase classname="tests.test_build_setup.BuildSetupTests" name="test_package_commit_must_equal_clean_head" time="3.354" /><testcase classname="tests.test_build_setup.BuildSetupTests" name="test_package_root_must_be_exact_zip_and_sidecar" time="2.639" /><testcase classname="tests.test_build_setup.BuildSetupTests" name="test_reparse_point_in_output_ancestor_is_rejected_before_dotnet" time="2.522" /><testcase classname="tests.test_build_setup.BuildSetupTests" name="test_script_keeps_physical_delivery_and_exact_output_gates_explicit" time="0.790" /><testcase classname="tests.test_build_setup.BuildSetupTests" name="test_semantic_version_length_is_bounded_before_dotnet" time="3.172" /><testcase classname="tests.test_build_setup.BuildSetupTests" name="test_setup_generated_roots_are_ignored" time="1.119" /><testcase classname="tests.test_build_setup.BuildSetupTests" name="test_setup_runtime_contract_matches_the_packaging_contract" time="1.087" /><testcase classname="tests.test_build_setup.BuildSetupTests" name="test_sidecar_tamper_is_rejected_independently" time="3.673" /><testcase classname="tests.test_build_setup.BuildSetupTests" name="test_source_date_epoch_must_equal_head_commit_time" time="3.817" /><testcase classname="tests.test_build_setup.BuildSetupTests" name="test_stored_zip_crc_must_match_entry_bytes" time="3.393" /><testcase classname="tests.test_build_setup.BuildSetupTests" name="test_unsupported_data_schema_is_rejected_before_dotnet" time="3.282" /><testcase classname="tests.test_build_setup.BuildSetupTests" name="test_valid_package_reaches_isolated_snapshot_publish_and_canonical_attestation" time="4.405" /><testcase classname="tests.test_catalog_narration_visibility_probe" name="test_narration_subjects_are_bound_to_core_and_cover_each_mode" time="0.001" /><testcase classname="tests.test_current_catalog_argument_fidelity_probe" name="test_argument_oracle_covers_every_presentable_action_in_review" time="0.057" /><testcase classname="tests.test_current_catalog_argument_fidelity_probe" name="test_argument_oracle_accepts_exact_literals_and_temporal_windows" time="0.001" /><testcase classname="tests.test_current_catalog_argument_fidelity_probe" name="test_argument_oracle_rejects_one_changed_literal" time="0.002" /><testcase classname="tests.test_current_catalog_argument_fidelity_probe" name="test_argument_fidelity_probe_never_requests_an_effect" time="0.001" /><testcase classname="tests.test_current_catalog_dependent_grounding_probe" name="test_dependent_oracle_covers_every_real_deferred_catalog_plan" time="0.002" /><testcase classname="tests.test_current_catalog_dependent_grounding_probe" name="test_dependent_oracle_preserves_message_literals_independently" time="0.001" /><testcase classname="tests.test_current_catalog_dependent_grounding_probe" name="test_dependent_grounding_probe_never_dispatches_an_effect" time="0.001" /><testcase classname="tests.test_current_catalog_review" name="test_review_is_complete_explicit_and_non_authoritative" time="0.002" /><testcase classname="tests.test_current_catalog_review" name="test_effect_sets_exist_only_for_complete_actions" time="0.001" /><testcase classname="tests.test_current_catalog_review" name="test_known_family_conflicts_are_reviewed_against_current_catalogue" time="0.002" /><testcase classname="tests.test_current_catalog_review" name="test_reminder_notification_ambiguity_is_represented_as_alternatives" time="0.002" /><testcase classname="tests.test_current_catalog_review" name="test_exact_clock_notification_extension_separates_at_from_latest" time="0.001" /><testcase classname="tests.test_current_catalog_review" name="test_non_target_languages_are_named_and_fail_closed" time="0.005" /><testcase classname="tests.test_current_catalog_review" name="test_development_clarifications_preserve_every_complete_operation_identity" time="0.102" /><testcase classname="tests.test_current_catalog_review" name="test_development_actions_have_exact_deterministic_effect_coverage" time="0.093" /><testcase classname="tests.test_current_catalog_review" name="test_generated_artifact_and_manifest_identities_match" time="0.002" /><testcase classname="tests.test_current_catalog_review_probe" name="test_compatible_operation_sets_accept_exact_alternatives_only" time="0.001" /><testcase classname="tests.test_current_catalog_review_probe" name="test_retrieval_accepts_any_complete_compatible_set" time="0.000" /><testcase classname="tests.test_current_catalog_review_probe" name="test_raw_operation_projection_prefers_intent_identity" time="0.000" /><testcase classname="tests.test_current_catalog_review_probe" name="test_first_veto_reports_the_stage_that_removes_a_correct_effect" time="0.001" /><testcase classname="tests.test_current_catalog_review_probe" name="test_development_input_is_hash_bound_and_explicitly_not_blind" time="0.003" /><testcase classname="tests.test_current_catalog_review_probe" name="test_cross_tail_matrix_covers_four_families_in_both_orders" time="0.021" /><testcase classname="tests.test_current_catalog_review_probe" name="test_cross_action_tail_matrix_covers_literal_effects_in_both_orders" time="0.012" /><testcase classname="tests.test_current_catalog_review_probe" name="test_cross_triad_matrix_places_each_block_in_every_position" time="0.020" /><testcase classname="tests.test_current_catalog_review_probe" name="test_cross_triad_surface_matrix_varies_connectors_without_changing_order" time="0.056" /><testcase classname="tests.test_current_catalog_review_probe" name="test_cross_triad_lexical_matrix_varies_tails_without_changing_semantics" time="0.040" /><testcase classname="tests.test_current_catalog_review_probe" name="test_cross_triad_surface_lexical_matrix_crosses_both_invariances" time="0.142" /><testcase classname="tests.test_current_catalog_review_probe" name="test_cross_quad_matrix_places_four_blocks_in_every_position" time="0.038" /><testcase classname="tests.test_current_catalog_review_probe" name="test_raw_attempt_is_joined_to_terminal_recovery" time="0.012" /><testcase classname="tests.test_current_catalog_review_probe" name="test_ready_probe_rejects_natural_language_due_values_after_schema" time="0.001" /><testcase classname="tests.test_deferred_clean_environment_gates.DeferredCleanEnvironmentGateTests" name="test_app_open_publishes_one_step_evidence" time="0.001" /><testcase classname="tests.test_deferred_clean_environment_gates.DeferredCleanEnvironmentGateTests" name="test_app_open_reader_accepts_the_full_public_protocol_bound" time="0.001" /><testcase classname="tests.test_deferred_clean_environment_gates.DeferredCleanEnvironmentGateTests" name="test_app_open_refuses_preexisting_processes_and_data_leaf" time="0.001" /><testcase classname="tests.test_deferred_clean_environment_gates.DeferredCleanEnvironmentGateTests" name="test_checklist_keeps_both_gates_pending_by_environment" time="0.001" /><testcase classname="tests.test_deferred_clean_environment_gates.DeferredCleanEnvironmentGateTests" name="test_gate14_freezes_required_lifecycle_order" time="0.001" /><testcase classname="tests.test_deferred_clean_environment_gates.DeferredCleanEnvironmentGateTests" name="test_gate14_requires_disposable_profile_and_exact_purge_token" time="0.001" /><testcase classname="tests.test_dependency_grounding_matrix_probe" name="test_grounding_matrix_is_unique_bounded_and_dependency_complete" time="0.001" /><testcase classname="tests.test_dependency_grounding_matrix_probe" name="test_grounding_matrix_never_dispatches_an_operation" time="0.001" /><testcase classname="tests.test_dependency_grounding_matrix_probe" name="test_argument_match_requires_expected_fields_and_rejects_unknown_extras" time="0.000" /><testcase classname="tests.test_desktop_interaction_script_latency" name="test_known_folder_observes_before_waiting_and_retains_eight_second_horizon" time="0.000" /><testcase classname="tests.test_desktop_interaction_script_latency" name="test_known_file_retains_stability_window_but_fails_on_observed_exit" time="0.000" /><testcase classname="tests.test_desktop_interaction_script_latency" name="test_select_all_observes_before_waiting_and_retains_250_ms_horizon" time="0.000" /><testcase classname="tests.test_desktop_interaction_script_latency" name="test_select_all_poll_keeps_exact_identity_and_selection_postreads" time="0.001" /><testcase classname="tests.test_development_entrypoint" name="test_source_files_are_limited_to_the_active_build_closure" time="0.029" /><testcase classname="tests.test_development_entrypoint" name="test_source_fingerprint_changes_only_for_active_build_inputs" time="0.014" /><testcase classname="tests.test_development_entrypoint" name="test_directory_prefix_does_not_match_a_sibling_with_the_same_prefix" time="0.003" /><testcase classname="tests.test_development_entrypoint" name="test_dotnet_runtime_environment_is_scoped_to_the_child" time="0.004" /><testcase classname="tests.test_development_entrypoint" name="test_launch_passes_the_private_dotnet_runtime_only_to_baxy" time="0.004" /><testcase classname="tests.test_effect_intent" name="test_deterministic_audit_effect_subset_is_compositional[Hola-expected0]" time="0.001" /><testcase classname="tests.test_effect_intent" name="test_deterministic_audit_effect_subset_is_compositional[Gracias-expected1]" time="0.001" /><testcase classname="tests.test_effect_intent" name="test_deterministic_audit_effect_subset_is_compositional[No entend\xed-expected2]" time="0.001" /><testcase classname="tests.test_effect_intent" name="test_deterministic_audit_effect_subset_is_compositional[\xbfQu\xe9 hora es?-expected3]" time="0.001" /><testcase classname="tests.test_effect_intent" name="test_deterministic_audit_effect_subset_is_compositional[\xbfQu\xe9 fecha es hoy?-expected4]" time="0.002" /><testcase classname="tests.test_effect_intent" name="test_deterministic_audit_effect_subset_is_compositional[\xbfC\xf3mo est\xe1 el equipo?-expected5]" time="0.003" /><testcase classname="tests.test_effect_intent" name="test_deterministic_audit_effect_subset_is_compositional[Mu\xe9strame el uso de memoria-expected6]" time="0.003" /><testcase classname="tests.test_effect_intent" name="test_deterministic_audit_effect_subset_is_compositional[Lista los procesos que m\xe1s memoria usan-expected7]" time="0.002" /><testcase classname="tests.test_effect_intent" name="test_deterministic_audit_effect_subset_is_compositional[\xbfC\xf3mo est\xe1 la red?-expected8]" time="0.001" /><testcase classname="tests.test_effect_intent" name="test_deterministic_audit_effect_subset_is_compositional[Haz ping a 127.0.0.1-expected9]" time="0.002" /><testcase classname="tests.test_effect_intent" name="test_deterministic_audit_effect_subset_is_compositional[\xbfEn qu\xe9 volumen est\xe1 el computador?-expected10]" time="0.002" /><testcase classname="tests.test_effect_intent" name="test_deterministic_audit_effect_subset_is_compositional[Pon el volumen al 8 por ciento-expected11]" time="0.002" /><testcase classname="tests.test_effect_intent" name="test_deterministic_audit_effect_subset_is_compositional[Pon la m\xfasica al 20%-expected12]" time="0.002" /><testcase classname="tests.test_effect_intent" name="test_deterministic_audit_effect_subset_is_compositional[Sube el volumen en 2 puntos-expected13]" time="0.001" /><testcase classname="tests.test_effect_intent" name="test_deterministic_audit_effect_subset_is_compositional[Sube la m\xfasica en 2 puntos-expected14]" time="0.002" /><testcase classname="tests.test_effect_intent" name="test_deterministic_audit_effect_subset_is_compositional[Silencia el audio-expected15]" time="0.003" /><testcase classname="tests.test_effect_intent" name="test_deterministic_audit_effect_subset_is_compositional[Mute everything please-expected16]" time="0.001" /><testcase classname="tests.test_effect_intent" name="test_deterministic_audit_effect_subset_is_compositional[Silencia todo-expected17]" time="0.001" /><testcase classname="tests.test_effect_intent" name="test_deterministic_audit_effect_subset_is_compositional[No silencies todo-expected18]" time="0.001" /><testcase classname="tests.test_effect_intent" name="test_deterministic_audit_effect_subset_is_compositional[Mute everything on Spotify-expected19]" time="0.001" /><testcase classname="tests.test_effect_intent" name="test_deterministic_audit_effect_subset_is_compositional[Abre la calculadora-expected20]" time="0.002" /><testcase classname="tests.test_effect_intent" name="test_deterministic_audit_effect_subset_is_compositional[Abre el Bloc de notas-expected21]" time="0.004" /><testcase classname="tests.test_effect_intent" name="test_deterministic_audit_effect_subset_is_compositional[Abre Opera-expected22]" time="0.002" /><testcase classname="tests.test_effect_intent" name="test_deterministic_audit_effect_subset_is_compositional[Abre Spotify-expected23]" time="0.002" /><testcase classname="tests.test_effect_intent" name="test_deterministic_audit_effect_subset_is_compositional[\xbfEst\xe1 instalada la calculadora?-expected24]" time="0.003" /><testcase classname="tests.test_effect_intent" name="test_deterministic_audit_effect_subset_is_compositional[\xbfQu\xe9 ventana est\xe1 activa?-expected25]" time="0.002" /><testcase classname="tests.test_effect_intent" name="test_deterministic_audit_effect_subset_is_compositional[Maximiza la ventana activa-expected26]" time="0.002" /><testcase classname="tests.test_effect_intent" name="test_deterministic_audit_effect_subset_is_compositional[Minimiza la ventana activa-expected27]" time="0.002" /><testcase classname="tests.test_effect_intent" name="test_deterministic_audit_effect_subset_is_compositional[Escribe literalmente prueba BAXY-expected28]" time="0.002" /><testcase classname="tests.test_effect_intent" name="test_deterministic_audit_effect_subset_is_compositional[Selecciona todo-expected29]" time="0.001" /><testcase classname="tests.test_effect_intent" name="test_deterministic_audit_effect_subset_is_compositional[Abre el teclado en pantalla-expected30]" time="0.002" /><testcase classname="tests.test_effect_intent" name="test_deterministic_audit_effect_subset_is_compositional[Lee el portapapeles-expected31]" time="0.001" /><testcase classname="tests.test_effect_intent" name="test_deterministic_audit_effect_subset_is_compositional[qu\xe9 hay en el portapapeles-expected32]" time="0.002" /><testcase classname="tests.test_effect_intent" name="test_deterministic_audit_effect_subset_is_compositional[Pega esto en el bloc de notas-expected33]" time="0.002" /><testcase classname="tests.test_effect_intent" name="test_deterministic_audit_effect_subset_is_compositional[anota que tengo que comprar pan-expected34]" time="0.002" /><testcase classname="tests.test_effect_intent" name="test_deterministic_audit_effect_subset_is_compositional[S\xe1cale una foto de captura a mi pc, \xbfqu\xe9 se ve?-expected35]" time="0.002" /><testcase classname="tests.test_effect_intent" name="test_deterministic_audit_effect_subset_is_compositional[Copia la selecci\xf3n-expected36]" time="0.002" /><testcase classname="tests.test_effect_intent" name="test_deterministic_audit_effect_subset_is_compositional[Haz una captura de pantalla-expected37]" time="0.001" /><testcase classname="tests.test_effect_intent" name="test_deterministic_audit_effect_subset_is_compositional[Lee con OCR la \xfaltima captura-expected38]" time="0.001" /><testcase classname="tests.test_effect_intent" name="test_deterministic_audit_effect_subset_is_compositional[Crea una nota llamada Auditor\xeda con el contenido prueba-expected39]" time="0.002" /><testcase classname="tests.test_effect_intent" name="test_deterministic_audit_effect_subset_is_compositional[Lista mis notas-expected40]" time="0.001" /><testcase classname="tests.test_effect_intent" name="test_deterministic_audit_effect_subset_is_compositional[Busca prueba en mis notas-expected41]" time="0.002" /><testcase classname="tests.test_effect_intent" name="test_deterministic_audit_effect_subset_is_compositional[Crea una tarea llamada Auditor\xeda-expected42]" time="0.002" /><testcase classname="tests.test_effect_intent" name="test_deterministic_audit_effect_subset_is_compositional[Lista mis tareas pendientes-expected43]" time="0.001" /><testcase classname="tests.test_effect_intent" name="test_deterministic_audit_effect_subset_is_compositional[Busca Auditor\xeda en mis tareas-expected44]" time="0.003" /><testcase classname="tests.test_effect_intent" name="test_deterministic_audit_effect_subset_is_compositional[Crea un recordatorio llamado Auditor\xeda para ma\xf1ana a las 9-expected45]" time="0.003" /><testcase classname="tests.test_effect_intent" name="test_deterministic_audit_effect_subset_is_compositional[Lista mis recordatorios-expected46]" time="0.001" /><testcase classname="tests.test_effect_intent" name="test_deterministic_audit_effect_subset_is_compositional[Lista mis rutinas-expected47]" time="0.001" /><testcase classname="tests.test_effect_intent" name="test_deterministic_audit_effect_subset_is_compositional[Busca OpenAI en la web-expected48]" time="0.001" /><testcase classname="tests.test_effect_intent" name="test_deterministic_audit_effect_subset_is_compositional[Navega a https://example.com/-expected49]" time="0.002" /><testcase classname="tests.test_effect_intent" name="test_deterministic_audit_effect_subset_is_compositional[Navega mi sesi\xf3n de YouTube exactamente a https://www.youtube.com/results?search_query=BAXY-expected50]" time="0.002" /><testcase classname="tests.test_effect_intent" name="test_deterministic_audit_effect_subset_is_compositional[Navigate to https://www.netflix.com/browse in my streaming session-expected51]" time="0.002" /><testcase classname="tests.test_effect_intent" name="test_deterministic_audit_effect_subset_is_compositional[Navega mi sesi\xf3n de YouTube a https://www.youtube.com/results?search_query=BAXY y despu\xe9s busca exactamente OpenAI Codex en la web-expected52]" time="0.003" /><testcase classname="tests.test_effect_intent" name="test_deterministic_audit_effect_subset_is_compositional[Abre Opera GX y busca en Google: mejores teclados mec\xe1nicos 2026-expected53]" time="0.003" /><testcase classname="tests.test_effect_intent" name="test_deterministic_audit_effect_subset_is_compositional[Abre calculadora y pega el portapapeles-expected54]" time="0.002" /><testcase classname="tests.test_effect_intent" name="test_deterministic_audit_effect_subset_is_compositional[Navega Opera a https://example.com/-expected55]" time="0.002" /><testcase classname="tests.test_effect_intent" name="test_deterministic_audit_effect_subset_is_compositional[Lee la p\xe1gina actual-expected56]" time="0.002" /><testcase classname="tests.test_effect_intent" name="test_deterministic_audit_effect_subset_is_compositional[Lista las pesta\xf1as del navegador-expected57]" time="0.001" /><testcase classname="tests.test_effect_intent" name="test_deterministic_audit_effect_subset_is_compositional[Recarga la p\xe1gina-expected58]" time="0.002" /><testcase classname="tests.test_effect_intent" name="test_deterministic_audit_effect_subset_is_compositional[Busca Beat It en Spotify y reprod\xfacela-expected59]" time="0.003" /><testcase classname="tests.test_effect_intent" name="test_deterministic_audit_effect_subset_is_compositional[Pon Tesla en vivo-expected60]" time="0.002" /><testcase classname="tests.test_effect_intent" name="test_deterministic_audit_effect_subset_is_compositional[Pon la c\xe1mara en vivo-expected61]" time="0.002" /><testcase classname="tests.test_effect_intent" name="test_deterministic_audit_effect_subset_is_compositional[Cambia el artista-expected62]" time="0.003" /><testcase classname="tests.test_effect_intent" name="test_deterministic_audit_effect_subset_is_compositional[Change the artist, please-expected63]" time="0.002" /><testcase classname="tests.test_effect_intent" name="test_deterministic_audit_effect_subset_is_compositional[Can I see the reminder for Haley's birthday party again?-expected64]" time="0.003" /><testcase classname="tests.test_effect_intent" name="test_deterministic_audit_effect_subset_is_compositional[Cambia el artista a Queen-expected65]" time="0.002" /><testcase classname="tests.test_effect_intent" name="test_deterministic_audit_effect_subset_is_compositional[Lugares para ir despu\xe9s de la medianoche-expected66]" time="0.001" /><testcase classname="tests.test_effect_intent" name="test_deterministic_audit_effect_subset_is_compositional[Places to go after midnight-expected67]" time="0.001" /><testcase classname="tests.test_effect_intent" name="test_deterministic_audit_effect_subset_is_compositional[Reminders for birthdays.-expected68]" time="0.001" /><testcase classname="tests.test_effect_intent" name="test_deterministic_audit_effect_subset_is_compositional[Recordatorios de cumplea\xf1os.-expected69]" time="0.001" /><testcase classname="tests.test_effect_intent" name="test_deterministic_audit_effect_subset_is_compositional[Reminders for tomorrow.-expected70]" time="0.001" /><testcase classname="tests.test_effect_intent" name="test_deterministic_audit_effect_subset_is_compositional[Para la alarma, por favor-expected71]" time="0.001" /><testcase classname="tests.test_effect_intent" name="test_deterministic_audit_effect_subset_is_compositional[Para la alarma a las siete-expected72]" time="0.001" /><testcase classname="tests.test_effect_intent" name="test_deterministic_audit_effect_subset_is_compositional[Pausa la m\xfasica-expected73]" time="0.002" /><testcase classname="tests.test_effect_intent" name="test_deterministic_audit_effect_subset_is_compositional[Det\xe9n el audio-expected74]" time="0.001" /><testcase classname="tests.test_effect_intent" name="test_deterministic_audit_effect_subset_is_compositional[Stop the audio-expected75]" time="0.001" /><testcase classname="tests.test_effect_intent" name="test_deterministic_audit_effect_subset_is_compositional[Por favor reproduzca el audio recientemente pausado-expected76]" time="0.002" /><testcase classname="tests.test_effect_intent" name="test_deterministic_audit_effect_subset_is_compositional[Please play recently paused audio-expected77]" time="0.002" /><testcase classname="tests.test_effect_intent" name="test_deterministic_audit_effect_subset_is_compositional[\xbfQu\xe9 m\xfasica est\xe1 sonando?-expected78]" time="0.003" /><testcase classname="tests.test_effect_intent" name="test_deterministic_audit_effect_subset_is_compositional[Lista mis juegos de Steam-expected79]" time="0.001" /><testcase classname="tests.test_effect_intent" name="test_deterministic_audit_effect_subset_is_compositional[\xbfEst\xe1 instalado el juego Half-Life 2 en Steam?-expected80]" time="0.006" /><testcase classname="tests.test_effect_intent" name="test_deterministic_audit_effect_subset_is_compositional[Lista los dispositivos Bluetooth-expected81]" time="0.002" /><testcase classname="tests.test_effect_intent" name="test_deterministic_audit_effect_subset_is_compositional[Lista los perif\xe9ricos conectados-expected82]" time="0.002" /><testcase classname="tests.test_effect_intent" name="test_deterministic_audit_effect_subset_is_compositional[\xbfC\xf3mo est\xe1 el Wi-Fi?-expected83]" time="0.003" /><testcase classname="tests.test_effect_intent" name="test_deterministic_audit_effect_subset_is_compositional[Lista los perfiles Wi-Fi guardados-expected84]" time="0.003" /><testcase classname="tests.test_effect_intent" name="test_deterministic_audit_effect_subset_is_compositional[Lista mis pr\xf3ximos eventos del calendario-expected85]" time="0.002" /><testcase classname="tests.test_effect_intent" name="test_deterministic_audit_effect_subset_is_compositional[Lee el correo m\xe1s reciente-expected86]" time="0.002" /><testcase classname="tests.test_effect_intent" name="test_deterministic_audit_effect_subset_is_compositional[Abre Opera, navega a https://example.com/ y lee la p\xe1gina-expected87]" time="0.003" /><testcase classname="tests.test_effect_intent" name="test_deterministic_audit_effect_subset_is_compositional[Haz una captura de pantalla y luego l\xe9ela con OCR-expected88]" time="0.001" /><testcase classname="tests.test_effect_intent" name="test_deterministic_audit_effect_subset_is_compositional[Crea una nota llamada Auditor\xeda encadenada y despu\xe9s l\xe9ela-expected89]" time="0.003" /><testcase classname="tests.test_effect_intent" name="test_deterministic_audit_effect_subset_is_compositional[Pon el volumen al 8 por ciento y luego dime en cu\xe1nto qued\xf3-expected90]" time="0.004" /><testcase classname="tests.test_effect_intent" name="test_deterministic_audit_effect_subset_is_compositional[Abre Spotify, reproduce exactamente Beat It y despu\xe9s pausa-expected91]" time="0.004" /><testcase classname="tests.test_effect_intent" name="test_effect_recognition_covers_paraphrases_not_literal_sentences[Could you open calculator please?-expected0]" time="0.002" /><testcase classname="tests.test_effect_intent" name="test_effect_recognition_covers_paraphrases_not_literal_sentences[show the current computer status-expected1]" time="0.001" /><testcase classname="tests.test_effect_intent" name="test_effect_recognition_covers_paraphrases_not_literal_sentences[set volume to 27%-expected2]" time="0.002" /><testcase classname="tests.test_effect_intent" name="test_effect_recognition_covers_paraphrases_not_literal_sentences[show my pending tasks-expected3]" time="0.001" /><testcase classname="tests.test_effect_intent" name="test_effect_recognition_covers_paraphrases_not_literal_sentences[Take a screenshot, then read it with OCR-expected4]" time="0.001" /><testcase classname="tests.test_effect_intent" name="test_effect_recognition_covers_paraphrases_not_literal_sentences[Open Opera then navigate to https://example.org and read the page-expected5]" time="0.003" /><testcase classname="tests.test_effect_intent" name="test_effect_recognition_covers_paraphrases_not_literal_sentences[Play Beat It exactly on Spotify and pause afterwards-expected6]" time="0.007" /><testcase classname="tests.test_effect_intent" name="test_effect_recognition_covers_paraphrases_not_literal_sentences[Play Beat It exactly on Spotify and pause afterwards.-expected7]" time="0.002" /><testcase classname="tests.test_effect_intent" name="test_effect_recognition_covers_paraphrases_not_literal_sentences[Puedes abrir Spotify y reproducir Beat It-expected8]" time="0.002" /><testcase classname="tests.test_effect_intent" name="test_effect_recognition_covers_paraphrases_not_literal_sentences[Podr\xedas abrir Opera y navegar a https://example.com y leer la p\xe1gina-expected9]" time="0.003" /><testcase classname="tests.test_effect_intent" name="test_effect_recognition_covers_paraphrases_not_literal_sentences[Puedes hacer una captura y leerla con OCR-expected10]" time="0.001" /><testcase classname="tests.test_effect_intent" name="test_effect_recognition_covers_paraphrases_not_literal_sentences[\xbfEst\xe1 instalado el juego Half-Life 2 en Steam?-expected11]" time="0.002" /><testcase classname="tests.test_effect_intent" name="test_recognized_effect_must_exist_in_authenticated_catalog" time="0.002" /><testcase classname="tests.test_effect_intent" name="test_notification_cancellation_distinguishes_exact_clock_from_latest[Get rid of the five p.m. alarm-notification.cancel.at]" time="0.002" /><testcase classname="tests.test_effect_intent" name="test_notification_cancellation_distinguishes_exact_clock_from_latest[Quita la alarma de las cinco de la tarde-notification.cancel.at]" time="0.002" /><testcase classname="tests.test_effect_intent" name="test_notification_cancellation_distinguishes_exact_clock_from_latest[Remove the 17:30 alarm-notification.cancel.at]" time="0.002" /><testcase classname="tests.test_effect_intent" name="test_notification_cancellation_distinguishes_exact_clock_from_latest[Cancela la alarma m\xe1s reciente-notification.cancel.latest]" time="0.001" /><testcase classname="tests.test_effect_intent" name="test_alarm_without_identity_clarifies_instead_of_guessing_latest[Can the alarm that I have set, please be be turned of]" time="0.001" /><testcase classname="tests.test_effect_intent" name="test_alarm_without_identity_clarifies_instead_of_guessing_latest[Deactivate alarm]" time="0.001" /><testcase classname="tests.test_effect_intent" name="test_alarm_without_identity_clarifies_instead_of_guessing_latest[Desactiva la alarma]" time="0.001" /><testcase classname="tests.test_effect_intent" name="test_culturally_variable_meal_times_require_an_exact_alarm_time[Pon la alarma para la hora de la merienda]" time="0.001" /><testcase classname="tests.test_effect_intent" name="test_culturally_variable_meal_times_require_an_exact_alarm_time[Set an alarm for dinner time]" time="0.001" /><testcase classname="tests.test_effect_intent" name="test_authenticated_application_catalog_routes_exact_entities[Abre Paint-expected0]" time="0.001" /><testcase classname="tests.test_effect_intent" name="test_authenticated_application_catalog_routes_exact_entities[Abre Visual Studio Code-expected1]" time="0.001" /><testcase classname="tests.test_effect_intent" name="test_authenticated_application_catalog_routes_exact_entities[Abre la aplicacion Spotify-expected2]" time="0.001" /><testcase classname="tests.test_effect_intent" name="test_authenticated_application_catalog_routes_exact_entities[Esta instalado Paint?-expected3]" time="0.001" /><testcase classname="tests.test_effect_intent" name="test_authenticated_application_catalog_routes_exact_entities[Is Visual Studio Code installed?-expected4]" time="0.001" /><testcase classname="tests.test_effect_intent" name="test_authenticated_application_catalog_routes_exact_entities[Abre Paint y Visual Studio Code-expected5]" time="0.002" /><testcase classname="tests.test_effect_intent" name="test_authenticated_application_catalog_routes_exact_entities[Abre Paint, Visual Studio Code-expected6]" time="0.001" /><testcase classname="tests.test_effect_intent" name="test_authenticated_application_catalog_routes_exact_entities[Abre Paint y Spotify-expected7]" time="0.001" /><testcase classname="tests.test_effect_intent" name="test_authenticated_application_catalog_routes_exact_entities[Estan instalados Paint y Visual Studio Code?-expected8]" time="0.002" /><testcase classname="tests.test_effect_intent" name="test_authenticated_application_catalog_routes_exact_entities[Are Paint and Visual Studio Code installed?-expected9]" time="0.001" /><testcase classname="tests.test_effect_intent" name="test_authenticated_application_catalog_routes_exact_entities[Estan instalados Paint y Spotify?-expected10]" time="0.001" /><testcase classname="tests.test_effect_intent" name="test_authenticated_application_catalog_routes_exact_entities[Are Paint and Spotify installed?-expected11]" time="0.001" /><testcase classname="tests.test_effect_intent" name="test_authenticated_application_catalog_routes_exact_entities[Estan instalados Visual Studio Code y Spotify?-expected12]" time="0.001" /><testcase classname="tests.test_effect_intent" name="test_large_application_catalog_reuses_index_far_below_turn_sla" time="0.065" /><testcase classname="tests.test_effect_intent" name="test_application_launch_identity_is_closed_over_authenticated_inventory" time="0.002" /><testcase classname="tests.test_effect_intent" name="test_builtin_keyboard_operation_precedes_dynamic_app_name" time="0.003" /><testcase classname="tests.test_effect_intent" name="test_new_notepad_paste_composes_only_with_authenticated_application" time="0.002" /><testcase classname="tests.test_effect_intent" name="test_spotify_context_preserves_exact_play_then_pause_plan" time="0.005" /><testcase classname="tests.test_effect_intent" name="test_authenticated_application_catalog_requires_exact_anchored_target[Abre Paint documentation]" time="0.002" /><testcase classname="tests.test_effect_intent" name="test_authenticated_application_catalog_requires_exact_anchored_target[Abre Visual Studio Code examples]" time="0.002" /><testcase classname="tests.test_effect_intent" name="test_authenticated_application_catalog_requires_exact_anchored_target[Open the application door]" time="0.002" /><testcase classname="tests.test_effect_intent" name="test_authenticated_application_catalog_requires_exact_anchored_target[Is Word installed in the dictionary?]" time="0.002" /><testcase classname="tests.test_effect_intent" name="test_authenticated_application_identity_preserves_punctuation" time="0.002" /><testcase classname="tests.test_effect_intent" name="test_authenticated_desired_app_state_is_an_exact_open_effect[I need you to open Spotify]" time="0.002" /><testcase classname="tests.test_effect_intent" name="test_authenticated_desired_app_state_is_an_exact_open_effect[Get Spotify running]" time="0.001" /><testcase classname="tests.test_effect_intent" name="test_authenticated_desired_app_state_is_an_exact_open_effect[Spotify needs to be open]" time="0.002" /><testcase classname="tests.test_effect_intent" name="test_desired_app_state_never_bypasses_time_negation_or_device_scope[I needed you to open Spotify]" time="0.001" /><testcase classname="tests.test_effect_intent" name="test_desired_app_state_never_bypasses_time_negation_or_device_scope[I need you not to open Spotify]" time="0.001" /><testcase classname="tests.test_effect_intent" name="test_desired_app_state_never_bypasses_time_negation_or_device_scope[Get Spotify running tomorrow]" time="0.001" /><testcase classname="tests.test_effect_intent" name="test_desired_app_state_never_bypasses_time_negation_or_device_scope[Get Spotify running on my phone]" time="0.001" /><testcase classname="tests.test_effect_intent" name="test_desired_app_state_never_bypasses_time_negation_or_device_scope[Get Spotify documentation running]" time="0.001" /><testcase classname="tests.test_effect_intent" name="test_authenticated_application_lists_cover_natural_en_es_connectors[Open Paint, Spotify, and Visual Studio Code-expected0]" time="0.001" /><testcase classname="tests.test_effect_intent" name="test_authenticated_application_lists_cover_natural_en_es_connectors[Abre Paint, Spotify y Visual Studio Code-expected1]" time="0.001" /><testcase classname="tests.test_effect_intent" name="test_authenticated_application_lists_cover_natural_en_es_connectors[Open Paint and then Spotify-expected2]" time="0.001" /><testcase classname="tests.test_effect_intent" name="test_authenticated_application_lists_cover_natural_en_es_connectors[Abre Paint y luego Spotify-expected3]" time="0.001" /><testcase classname="tests.test_effect_intent" name="test_authenticated_application_lists_cover_natural_en_es_connectors[Are Paint, Spotify, and Visual Studio Code installed?-expected4]" time="0.002" /><testcase classname="tests.test_effect_intent" name="test_authenticated_application_lists_cover_natural_en_es_connectors[Estan Paint, Spotify y Visual Studio Code instalados?-expected5]" time="0.002" /><testcase classname="tests.test_effect_intent" name="test_authenticated_application_lists_cover_natural_en_es_connectors[Are installed Paint and then Spotify?-expected6]" time="0.001" /><testcase classname="tests.test_effect_intent" name="test_authenticated_application_lists_cover_natural_en_es_connectors[Estan instalados Paint y luego Spotify?-expected7]" time="0.001" /><testcase classname="tests.test_effect_intent" name="test_authenticated_application_prefers_the_complete_exact_name[Open The App NOW-the app now]" time="0.002" /><testcase classname="tests.test_effect_intent" name="test_authenticated_application_prefers_the_complete_exact_name[Open The App-the app]" time="0.001" /><testcase classname="tests.test_effect_intent" name="test_authenticated_application_prefers_the_complete_exact_name[Open App NOW-app now]" time="0.001" /><testcase classname="tests.test_effect_intent" name="test_authenticated_application_prefers_the_complete_exact_name[Open NOW-now]" time="0.001" /><testcase classname="tests.test_effect_intent" name="test_exact_authenticated_app_name_words_do_not_trigger_global_guards[Command Prompt]" time="0.001" /><testcase classname="tests.test_effect_intent" name="test_exact_authenticated_app_name_words_do_not_trigger_global_guards[Adobe After Effects]" time="0.002" /><testcase classname="tests.test_effect_intent" name="test_exact_authenticated_app_name_words_do_not_trigger_global_guards[Scan and Capture]" time="0.001" /><testcase classname="tests.test_effect_intent" name="test_more_than_eight_authenticated_apps_get_a_conservation_veto" time="0.003" /><testcase classname="tests.test_effect_intent" name="test_unknown_installed_entity_is_left_to_closed_catalog_semantics[\xbfEst\xe1 instalado Portal 2?]" time="0.002" /><testcase classname="tests.test_effect_intent" name="test_unknown_installed_entity_is_left_to_closed_catalog_semantics[\xbfEst\xe1 instalado Half-Life 2?]" time="0.002" /><testcase classname="tests.test_effect_intent" name="test_unknown_installed_entity_is_left_to_closed_catalog_semantics[Is Stardew Valley installed?]" time="0.001" /><testcase classname="tests.test_effect_intent" name="test_unknown_installed_entity_is_left_to_closed_catalog_semantics[\xbfEst\xe1 instalado Photoshop 2024?]" time="0.002" /><testcase classname="tests.test_effect_intent" name="test_unknown_installed_entity_is_left_to_closed_catalog_semantics[Is Python 3 installed?]" time="0.002" /><testcase classname="tests.test_effect_intent" name="test_mentions_negations_and_how_to_questions_never_gain_effects[Don't open Spotify]" time="0.001" /><testcase classname="tests.test_effect_intent" name="test_mentions_negations_and_how_to_questions_never_gain_effects[No abre Spotify]" time="0.001" /><testcase classname="tests.test_effect_intent" name="test_mentions_negations_and_how_to_questions_never_gain_effects[Solo responde, no uses herramientas: abre Steam]" time="0.001" /><testcase classname="tests.test_effect_intent" name="test_mentions_negations_and_how_to_questions_never_gain_effects[\xbfQu\xe9 significa mute?]" time="0.001" /><testcase classname="tests.test_effect_intent" name="test_mentions_negations_and_how_to_questions_never_gain_effects[\xbfC\xf3mo hacer una captura?]" time="0.001" /><testcase classname="tests.test_effect_intent" name="test_mentions_negations_and_how_to_questions_never_gain_effects[Translate 'open Spotify' into Spanish]" time="0.001" /><testcase classname="tests.test_effect_intent" name="test_mentions_negations_and_how_to_questions_never_gain_effects[Translate what time is it into Spanish]" time="0.001" /><testcase classname="tests.test_effect_intent" name="test_mentions_negations_and_how_to_questions_never_gain_effects[What music do you like?]" time="0.001" /><testcase classname="tests.test_effect_intent" name="test_mentions_negations_and_how_to_questions_never_gain_effects[What song should I write?]" time="0.001" /><testcase classname="tests.test_effect_intent" name="test_mentions_negations_and_how_to_questions_never_gain_effects[Busca c\xf3mo crear una tarea]" time="0.001" /><testcase classname="tests.test_effect_intent" name="test_mentions_negations_and_how_to_questions_never_gain_effects[I won't open Spotify]" time="0.001" /><testcase classname="tests.test_effect_intent" name="test_mentions_negations_and_how_to_questions_never_gain_effects[You should not open Spotify]" time="0.001" /><testcase classname="tests.test_effect_intent" name="test_mentions_negations_and_how_to_questions_never_gain_effects[I cannot open Spotify]" time="0.001" /><testcase classname="tests.test_effect_intent" name="test_mentions_negations_and_how_to_questions_never_gain_effects[What is ping?]" time="0.001" /><testcase classname="tests.test_effect_intent" name="test_mentions_negations_and_how_to_questions_never_gain_effects[Explain the concept of ping]" time="0.001" /><testcase classname="tests.test_effect_intent" name="test_mentions_negations_and_how_to_questions_never_gain_effects[Bluetooth devices use radio waves]" time="0.001" /><testcase classname="tests.test_effect_intent" name="test_mentions_negations_and_how_to_questions_never_gain_effects[List biological processes that use memory]" time="0.001" /><testcase classname="tests.test_effect_intent" name="test_mentions_negations_and_how_to_questions_never_gain_effects[Is Python installed?]" time="0.002" /><testcase classname="tests.test_effect_intent" name="test_mentions_negations_and_how_to_questions_never_gain_effects[Is Python 3 installed?]" time="0.002" /><testcase classname="tests.test_effect_intent" name="test_mentions_negations_and_how_to_questions_never_gain_effects[\xbfEst\xe1 instalado Visual Studio 2022?]" time="0.002" /><testcase classname="tests.test_effect_intent" name="test_mentions_negations_and_how_to_questions_never_gain_effects[Visual Studio Code is installed]" time="0.001" /><testcase classname="tests.test_effect_intent" name="test_mentions_negations_and_how_to_questions_never_gain_effects[I read the latest email yesterday]" time="0.001" /><testcase classname="tests.test_effect_intent" name="test_mentions_negations_and_how_to_questions_never_gain_effects[The current song is popular]" time="0.001" /><testcase classname="tests.test_effect_intent" name="test_mentions_negations_and_how_to_questions_never_gain_effects[Say open Spotify out loud]" time="0.001" /><testcase classname="tests.test_effect_intent" name="test_mentions_negations_and_how_to_questions_never_gain_effects[The button says play exactly on Spotify]" time="0.001" /><testcase classname="tests.test_effect_intent" name="test_mentions_negations_and_how_to_questions_never_gain_effects[\xbfQu\xe9 hora es la pel\xedcula?]" time="0.002" /><testcase classname="tests.test_effect_intent" name="test_mentions_negations_and_how_to_questions_never_gain_effects[\xbfC\xf3mo est\xe1 el equipo de f\xfatbol?]" time="0.002" /><testcase classname="tests.test_effect_intent" name="test_mentions_negations_and_how_to_questions_never_gain_effects[\xbfC\xf3mo est\xe1 la red neuronal?]" time="0.001" /><testcase classname="tests.test_effect_intent" name="test_mentions_negations_and_how_to_questions_never_gain_effects[Lista procesos biol\xf3gicos que usan memoria]" time="0.002" /><testcase classname="tests.test_effect_intent" name="test_mentions_negations_and_how_to_questions_never_gain_effects[\xbfEn qu\xe9 volumen de la enciclopedia aparece BAXY?]" time="0.002" /><testcase classname="tests.test_effect_intent" name="test_mentions_negations_and_how_to_questions_never_gain_effects[Silencia las notificaciones de Slack]" time="0.002" /><testcase classname="tests.test_effect_intent" name="test_mentions_negations_and_how_to_questions_never_gain_effects[Haz una captura del ladr\xf3n]" time="0.001" /><testcase classname="tests.test_effect_intent" name="test_mentions_negations_and_how_to_questions_never_gain_effects[Lee la p\xe1gina 42 del documento]" time="0.002" /><testcase classname="tests.test_effect_intent" name="test_mentions_negations_and_how_to_questions_never_gain_effects[Recarga la p\xe1gina del libro]" time="0.001" /><testcase classname="tests.test_effect_intent" name="test_mentions_negations_and_how_to_questions_never_gain_effects[\xbfQu\xe9 canci\xf3n est\xe1 sonando en mi cabeza?]" time="0.001" /><testcase classname="tests.test_effect_intent" name="test_mentions_negations_and_how_to_questions_never_gain_effects[Abre Spotify pero no abras Spotify]" time="0.001" /><testcase classname="tests.test_effect_intent" name="test_mentions_negations_and_how_to_questions_never_gain_effects[Open Spotify but do not open Spotify]" time="0.001" /><testcase classname="tests.test_effect_intent" name="test_mentions_negations_and_how_to_questions_never_gain_effects[Abre calculadora y env\xeda un mensaje a Ana]" time="0.003" /><testcase classname="tests.test_effect_intent" name="test_mentions_negations_and_how_to_questions_never_gain_effects[Abre calculadora y elimina el archivo prueba.txt]" time="0.003" /><testcase classname="tests.test_effect_intent" name="test_mentions_negations_and_how_to_questions_never_gain_effects[Abre calculadora y apaga el equipo]" time="0.004" /><testcase classname="tests.test_effect_intent" name="test_mentions_negations_and_how_to_questions_never_gain_effects[Crea una nota y borra la nota anterior]" time="0.003" /><testcase classname="tests.test_effect_intent" name="test_mentions_negations_and_how_to_questions_never_gain_effects[Abre Spotify y luego cierralo]" time="0.002" /><testcase classname="tests.test_effect_intent" name="test_mentions_negations_and_how_to_questions_never_gain_effects[Crea una tarea y luego completala]" time="0.002" /><testcase classname="tests.test_effect_intent" name="test_mentions_negations_and_how_to_questions_never_gain_effects[Crea una tarea y luego actualizala]" time="0.002" /><testcase classname="tests.test_effect_intent" name="test_mentions_negations_and_how_to_questions_never_gain_effects[Crea una tarea y luego marcala como hecha]" time="0.002" /><testcase classname="tests.test_effect_intent" name="test_mentions_negations_and_how_to_questions_never_gain_effects[Create a task then mark it done]" time="0.002" /><testcase classname="tests.test_effect_intent" name="test_mentions_negations_and_how_to_questions_never_gain_effects[Abre Spotify y luego sal de la aplicacion]" time="0.002" /><testcase classname="tests.test_effect_intent" name="test_mentions_negations_and_how_to_questions_never_gain_effects[Open Spotify then exit the app]" time="0.002" /><testcase classname="tests.test_effect_intent" name="test_mentions_negations_and_how_to_questions_never_gain_effects[Abre Spotify y luego apagalo]" time="0.002" /><testcase classname="tests.test_effect_intent" name="test_mentions_negations_and_how_to_questions_never_gain_effects[Crea una nota y luego deshazte de ella]" time="0.001" /><testcase classname="tests.test_effect_intent" name="test_mentions_negations_and_how_to_questions_never_gain_effects[Abre calculadora y habilita la memoria]" time="0.002" /><testcase classname="tests.test_effect_intent" name="test_mentions_negations_and_how_to_questions_never_gain_effects[Abre calculadora y olvida mi color favorito]" time="0.002" /><testcase classname="tests.test_effect_intent" name="test_mentions_negations_and_how_to_questions_never_gain_effects[Abre calculadora y responde el correo m\xe1s reciente]" time="0.002" /><testcase classname="tests.test_effect_intent" name="test_mentions_negations_and_how_to_questions_never_gain_effects[Abre calculadora y programa una notificaci\xf3n]" time="0.002" /><testcase classname="tests.test_effect_intent" name="test_mentions_negations_and_how_to_questions_never_gain_effects[Abre calculadora y cancela una notificaci\xf3n]" time="0.002" /><testcase classname="tests.test_effect_intent" name="test_mentions_negations_and_how_to_questions_never_gain_effects[Abre calculadora y diagnostica una notificaci\xf3n]" time="0.002" /><testcase classname="tests.test_effect_intent" name="test_mentions_negations_and_how_to_questions_never_gain_effects[Abre calculadora y completa la tarea Auditor\xeda]" time="0.002" /><testcase classname="tests.test_effect_intent" name="test_mentions_negations_and_how_to_questions_never_gain_effects[Abre calculadora y reabre la tarea Auditor\xeda]" time="0.002" /><testcase classname="tests.test_effect_intent" name="test_mentions_negations_and_how_to_questions_never_gain_effects[Abre calculadora y actualiza la tarea Auditor\xeda]" time="0.002" /><testcase classname="tests.test_effect_intent" name="test_mentions_negations_and_how_to_questions_never_gain_effects[Abre calculadora y describe la pantalla]" time="0.002" /><testcase classname="tests.test_effect_intent" name="test_mentions_negations_and_how_to_questions_never_gain_effects[Abre calculadora y redimensiona la ventana]" time="0.002" /><testcase classname="tests.test_effect_intent" name="test_mentions_negations_and_how_to_questions_never_gain_effects[Abre calculadora y enfoca Spotify]" time="0.002" /><testcase classname="tests.test_effect_intent" name="test_mentions_negations_and_how_to_questions_never_gain_effects[Abre calculadora y presiona Enter]" time="0.001" /><testcase classname="tests.test_effect_intent" name="test_mentions_negations_and_how_to_questions_never_gain_effects[Abre calculadora y vac\xeda la papelera]" time="0.002" /><testcase classname="tests.test_effect_intent" name="test_mentions_negations_and_how_to_questions_never_gain_effects[Abre calculadora y termina el proceso demo]" time="0.002" /><testcase classname="tests.test_effect_intent" name="test_mentions_negations_and_how_to_questions_never_gain_effects[Abre calculadora y verifica la copia de seguridad]" time="0.002" /><testcase classname="tests.test_effect_intent" name="test_mentions_negations_and_how_to_questions_never_gain_effects[Abre calculadora y no abras Spotify]" time="0.001" /><testcase classname="tests.test_effect_intent" name="test_mentions_negations_and_how_to_questions_never_gain_effects[Abre calculadora y no silencies el audio]" time="0.001" /><testcase classname="tests.test_effect_intent" name="test_mentions_negations_and_how_to_questions_never_gain_effects[Open calculator and do not open Spotify]" time="0.001" /><testcase classname="tests.test_effect_intent" name="test_mentions_negations_and_how_to_questions_never_gain_effects[Busca Spotify en Google]" time="0.001" /><testcase classname="tests.test_effect_intent" name="test_mentions_negations_and_how_to_questions_never_gain_effects[Busca Spotify en Wikipedia]" time="0.001" /><testcase classname="tests.test_effect_intent" name="test_mentions_negations_and_how_to_questions_never_gain_effects[Busca la palabra Spotify en este documento]" time="0.002" /><testcase classname="tests.test_effect_intent" name="test_mentions_negations_and_how_to_questions_never_gain_effects[Maximiza la ventana de oportunidad]" time="0.001" /><testcase classname="tests.test_effect_intent" name="test_mentions_negations_and_how_to_questions_never_gain_effects[Minimiza la ventana de exposicion financiera]" time="0.001" /><testcase classname="tests.test_effect_intent" name="test_mentions_negations_and_how_to_questions_never_gain_effects[Silencia el audio manana]" time="0.001" /><testcase classname="tests.test_effect_intent" name="test_mentions_negations_and_how_to_questions_never_gain_effects[Pon el volumen al 20% a las 5]" time="0.001" /><testcase classname="tests.test_effect_intent" name="test_mentions_negations_and_how_to_questions_never_gain_effects[Haz una captura de pantalla manana]" time="0.001" /><testcase classname="tests.test_effect_intent" name="test_mentions_negations_and_how_to_questions_never_gain_effects[Maximiza la ventana activa mas tarde]" time="0.001" /><testcase classname="tests.test_effect_intent" name="test_mentions_negations_and_how_to_questions_never_gain_effects[Reproduce Beat It en Spotify luego]" time="0.001" /><testcase classname="tests.test_effect_intent" name="test_mentions_negations_and_how_to_questions_never_gain_effects[Pon el volumen al 8% y el brillo al 50%]" time="0.002" /><testcase classname="tests.test_effect_intent" name="test_mentions_negations_and_how_to_questions_never_gain_effects[Silencia el audio y las notificaciones]" time="0.002" /><testcase classname="tests.test_effect_intent" name="test_mentions_negations_and_how_to_questions_never_gain_effects[Silencia el audio, no lo hagas]" time="0.001" /><testcase classname="tests.test_effect_intent" name="test_mentions_negations_and_how_to_questions_never_gain_effects[Silencia el audio; no lo hagas]" time="0.001" /><testcase classname="tests.test_effect_intent" name="test_mentions_negations_and_how_to_questions_never_gain_effects[Silencia el audio. No lo hagas]" time="0.001" /><testcase classname="tests.test_effect_intent" name="test_mentions_negations_and_how_to_questions_never_gain_effects[Pon el volumen al 20%, mejor no]" time="0.001" /><testcase classname="tests.test_effect_intent" name="test_mentions_negations_and_how_to_questions_never_gain_effects[Haz una captura de pantalla, en realidad no]" time="0.001" /><testcase classname="tests.test_effect_intent" name="test_mentions_negations_and_how_to_questions_never_gain_effects[Maximiza la ventana activa, aunque mejor no]" time="0.001" /><testcase classname="tests.test_effect_intent" name="test_mentions_negations_and_how_to_questions_never_gain_effects[Copia la seleccion, scratch that]" time="0.001" /><testcase classname="tests.test_effect_intent" name="test_mentions_negations_and_how_to_questions_never_gain_effects[Navega a https://example.com/, actually do not]" time="0.001" /><testcase classname="tests.test_effect_intent" name="test_mentions_negations_and_how_to_questions_never_gain_effects[Crea una nota, on second thought do not]" time="0.001" /><testcase classname="tests.test_effect_intent" name="test_mentions_negations_and_how_to_questions_never_gain_effects[Lista los procesos de contratacion de la empresa]" time="0.001" /><testcase classname="tests.test_effect_intent" name="test_mentions_negations_and_how_to_questions_never_gain_effects[Silencia el audio dentro de una hora]" time="0.001" /><testcase classname="tests.test_effect_intent" name="test_mentions_negations_and_how_to_questions_never_gain_effects[Silencia el audio esta noche]" time="0.001" /><testcase classname="tests.test_effect_intent" name="test_mentions_negations_and_how_to_questions_never_gain_effects[Silencia el audio tras la reunion]" time="0.001" /><testcase classname="tests.test_effect_intent" name="test_mentions_negations_and_how_to_questions_never_gain_effects[Silencia el audio antes de la reunion]" time="0.001" /><testcase classname="tests.test_effect_intent" name="test_mentions_negations_and_how_to_questions_never_gain_effects[Silencia el audio si empieza la reunion]" time="0.001" /><testcase classname="tests.test_effect_intent" name="test_mentions_negations_and_how_to_questions_never_gain_effects[Silencia el audio el viernes]" time="0.001" /><testcase classname="tests.test_effect_intent" name="test_mentions_negations_and_how_to_questions_never_gain_effects[Silencia el audio el 30 de julio]" time="0.001" /><testcase classname="tests.test_effect_intent" name="test_mentions_negations_and_how_to_questions_never_gain_effects[Silencia el audio a mediodia]" time="0.001" /><testcase classname="tests.test_effect_intent" name="test_mentions_negations_and_how_to_questions_never_gain_effects[Silencia el audio al terminar]" time="0.001" /><testcase classname="tests.test_effect_intent" name="test_mentions_negations_and_how_to_questions_never_gain_effects[Silencia el audio una vez que termine]" time="0.001" /><testcase classname="tests.test_effect_intent" name="test_mentions_negations_and_how_to_questions_never_gain_effects[Mute audio in one hour]" time="0.001" /><testcase classname="tests.test_effect_intent" name="test_mentions_negations_and_how_to_questions_never_gain_effects[Mute audio tonight]" time="0.001" /><testcase classname="tests.test_effect_intent" name="test_mentions_negations_and_how_to_questions_never_gain_effects[Mute audio after the meeting]" time="0.001" /><testcase classname="tests.test_effect_intent" name="test_mentions_negations_and_how_to_questions_never_gain_effects[Mute audio before the meeting]" time="0.001" /><testcase classname="tests.test_effect_intent" name="test_mentions_negations_and_how_to_questions_never_gain_effects[Mute audio if the meeting starts]" time="0.001" /><testcase classname="tests.test_effect_intent" name="test_mentions_negations_and_how_to_questions_never_gain_effects[Mute audio on Friday]" time="0.001" /><testcase classname="tests.test_effect_intent" name="test_mentions_negations_and_how_to_questions_never_gain_effects[Mute audio July 30]" time="0.001" /><testcase classname="tests.test_effect_intent" name="test_mentions_negations_and_how_to_questions_never_gain_effects[Mute audio at noon]" time="0.001" /><testcase classname="tests.test_effect_intent" name="test_mentions_negations_and_how_to_questions_never_gain_effects[Mute audio once I finish]" time="0.001" /><testcase classname="tests.test_effect_intent" name="test_mentions_negations_and_how_to_questions_never_gain_effects[Pon el volumen al 20% dentro de una hora]" time="0.001" /><testcase classname="tests.test_effect_intent" name="test_mentions_negations_and_how_to_questions_never_gain_effects[Maximiza la ventana activa si comienza la reunion]" time="0.001" /><testcase classname="tests.test_effect_intent" name="test_mentions_negations_and_how_to_questions_never_gain_effects[Copia la seleccion al terminar]" time="0.001" /><testcase classname="tests.test_effect_intent" name="test_mentions_negations_and_how_to_questions_never_gain_effects[Silencia el audio, ya no]" time="0.001" /><testcase classname="tests.test_effect_intent" name="test_mentions_negations_and_how_to_questions_never_gain_effects[Silencia el audio, ignora eso]" time="0.001" /><testcase classname="tests.test_effect_intent" name="test_mentions_negations_and_how_to_questions_never_gain_effects[Silencia el audio, dejalo]" time="0.001" /><testcase classname="tests.test_effect_intent" name="test_mentions_negations_and_how_to_questions_never_gain_effects[Silencia el audio, mejor dejalo]" time="0.001" /><testcase classname="tests.test_effect_intent" name="test_mentions_negations_and_how_to_questions_never_gain_effects[Silencia el audio, me retracto]" time="0.001" /><testcase classname="tests.test_effect_intent" name="test_mentions_negations_and_how_to_questions_never_gain_effects[Silencia el audio, me arrepenti]" time="0.001" /><testcase classname="tests.test_effect_intent" name="test_mentions_negations_and_how_to_questions_never_gain_effects[Silencia el audio, never mind]" time="0.001" /><testcase classname="tests.test_effect_intent" name="test_mentions_negations_and_how_to_questions_never_gain_effects[Silencia el audio, ignore that]" time="0.001" /><testcase classname="tests.test_effect_intent" name="test_mentions_negations_and_how_to_questions_never_gain_effects[Silencia el audio, I take that back]" time="0.001" /><testcase classname="tests.test_effect_intent" name="test_mentions_negations_and_how_to_questions_never_gain_effects[Silencia el audio, drop it]" time="0.001" /><testcase classname="tests.test_effect_intent" name="test_mentions_negations_and_how_to_questions_never_gain_effects[Crea dos notas llamadas Alfa y Beta]" time="0.002" /><testcase classname="tests.test_effect_intent" name="test_mentions_negations_and_how_to_questions_never_gain_effects[Crea 3 notas]" time="0.003" /><testcase classname="tests.test_effect_intent" name="test_mentions_negations_and_how_to_questions_never_gain_effects[Crea una nota Alfa y una nota Beta]" time="0.003" /><testcase classname="tests.test_effect_intent" name="test_mentions_negations_and_how_to_questions_never_gain_effects[Crea dos tareas llamadas Alfa y Beta]" time="0.002" /><testcase classname="tests.test_effect_intent" name="test_mentions_negations_and_how_to_questions_never_gain_effects[Crea dos recordatorios llamados Alfa y Beta]" time="0.002" /><testcase classname="tests.test_effect_intent" name="test_mentions_negations_and_how_to_questions_never_gain_effects[Copia la seleccion dos veces]" time="0.001" /><testcase classname="tests.test_effect_intent" name="test_mentions_negations_and_how_to_questions_never_gain_effects[Que ventana de oportunidad esta activa?]" time="0.002" /><testcase classname="tests.test_effect_intent" name="test_mentions_negations_and_how_to_questions_never_gain_effects[Cual ventana temporal esta activa?]" time="0.002" /><testcase classname="tests.test_effect_intent" name="test_mentions_negations_and_how_to_questions_never_gain_effects[What window of opportunity is active?]" time="0.002" /><testcase classname="tests.test_effect_intent" name="test_effect_cardinality_and_nearest_domain_are_preserved[Abre calculadora y abre Spotify-expected0]" time="0.002" /><testcase classname="tests.test_effect_intent" name="test_effect_cardinality_and_nearest_domain_are_preserved[Maximiza y luego minimiza la ventana activa-expected1]" time="0.002" /><testcase classname="tests.test_effect_intent" name="test_effect_cardinality_and_nearest_domain_are_preserved[Navega a https://a.test y luego navega a https://b.test-expected2]" time="0.002" /><testcase classname="tests.test_effect_intent" name="test_effect_cardinality_and_nearest_domain_are_preserved[Crea una nota A y crea una nota B-expected3]" time="0.002" /><testcase classname="tests.test_effect_intent" name="test_effect_cardinality_and_nearest_domain_are_preserved[Busca notas en la web-expected4]" time="0.001" /><testcase classname="tests.test_effect_intent" name="test_effect_cardinality_and_nearest_domain_are_preserved[Crea una nota sobre mis tareas-expected5]" time="0.002" /><testcase classname="tests.test_effect_intent" name="test_effect_cardinality_and_nearest_domain_are_preserved[Abre calculadora y navega Opera a https://example.com-expected6]" time="0.002" /><testcase classname="tests.test_effect_intent" name="test_effect_cardinality_and_nearest_domain_are_preserved[Abre calculadora y reproduce exactamente Beat It en Spotify-expected7]" time="0.003" /><testcase classname="tests.test_effect_intent" name="test_effect_cardinality_and_nearest_domain_are_preserved[Open Notepad and search Beat It on Spotify-expected8]" time="0.002" /><testcase classname="tests.test_effect_intent" name="test_effect_cardinality_and_nearest_domain_are_preserved[Busca BAXY en mis notas y luego busca clima en la web-expected9]" time="0.002" /><testcase classname="tests.test_effect_intent" name="test_effect_cardinality_and_nearest_domain_are_preserved[Abre Spotify y busca clima en la web-expected10]" time="0.002" /><testcase classname="tests.test_effect_intent" name="test_effect_cardinality_and_nearest_domain_are_preserved[Pon el volumen al 8% y luego sube el volumen en 2 puntos-expected11]" time="0.002" /><testcase classname="tests.test_effect_intent" name="test_effect_cardinality_and_nearest_domain_are_preserved[Mute audio and then unmute audio-expected12]" time="0.002" /><testcase classname="tests.test_effect_intent" name="test_effect_cardinality_and_nearest_domain_are_preserved[Silencia el audio y reactivalo-expected13]" time="0.002" /><testcase classname="tests.test_effect_intent" name="test_effect_cardinality_and_nearest_domain_are_preserved[Silencia el audio y quita el silencio-expected14]" time="0.002" /><testcase classname="tests.test_effect_intent" name="test_effect_cardinality_and_nearest_domain_are_preserved[Abre calculadora y Spotify-expected15]" time="0.002" /><testcase classname="tests.test_effect_intent" name="test_effect_cardinality_and_nearest_domain_are_preserved[Abre calculadora, Spotify y Bloc de notas-expected16]" time="0.002" /><testcase classname="tests.test_effect_intent" name="test_effect_cardinality_and_nearest_domain_are_preserved[Crea una nota A y otra B-expected17]" time="0.002" /><testcase classname="tests.test_effect_intent" name="test_effect_cardinality_and_nearest_domain_are_preserved[Pon el volumen al 8% y luego al 12%-expected18]" time="0.002" /><testcase classname="tests.test_effect_intent" name="test_effect_cardinality_and_nearest_domain_are_preserved[Crea una nota y una tarea-expected19]" time="0.002" /><testcase classname="tests.test_effect_intent" name="test_effect_cardinality_and_nearest_domain_are_preserved[Crea una tarea y un recordatorio-expected20]" time="0.001" /><testcase classname="tests.test_effect_intent" name="test_effect_cardinality_and_nearest_domain_are_preserved[Crea una tarea llamada Alfa y un recordatorio llamado Beta para manana a las 9-expected21]" time="0.002" /><testcase classname="tests.test_effect_intent" name="test_effect_cardinality_and_nearest_domain_are_preserved[Lista mis notas y mis tareas-expected22]" time="0.002" /><testcase classname="tests.test_effect_intent" name="test_effect_cardinality_and_nearest_domain_are_preserved[Busca Auditoria en mis notas y mis tareas-expected23]" time="0.002" /><testcase classname="tests.test_effect_intent" name="test_effect_cardinality_and_nearest_domain_are_preserved[Que juegos estan instalados en Steam?-expected24]" time="0.002" /><testcase classname="tests.test_effect_intent" name="test_effect_cardinality_and_nearest_domain_are_preserved[Esta instalado Steam como plataforma de juego?-expected25]" time="0.002" /><testcase classname="tests.test_effect_intent" name="test_local_data_first_domain_wins_without_explicit_coordination[Crea una tarea llamada Notas de viaje-task.create-crea una tarea llamada notas de viaje]" time="0.001" /><testcase classname="tests.test_effect_intent" name="test_local_data_first_domain_wins_without_explicit_coordination[Crea una nota llamada Tareas de manana-note.create-crea una nota llamada tareas de manana]" time="0.001" /><testcase classname="tests.test_effect_intent" name="test_local_data_first_domain_wins_without_explicit_coordination[Busca Auditoria en mis tareas sobre notas antiguas-task.search-busca auditoria en mis tareas sobre notas antiguas]" time="0.002" /><testcase classname="tests.test_effect_intent" name="test_local_data_first_domain_wins_without_explicit_coordination[Busca Auditoria en mis notas sobre tareas antiguas-note.search-busca auditoria en mis notas sobre tareas antiguas]" time="0.002" /><testcase classname="tests.test_effect_intent" name="test_local_data_first_domain_wins_without_explicit_coordination[Lista mis tareas sobre notas archivadas-task.list-lista mis tareas sobre notas archivadas]" time="0.001" /><testcase classname="tests.test_effect_intent" name="test_local_data_first_domain_wins_without_explicit_coordination[Lista mis notas sobre tareas archivadas-note.list-lista mis notas sobre tareas archivadas]" time="0.001" /><testcase classname="tests.test_effect_intent" name="test_local_data_mentions_and_negated_requests_do_not_gain_effects[No crees una nota]" time="0.001" /><testcase classname="tests.test_effect_intent" name="test_local_data_mentions_and_negated_requests_do_not_gain_effects[No listes mis tareas]" time="0.001" /><testcase classname="tests.test_effect_intent" name="test_local_data_mentions_and_negated_requests_do_not_gain_effects[No busques en mis notas]" time="0.001" /><testcase classname="tests.test_effect_intent" name="test_local_data_mentions_and_negated_requests_do_not_gain_effects[Explicame como crear una tarea]" time="0.001" /><testcase classname="tests.test_effect_intent" name="test_local_data_mentions_and_negated_requests_do_not_gain_effects[Mis notas describen tareas pendientes]" time="0.001" /><testcase classname="tests.test_effect_intent" name="test_local_data_mentions_and_negated_requests_do_not_gain_effects[Las tareas incluyen notas archivadas]" time="0.001" /><testcase classname="tests.test_effect_intent" name="test_local_data_mentions_and_negated_requests_do_not_gain_effects[Otra nota]" time="0.001" /><testcase classname="tests.test_effect_intent" name="test_time_then_system_review_preserves_both_effects[Dime la hora y revisa la CPU]" time="0.060" /><testcase classname="tests.test_effect_intent" name="test_time_then_system_review_preserves_both_effects[Dime la hora y revisa la RAM]" time="0.003" /><testcase classname="tests.test_effect_intent" name="test_time_then_system_review_preserves_both_effects[\xbfQu\xe9 hora es y revisa el estado del computador?]" time="0.003" /><testcase classname="tests.test_effect_intent" name="test_time_then_system_review_preserves_both_effects[What time is it and check the CPU]" time="0.003" /><testcase classname="tests.test_effect_intent" name="test_time_then_system_review_preserves_both_effects[What time is it and review the computer status]" time="0.003" /><testcase classname="tests.test_effect_intent" name="test_system_review_words_do_not_authorize_document_requests[Dime la hora y revisa el art\xedculo sobre CPU]" time="0.004" /><testcase classname="tests.test_effect_intent" name="test_system_review_words_do_not_authorize_document_requests[Dime la hora y revisa el c\xf3digo de la CPU]" time="0.004" /><testcase classname="tests.test_effect_intent" name="test_system_review_words_do_not_authorize_document_requests[What time is it and review the CPU architecture paper]" time="0.004" /><testcase classname="tests.test_effect_intent" name="test_repeated_effects_keep_distinct_argument_evidence" time="0.002" /><testcase classname="tests.test_effect_intent" name="test_fully_enumerated_notes_preserve_creation_and_permuted_read_cardinality" time="0.011" /><testcase classname="tests.test_effect_intent" name="test_fully_enumerated_english_notes_preserve_permuted_read_cardinality" time="0.010" /><testcase classname="tests.test_effect_intent" name="test_unenumerated_or_inconsistent_note_cardinality_stays_fail_closed[Crea cuatro notas sobre seguridad.]" time="0.001" /><testcase classname="tests.test_effect_intent" name="test_unenumerated_or_inconsistent_note_cardinality_stays_fail_closed[Crea cuatro notas: la primera titulada Uno, la segunda titulada Dos y la cuarta titulada Cuatro.]" time="0.002" /><testcase classname="tests.test_effect_intent" name="test_unenumerated_or_inconsistent_note_cardinality_stays_fail_closed[Crea cuatro notas: la primera titulada Uno, la segunda titulada Dos, la segunda titulada Repetida y la cuarta titulada Cuatro.]" time="0.002" /><testcase classname="tests.test_effect_intent" name="test_unavailable_dominant_or_richer_effect_never_falls_back_to_weaker_authority[Escribe literalmente busca clima en la web-available0]" time="0.001" /><testcase classname="tests.test_effect_intent" name="test_unavailable_dominant_or_richer_effect_never_falls_back_to_weaker_authority[Crea una nota llamada Busca clima en la web-available1]" time="0.002" /><testcase classname="tests.test_effect_intent" name="test_unavailable_dominant_or_richer_effect_never_falls_back_to_weaker_authority[Abre Opera y navega Opera a https://example.com-available2]" time="0.003" /><testcase classname="tests.test_effect_intent" name="test_unavailable_dominant_or_richer_effect_never_falls_back_to_weaker_authority[Abre Spotify y reproduce exactamente Beat It en Spotify-available3]" time="0.005" /><testcase classname="tests.test_effect_intent" name="test_same_position_effects_share_the_same_bounded_evidence" time="0.003" /><testcase classname="tests.test_effect_intent" name="test_bound_argument_spans_are_opaque_to_unrelated_effect_matchers[Escribe literalmente abre Spotify-expected0]" time="0.002" /><testcase classname="tests.test_effect_intent" name="test_bound_argument_spans_are_opaque_to_unrelated_effect_matchers[Escribe literalmente silencia el audio-expected1]" time="0.002" /><testcase classname="tests.test_effect_intent" name="test_bound_argument_spans_are_opaque_to_unrelated_effect_matchers[Crea una nota llamada Abre Spotify-expected2]" time="0.002" /><testcase classname="tests.test_effect_intent" name="test_bound_argument_spans_are_opaque_to_unrelated_effect_matchers[Crea una nota llamada Haz una captura de pantalla-expected3]" time="0.002" /><testcase classname="tests.test_effect_intent" name="test_bound_argument_spans_are_o
[...]
ialized_user_data" time="0.000" /><testcase classname="tests.test_turn_policy" name="test_context_resolution_falls_back_from_an_exact_history_echo" time="0.000" /><testcase classname="tests.test_turn_policy" name="test_context_resolution_can_answer_a_new_topic_without_forcing_anchor" time="0.000" /><testcase classname="tests.test_turn_policy" name="test_social_greeting_after_welcome_does_not_enter_reference_resolution" time="0.001" /><testcase classname="tests.test_turn_policy" name="test_native_tool_selection_accepts_only_declared_parameterless_calls" time="0.000" /><testcase classname="tests.test_turn_policy" name="test_native_tool_selection_accepts_no_call_as_zero_authority_conversation" time="0.000" /><testcase classname="tests.test_turn_policy" name="test_native_tool_selection_clarifies_only_measured_sibling_boundaries" time="0.000" /><testcase classname="tests.test_turn_policy" name="test_native_effects_drop_planner_owned_technical_predecessors" time="0.000" /><testcase classname="tests.test_turn_policy" name="test_authenticated_application_name_only_widens_family_retrieval" time="0.001" /><testcase classname="tests.test_turn_policy" name="test_native_tool_selection_cannot_bypass_candidate_free_conversation_veto" time="0.000" /><testcase classname="tests.test_turn_policy" name="test_native_verified_recovery_reports_the_recovered_intent_identity" time="0.000" /><testcase classname="tests.test_turn_policy" name="test_native_single_effect_agreement_does_not_repeat_model_count" time="0.001" /><testcase classname="tests.test_turn_policy" name="test_native_conversation_veto_uses_history_for_contextual_followup" time="0.001" /><testcase classname="tests.test_turn_policy" name="test_vetoed_native_selection_preserves_intent_without_effect_authority" time="0.003" /><testcase classname="tests.test_turn_policy" name="test_domain_rejected_native_intent_becomes_unsupported_not_clarification[notification.schedule]" time="0.002" /><testcase classname="tests.test_turn_policy" name="test_domain_rejected_native_intent_becomes_unsupported_not_clarification[message.recipient.resolve]" time="0.002" /><testcase classname="tests.test_turn_policy_e5_development" name="test_loaders_keep_only_reviewed_development_evidence" time="0.016" /><testcase classname="tests.test_turn_policy_e5_development" name="test_supported_intent_cannot_be_forged_as_mapped_ood" time="0.020" /><testcase classname="tests.test_turn_policy_e5_development" name="test_unlisted_intent_cannot_enter_as_ood" time="0.022" /><testcase classname="tests.test_turn_policy_e5_development" name="test_mission_and_normalized_text_leakage_are_rejected" time="0.006" /><testcase classname="tests.test_turn_policy_e5_development" name="test_cross_source_decontamination_protects_validation_by_mission" time="0.005" /><testcase classname="tests.test_turn_policy_e5_development" name="test_cross_source_conflicting_exact_text_quarantines_both_missions" time="0.005" /><testcase classname="tests.test_turn_policy_e5_development" name="test_mission_aggregation_gives_each_parallel_group_one_vote" time="0.007" /><testcase classname="tests.test_turn_policy_e5_development" name="test_utterance_training_weights_sum_to_one_vote_per_mission" time="0.001" /><testcase classname="tests.test_turn_policy_e5_development" name="test_validation_partition_is_deterministic_and_group_disjoint" time="0.006" /><testcase classname="tests.test_turn_policy_e5_development" name="test_split_conformal_quantiles_and_safe_shortlist_abstention" time="0.001" /><testcase classname="tests.test_turn_policy_e5_development" name="test_strict_guard_is_mission_level_and_fail_closed" time="0.001" /><testcase classname="tests.test_turn_policy_e5_development" name="test_ood_never_becomes_fast_chat_when_conversation_guard_rejects" time="0.001" /><testcase classname="tests.test_turn_policy_e5_development" name="test_supported_signal_requires_structural_family_agreement" time="0.001" /><testcase classname="tests.test_turn_policy_e5_development" name="test_evaluation_reports_utterance_and_directional_safety_metrics" time="0.001" /><testcase classname="tests.test_turn_policy_e5_development" name="test_v1_embedding_cache_identity_is_reusable_for_v2_disposition" time="0.005" /><testcase classname="tests.test_turn_policy_e5_development" name="test_embedding_cache_is_atomic_text_free_and_content_addressed" time="0.029" /><testcase classname="tests.test_turn_policy_e5_development" name="test_embedding_cache_rejects_privacy_and_path_tampering" time="0.043" /><testcase classname="tests.test_turn_policy_e5_development" name="test_verified_cache_hit_does_not_load_the_encoder" time="0.029" /><testcase classname="tests.test_turn_policy_e5_development" name="test_forbidden_sources_are_rejected_before_open" time="0.001" /><testcase classname="tests.test_turn_policy_e5_development" name="test_cli_requires_explicit_source_pins_and_defaults_to_cpu" time="0.005" /><testcase classname="tests.test_turn_policy_e5_development" name="test_artifact_contains_only_hashes_aggregates_and_safe_weights" time="0.002" /><testcase classname="tests.test_turn_policy_e5_development" name="test_development_tool_has_no_runner_builder_or_remote_model_dependency" time="0.001" /><testcase classname="tests.test_turn_policy_gate" name="test_mind_source_hashes_bind_extracted_runtime_dependency_bytes" time="0.056" /><testcase classname="tests.test_turn_policy_gate" name="test_allocate_stratified_quotas_is_exact_and_capacity_bounded" time="0.001" /><testcase classname="tests.test_turn_policy_gate" name="test_hash_stratified_sample_is_reproducible_and_covers_every_stratum" time="0.001" /><testcase classname="tests.test_turn_policy_gate" name="test_normal_preflight_samples_only_its_validation_input" time="0.005" /><testcase classname="tests.test_turn_policy_gate" name="test_preflight_max_holdout_zero_keeps_every_required_critical" time="0.004" /><testcase classname="tests.test_turn_policy_gate" name="test_load_clean_holdout_decodes_only_synthetic_final_v4_ids" time="0.034" /><testcase classname="tests.test_turn_policy_gate" name="test_preflight_decodes_only_public_validation_rows" time="0.012" /><testcase classname="tests.test_turn_policy_gate" name="test_validation_selection_does_not_decode_unselected_test_payload" time="0.007" /><testcase classname="tests.test_turn_policy_gate" name="test_canonical_v4_manifest_is_rebuilt_blindly" time="0.794" /><testcase classname="tests.test_turn_policy_gate" name="test_blind_rebuild_rejects_any_v4_manifest_mutation[schema]" time="0.815" /><testcase classname="tests.test_turn_policy_gate" name="test_blind_rebuild_rejects_any_v4_manifest_mutation[rule_hash]" time="0.878" /><testcase classname="tests.test_turn_policy_gate" name="test_blind_rebuild_rejects_any_v4_manifest_mutation[final_hash]" time="0.753" /><testcase classname="tests.test_turn_policy_gate" name="test_blind_rebuild_rejects_any_v4_manifest_mutation[attempted_overlap_audit]" time="0.759" /><testcase classname="tests.test_turn_policy_gate" name="test_blind_rebuild_rejects_holdout_bytes_changed_after_sealing" time="0.536" /><testcase classname="tests.test_turn_policy_gate" name="test_policy_identity_binds_runtime_encoder_calibration_and_final_seal" time="0.021" /><testcase classname="tests.test_turn_policy_gate" name="test_gate_requires_the_exact_verified_physical_encoder" time="0.001" /><testcase classname="tests.test_turn_policy_gate" name="test_warm_sidecar_requires_the_exact_loaded_one_sided_policy" time="0.001" /><testcase classname="tests.test_turn_policy_gate" name="test_measure_case_preserves_fail_closed_recovery_observability" time="0.001" /><testcase classname="tests.test_turn_policy_gate" name="test_raw_turn_audit_binds_offered_proposed_and_veto_stages" time="0.015" /><testcase classname="tests.test_turn_policy_gate" name="test_recovery_metadata_never_allows_action_authority" time="0.001" /><testcase classname="tests.test_turn_policy_gate" name="test_recovery_is_counted_and_bounded_separately_from_runtime_errors" time="0.001" /><testcase classname="tests.test_turn_policy_gate" name="test_warm_sidecar_requires_candidate_index_but_disables_only_baseline_signal" time="0.000" /><testcase classname="tests.test_turn_policy_gate" name="test_warm_sidecar_rejects_noop_or_unbound_evidence[state-missing]" time="0.001" /><testcase classname="tests.test_turn_policy_gate" name="test_warm_sidecar_rejects_noop_or_unbound_evidence[authority-advisory_prompt_evidence_only]" time="0.001" /><testcase classname="tests.test_turn_policy_gate" name="test_warm_sidecar_rejects_noop_or_unbound_evidence[calibration_fingerprint-dddddddddddddddddddddddddddddddddddddddddddddddddddddddddddddddd]" time="0.001" /><testcase classname="tests.test_turn_policy_gate" name="test_warm_sidecar_rejects_noop_or_unbound_evidence[calibration_rows-0]" time="0.001" /><testcase classname="tests.test_turn_policy_gate" name="test_warm_sidecar_rejects_noop_or_unbound_evidence[encoder_identity-other-encoder]" time="0.001" /><testcase classname="tests.test_turn_policy_gate" name="test_score_case_detects_family_match_and_unsafe_false_action" time="0.000" /><testcase classname="tests.test_turn_policy_gate" name="test_score_case_requires_human_facing_payload_shape" time="0.000" /><testcase classname="tests.test_turn_policy_gate" name="test_no_effect_shapes_reject_a_hidden_operation[conversation-reply]" time="0.001" /><testcase classname="tests.test_turn_policy_gate" name="test_no_effect_shapes_reject_a_hidden_operation[clarify-question]" time="0.001" /><testcase classname="tests.test_turn_policy_gate" name="test_family_metric_keeps_an_incorrect_demotion_in_its_denominator" time="0.001" /><testcase classname="tests.test_turn_policy_gate" name="test_family_failure_is_partitioned_as_recovery_decision_or_veto" time="0.001" /><testcase classname="tests.test_turn_policy_gate" name="test_source_taxonomy_family_aliases_match_catalog_families" time="0.000" /><testcase classname="tests.test_turn_policy_gate" name="test_unsafe_false_actions_include_contextual_no_effect_cases" time="0.001" /><testcase classname="tests.test_turn_policy_gate" name="test_one_sided_authority_allows_only_identity_or_safe_demotion[baseline0-evidence0]" time="0.001" /><testcase classname="tests.test_turn_policy_gate" name="test_one_sided_authority_allows_only_identity_or_safe_demotion[baseline1-evidence1]" time="0.001" /><testcase classname="tests.test_turn_policy_gate" name="test_one_sided_authority_allows_only_identity_or_safe_demotion[baseline2-evidence2]" time="0.001" /><testcase classname="tests.test_turn_policy_gate" name="test_one_sided_authority_allows_only_identity_or_safe_demotion[baseline3-evidence3]" time="0.001" /><testcase classname="tests.test_turn_policy_gate" name="test_one_sided_authority_allows_only_identity_or_safe_demotion[baseline4-evidence4]" time="0.001" /><testcase classname="tests.test_turn_policy_gate" name="test_one_sided_authority_allows_only_identity_or_safe_demotion[baseline5-evidence5]" time="0.001" /><testcase classname="tests.test_turn_policy_gate" name="test_one_sided_authority_rejects_every_other_transition[baseline0-evidence0-authority_transition_not_allowed]" time="0.001" /><testcase classname="tests.test_turn_policy_gate" name="test_one_sided_authority_rejects_every_other_transition[baseline1-evidence1-authority_transition_not_allowed]" time="0.001" /><testcase classname="tests.test_turn_policy_gate" name="test_one_sided_authority_rejects_every_other_transition[baseline2-evidence2-action_operation_changed]" time="0.001" /><testcase classname="tests.test_turn_policy_gate" name="test_one_sided_authority_rejects_every_other_transition[baseline3-evidence3-authority_transition_not_allowed]" time="0.001" /><testcase classname="tests.test_turn_policy_gate" name="test_one_sided_authority_rejects_every_other_transition[baseline4-evidence4-authority_transition_not_allowed]" time="0.001" /><testcase classname="tests.test_turn_policy_gate" name="test_one_sided_authority_rejects_every_other_transition[baseline5-evidence5-authority_transition_not_allowed]" time="0.001" /><testcase classname="tests.test_turn_policy_gate" name="test_macro_f1_and_paired_summary_report_evidence_win" time="0.030" /><testcase classname="tests.test_turn_policy_gate" name="test_paired_safety_rejects_an_added_unsafe_id_even_when_counts_tie" time="0.060" /><testcase classname="tests.test_turn_policy_gate" name="test_paired_summary_reports_authority_violation_ids" time="0.019" /><testcase classname="tests.test_turn_policy_gate" name="test_paired_bootstrap_is_deterministic_and_skips_partial_checkpoints" time="0.003" /><testcase classname="tests.test_turn_policy_gate" name="test_macro_f1_is_an_independent_noninferiority_requirement" time="0.047" /><testcase classname="tests.test_turn_policy_gate" name="test_macro_f1_rejects_mismatched_lengths" time="0.001" /><testcase classname="tests.test_turn_policy_gate" name="test_contextual_conversation_rejects_generic_or_echoed_history" time="0.001" /><testcase classname="tests.test_turn_policy_gate" name="test_clarification_requires_an_operationally_compatible_oracle" time="0.001" /><testcase classname="tests.test_turn_policy_gate" name="test_unsupported_critical_case_requires_conversation_only" time="0.001" /><testcase classname="tests.test_turn_policy_gate" name="test_spanish_knowledge_case_rejects_an_english_answer" time="0.001" /><testcase classname="tests.test_turn_policy_gate" name="test_followup_cases_require_explanation_not_a_repeated_question" time="0.001" /><testcase classname="tests.test_turn_policy_gate" name="test_only_the_exact_fresh_860_case_protocol_can_be_certified" time="3.505" /><testcase classname="tests.test_turn_policy_gate" name="test_any_protocol_deviation_is_not_certifiable[argument_change0-protocol_change0]" time="0.003" /><testcase classname="tests.test_turn_policy_gate" name="test_any_protocol_deviation_is_not_certifiable[argument_change1-protocol_change1]" time="0.003" /><testcase classname="tests.test_turn_policy_gate" name="test_any_protocol_deviation_is_not_certifiable[argument_change2-protocol_change2]" time="0.003" /><testcase classname="tests.test_turn_policy_gate" name="test_any_protocol_deviation_is_not_certifiable[argument_change3-protocol_change3]" time="0.003" /><testcase classname="tests.test_turn_policy_gate" name="test_any_protocol_deviation_is_not_certifiable[argument_change4-protocol_change4]" time="0.003" /><testcase classname="tests.test_turn_policy_gate" name="test_any_protocol_deviation_is_not_certifiable[argument_change5-protocol_change5]" time="0.004" /><testcase classname="tests.test_turn_policy_gate" name="test_any_protocol_deviation_is_not_certifiable[argument_change6-protocol_change6]" time="0.005" /><testcase classname="tests.test_turn_policy_gate" name="test_any_protocol_deviation_is_not_certifiable[argument_change7-protocol_change7]" time="0.004" /><testcase classname="tests.test_turn_policy_gate" name="test_any_protocol_deviation_is_not_certifiable[argument_change8-protocol_change8]" time="0.003" /><testcase classname="tests.test_turn_policy_gate" name="test_any_protocol_deviation_is_not_certifiable[argument_change9-protocol_change9]" time="0.004" /><testcase classname="tests.test_turn_policy_gate" name="test_any_protocol_deviation_is_not_certifiable[argument_change10-protocol_change10]" time="0.003" /><testcase classname="tests.test_turn_policy_gate" name="test_any_protocol_deviation_is_not_certifiable[argument_change11-protocol_change11]" time="0.003" /><testcase classname="tests.test_turn_policy_gate" name="test_any_protocol_deviation_is_not_certifiable[argument_change12-protocol_change12]" time="0.003" /><testcase classname="tests.test_turn_policy_gate" name="test_any_protocol_deviation_is_not_certifiable[argument_change13-protocol_change13]" time="0.004" /><testcase classname="tests.test_turn_policy_gate" name="test_any_protocol_deviation_is_not_certifiable[argument_change14-protocol_change14]" time="0.004" /><testcase classname="tests.test_turn_policy_gate" name="test_any_protocol_deviation_is_not_certifiable[argument_change15-protocol_change15]" time="0.004" /><testcase classname="tests.test_turn_policy_gate" name="test_any_protocol_deviation_is_not_certifiable[argument_change16-protocol_change16]" time="0.004" /><testcase classname="tests.test_turn_policy_gate" name="test_any_protocol_deviation_is_not_certifiable[argument_change17-protocol_change17]" time="0.004" /><testcase classname="tests.test_turn_policy_gate" name="test_any_protocol_deviation_is_not_certifiable[argument_change18-protocol_change18]" time="0.004" /><testcase classname="tests.test_turn_policy_gate" name="test_successful_preflights_and_cuts_never_claim_passed[overrides0-preflight_passed]" time="0.022" /><testcase classname="tests.test_turn_policy_gate" name="test_successful_preflights_and_cuts_never_claim_passed[overrides1-diagnostic_passed]" time="0.022" /><testcase classname="tests.test_turn_policy_gate" name="test_successful_preflights_and_cuts_never_claim_passed[overrides2-diagnostic_passed]" time="0.022" /><testcase classname="tests.test_turn_policy_gate" name="test_parser_defaults_to_the_canonical_seal_and_rejects_a_wider_margin" time="0.003" /><testcase classname="tests.test_turn_policy_gate" name="test_default_journal_is_sibling_jsonl_without_double_suffix" time="0.001" /><testcase classname="tests.test_turn_probe" name="test_probe_json_round_trip_and_weight_hash_rejects_tamper" time="0.001" /><testcase classname="tests.test_turn_probe" name="test_policy_json_is_one_sided_and_records_historical_role" time="0.001" /><testcase classname="tests.test_turn_probe" name="test_runtime_policy_can_emit_only_conversation_cards_or_abstain" time="0.001" /><testcase classname="tests.test_turn_probe" name="test_one_sided_retrieve_still_uses_historical_records_outside_train_view" time="0.001" /><testcase classname="tests.test_verify_turn_policy_e5_selective_gate" name="test_synthetic_chain_reproduces_the_preregistered_rejection" time="0.129" /><testcase classname="tests.test_verify_turn_policy_e5_selective_gate" name="test_recursive_privacy_allowlist_rejects_unknown_nested_text" time="0.045" /><testcase classname="tests.test_verify_turn_policy_e5_selective_gate" name="test_recursive_privacy_allowlist_rejects_text_in_numeric_parameters" time="0.047" /><testcase classname="tests.test_verify_turn_policy_e5_selective_gate" name="test_changed_preregistered_code_hash_fails_closed" time="0.074" /><testcase classname="tests.test_verify_turn_policy_e5_selective_gate" name="test_runtime_reference_to_development_candidate_fails_closed" time="0.084" /><testcase classname="tests.test_verify_turn_policy_e5_selective_gate" name="test_current_aggregate_chain_verifies_without_opening_any_corpus" time="3.841" /><testcase classname="tests.test_voice_corrector" name="test_inventory_is_derived_only_from_closed_entity_contracts" time="0.001" /><testcase classname="tests.test_voice_corrector" name="test_unseen_verbs_and_long_phrases_do_not_gate_entity_correction" time="0.002" /><testcase classname="tests.test_voice_corrector" name="test_exact_entities_and_unrelated_language_are_preserved" time="0.001" /><testcase classname="tests.test_voice_corrector" name="test_weak_phonetic_match_requires_independent_asr_support" time="0.001" /><testcase classname="tests.test_voice_corrector" name="test_contextual_support_is_not_requested_for_unrelated_or_strong_text" time="0.001" /><testcase classname="tests.test_voice_corrector" name="test_ambiguous_catalog_match_abstains_without_a_clear_margin" time="0.001" /><testcase classname="tests.test_wakeword_calibration" name="test_one_sided_far_bound_does_not_treat_zero_hits_as_zero_risk" time="0.008" /><testcase classname="tests.test_wakeword_calibration" name="test_one_sided_far_bound_accounts_for_observed_false_activations" time="0.002" /><testcase classname="tests.test_wakeword_calibration" name="test_installer_preserves_hash_bound_calibration_evidence" time="0.763" /></testsuite></testsuites>