<?xml version="1.0" encoding="utf-8"?><testsuites name="pytest tests"><testsuite name="pytest" errors="0" failures="0" skipped="0" tests="1774" time="11.856" timestamp="2026-08-09T11:29:41.948967-04:00" hostname="REDNOTE"><testcase classname="tests.test_turn_policy" name="test_primary_family_occupies_shortlist_before_advisory_families" time="0.001" /><testcase classname="tests.test_turn_policy" name="test_opt_in_turn_audit_records_raw_candidates_and_policy_stages" time="0.017" /><testcase classname="tests.test_turn_policy" name="test_turn_audit_io_failure_never_changes_control_flow" time="0.003" /><testcase classname="tests.test_turn_policy" name="test_turn_attempt_failure_audit_records_only_stable_error_class" time="0.012" /><testcase classname="tests.test_turn_policy" name="test_turn_attempt_failure_audit_records_bounded_model_contract_reason" time="0.012" /><testcase classname="tests.test_turn_policy" name="test_failed_turn_audit_preserves_total_recovery_boundary" time="0.011" /><testcase classname="tests.test_turn_policy" name="test_side_effect_free_turn_retries_one_transient_failure" time="0.000" /><testcase classname="tests.test_turn_policy" name="test_side_effect_free_turn_retry_is_strictly_bounded" time="0.001" /><testcase classname="tests.test_turn_policy" name="test_explicit_effect_contract_recovers_action_without_changing_language" time="0.000" /><testcase classname="tests.test_turn_policy" name="test_standalone_gratitude_is_deterministic_social_conversation[Gracias-es]" time="0.001" /><testcase classname="tests.test_turn_policy" name="test_standalone_gratitude_is_deterministic_social_conversation[Muchas gracias.-es]" time="0.001" /><testcase classname="tests.test_turn_policy" name="test_standalone_gratitude_is_deterministic_social_conversation[Mil gracias!-es]" time="0.001" /><testcase classname="tests.test_turn_policy" name="test_standalone_gratitude_is_deterministic_social_conversation[Thanks a lot!-en]" time="0.001" /><testcase classname="tests.test_turn_policy" name="test_standalone_gratitude_is_deterministic_social_conversation[Thank you very much.-en]" time="0.001" /><testcase classname="tests.test_turn_policy" name="test_standalone_social_act_is_deterministic_conversation[Hola-es]" time="0.001" /><testcase classname="tests.test_turn_policy" name="test_standalone_social_act_is_deterministic_conversation[Hola.-es]" time="0.001" /><testcase classname="tests.test_turn_policy" name="test_standalone_social_act_is_deterministic_conversation[hOLA?-es]" time="0.001" /><testcase classname="tests.test_turn_policy" name="test_standalone_social_act_is_deterministic_conversation[\xa1Hola!-es]" time="0.001" /><testcase classname="tests.test_turn_policy" name="test_standalone_social_act_is_deterministic_conversation[hola baxy-es]" time="0.001" /><testcase classname="tests.test_turn_policy" name="test_standalone_social_act_is_deterministic_conversation[Hola buenos d\xedas-es]" time="0.001" /><testcase classname="tests.test_turn_policy" name="test_standalone_social_act_is_deterministic_conversation[hola, buenas-es]" time="0.001" /><testcase classname="tests.test_turn_policy" name="test_standalone_social_act_is_deterministic_conversation[buenas-es]" time="0.001" /><testcase classname="tests.test_turn_policy" name="test_standalone_social_act_is_deterministic_conversation[buenas tardes-es]" time="0.001" /><testcase classname="tests.test_turn_policy" name="test_standalone_social_act_is_deterministic_conversation[buenas noches-es]" time="0.001" /><testcase classname="tests.test_turn_policy" name="test_standalone_social_act_is_deterministic_conversation[Hola, \xbfc\xf3mo est\xe1s?-es]" time="0.001" /><testcase classname="tests.test_turn_policy" name="test_standalone_social_act_is_deterministic_conversation[hola, c\xf3mo and\xe1s-es]" time="0.001" /><testcase classname="tests.test_turn_policy" name="test_standalone_social_act_is_deterministic_conversation[hola que tal-es]" time="0.001" /><testcase classname="tests.test_turn_policy" name="test_standalone_social_act_is_deterministic_conversation[\xbfqu\xe9 tal?-es]" time="0.001" /><testcase classname="tests.test_turn_policy" name="test_standalone_social_act_is_deterministic_conversation[todo bien?-es]" time="0.001" /><testcase classname="tests.test_turn_policy" name="test_standalone_social_act_is_deterministic_conversation[chau baxy-es]" time="0.001" /><testcase classname="tests.test_turn_policy" name="test_standalone_social_act_is_deterministic_conversation[adi\xf3s-es]" time="0.001" /><testcase classname="tests.test_turn_policy" name="test_standalone_social_act_is_deterministic_conversation[hasta luego-es]" time="0.001" /><testcase classname="tests.test_turn_policy" name="test_standalone_social_act_is_deterministic_conversation[nos vemos-es]" time="0.001" /><testcase classname="tests.test_turn_policy" name="test_standalone_social_act_is_deterministic_conversation[Perfecto, gracias-es]" time="0.001" /><testcase classname="tests.test_turn_policy" name="test_standalone_social_act_is_deterministic_conversation[Muy bien gracias-es]" time="0.001" /><testcase classname="tests.test_turn_policy" name="test_standalone_social_act_is_deterministic_conversation[gracias baxy-es]" time="0.001" /><testcase classname="tests.test_turn_policy" name="test_standalone_social_act_is_deterministic_conversation[gracias baxy, sos un capo-es]" time="0.001" /><testcase classname="tests.test_turn_policy" name="test_standalone_social_act_is_deterministic_conversation[hi-en]" time="0.001" /><testcase classname="tests.test_turn_policy" name="test_standalone_social_act_is_deterministic_conversation[hello-en]" time="0.001" /><testcase classname="tests.test_turn_policy" name="test_standalone_social_act_is_deterministic_conversation[hey-en]" time="0.001" /><testcase classname="tests.test_turn_policy" name="test_standalone_social_act_is_deterministic_conversation[hello there-en]" time="0.001" /><testcase classname="tests.test_turn_policy" name="test_standalone_social_act_is_deterministic_conversation[Hello?-en]" time="0.001" /><testcase classname="tests.test_turn_policy" name="test_standalone_social_act_is_deterministic_conversation[good morning-en]" time="0.001" /><testcase classname="tests.test_turn_policy" name="test_standalone_social_act_is_deterministic_conversation[Hi, how are you?-en]" time="0.001" /><testcase classname="tests.test_turn_policy" name="test_standalone_social_act_is_deterministic_conversation[how are you-en]" time="0.001" /><testcase classname="tests.test_turn_policy" name="test_standalone_social_act_is_deterministic_conversation[bye-en]" time="0.001" /><testcase classname="tests.test_turn_policy" name="test_standalone_social_act_is_deterministic_conversation[goodbye baxy-en]" time="0.001" /><testcase classname="tests.test_turn_policy" name="test_standalone_social_act_is_deterministic_conversation[see you later-en]" time="0.001" /><testcase classname="tests.test_turn_policy" name="test_standalone_social_act_is_deterministic_conversation[good night-en]" time="0.001" /><testcase classname="tests.test_turn_policy" name="test_standalone_social_act_is_deterministic_conversation[perfect, thanks-en]" time="0.001" /><testcase classname="tests.test_turn_policy" name="test_standalone_social_act_is_deterministic_conversation[thanks, you're awesome-en]" time="0.001" /><testcase classname="tests.test_turn_policy" name="test_standalone_social_act_is_deterministic_conversation[mi dia fue extremadamente duro-es]" time="0.001" /><testcase classname="tests.test_turn_policy" name="test_standalone_social_act_is_deterministic_conversation[my day was extremely hard-en]" time="0.001" /><testcase classname="tests.test_turn_policy" name="test_social_shortcut_never_swallows_another_request[Gracias, abre Spotify]" time="0.001" /><testcase classname="tests.test_turn_policy" name="test_social_shortcut_never_swallows_another_request[Thanks, open Paint]" time="0.000" /><testcase classname="tests.test_turn_policy" name="test_social_shortcut_never_swallows_another_request[Explica qu\xe9 significa gracias]" time="0.000" /><testcase classname="tests.test_turn_policy" name="test_social_shortcut_never_swallows_another_request[Hola, Gemma. Pon Daredevil en Disney]" time="0.000" /><testcase classname="tests.test_turn_policy" name="test_social_shortcut_never_swallows_another_request[hola, dime que hora es]" time="0.000" /><testcase classname="tests.test_turn_policy" name="test_social_shortcut_never_swallows_another_request[hola, subime el volumen]" time="0.000" /><testcase classname="tests.test_turn_policy" name="test_social_shortcut_never_swallows_another_request[hello, what time is it?]" time="0.000" /><testcase classname="tests.test_turn_policy" name="test_social_shortcut_never_swallows_another_request[hi, mute everything]" time="0.000" /><testcase classname="tests.test_turn_policy" name="test_social_shortcut_never_swallows_another_request[Escribe hola]" time="0.000" /><testcase classname="tests.test_turn_policy" name="test_social_shortcut_never_swallows_another_request[type hello]" time="0.000" /><testcase classname="tests.test_turn_policy" name="test_social_shortcut_never_swallows_another_request[mandale hola a Lucas por whatsapp]" time="0.000" /><testcase classname="tests.test_turn_policy" name="test_social_shortcut_never_swallows_another_request[Copia a mi portapapeles &quot;Hola&quot;]" time="0.000" /><testcase classname="tests.test_turn_policy" name="test_social_shortcut_never_swallows_another_request[no consultes pantalla para responder esto: hola]" time="0.000" /><testcase classname="tests.test_turn_policy" name="test_social_shortcut_never_swallows_another_request[Hey Steam]" time="0.000" /><testcase classname="tests.test_turn_policy" name="test_social_shortcut_never_swallows_another_request[hola quien eres]" time="0.000" /><testcase classname="tests.test_turn_policy" name="test_social_shortcut_never_swallows_another_request[Hola, quien sos?]" time="0.000" /><testcase classname="tests.test_turn_policy" name="test_social_shortcut_never_swallows_another_request[gracias capo]" time="0.000" /><testcase classname="tests.test_turn_policy" name="test_social_shortcut_never_swallows_another_request[Gracias bb]" time="0.000" /><testcase classname="tests.test_turn_policy" name="test_social_shortcut_never_swallows_another_request[They were brilliant, thank you! Which one do you think is best?]" time="0.001" /><testcase classname="tests.test_turn_policy" name="test_social_shortcut_never_swallows_another_request[Well thanks, but I would like the explanation from you directly.]" time="0.001" /><testcase classname="tests.test_turn_policy" name="test_social_shortcut_never_overrides_a_recognized_effect[hola]" time="0.062" /><testcase classname="tests.test_turn_policy" name="test_social_shortcut_never_overrides_a_recognized_effect[hola baxy]" time="0.001" /><testcase classname="tests.test_turn_policy" name="test_social_shortcut_never_overrides_a_recognized_effect[buenas]" time="0.001" /><testcase classname="tests.test_turn_policy" name="test_social_shortcut_never_overrides_a_recognized_effect[buenas tardes]" time="0.001" /><testcase classname="tests.test_turn_policy" name="test_social_shortcut_never_overrides_a_recognized_effect[buenas noches]" time="0.001" /><testcase classname="tests.test_turn_policy" name="test_social_shortcut_never_overrides_a_recognized_effect[hola, todo bien?]" time="0.001" /><testcase classname="tests.test_turn_policy" name="test_social_shortcut_never_overrides_a_recognized_effect[qu\xe9 tal]" time="0.059" /><testcase classname="tests.test_turn_policy" name="test_social_shortcut_never_overrides_a_recognized_effect[chau baxy]" time="0.001" /><testcase classname="tests.test_turn_policy" name="test_social_shortcut_never_overrides_a_recognized_effect[adi\xf3s]" time="0.001" /><testcase classname="tests.test_turn_policy" name="test_social_shortcut_never_overrides_a_recognized_effect[hasta luego]" time="0.005" /><testcase classname="tests.test_turn_policy" name="test_social_shortcut_never_overrides_a_recognized_effect[nos vemos]" time="0.002" /><testcase classname="tests.test_turn_policy" name="test_social_shortcut_never_overrides_a_recognized_effect[gracias]" time="0.001" /><testcase classname="tests.test_turn_policy" name="test_social_shortcut_never_overrides_a_recognized_effect[perfecto gracias]" time="0.001" /><testcase classname="tests.test_turn_policy" name="test_social_shortcut_never_overrides_a_recognized_effect[hi]" time="0.001" /><testcase classname="tests.test_turn_policy" name="test_social_shortcut_never_overrides_a_recognized_effect[hello there]" time="0.001" /><testcase classname="tests.test_turn_policy" name="test_social_shortcut_never_overrides_a_recognized_effect[hey]" time="0.001" /><testcase classname="tests.test_turn_policy" name="test_social_shortcut_never_overrides_a_recognized_effect[good morning]" time="0.001" /><testcase classname="tests.test_turn_policy" name="test_social_shortcut_never_overrides_a_recognized_effect[how are you]" time="0.002" /><testcase classname="tests.test_turn_policy" name="test_social_shortcut_never_overrides_a_recognized_effect[bye]" time="0.001" /><testcase classname="tests.test_turn_policy" name="test_social_shortcut_never_overrides_a_recognized_effect[see you later]" time="0.001" /><testcase classname="tests.test_turn_policy" name="test_social_shortcut_never_overrides_a_recognized_effect[good night]" time="0.001" /><testcase classname="tests.test_turn_policy" name="test_social_shortcut_never_overrides_a_recognized_effect[perfect, thanks]" time="0.001" /><testcase classname="tests.test_turn_policy" name="test_social_shortcut_defers_to_pending_clarification[hola]" time="0.001" /><testcase classname="tests.test_turn_policy" name="test_social_shortcut_defers_to_pending_clarification[buenas tardes]" time="0.001" /><testcase classname="tests.test_turn_policy" name="test_social_shortcut_defers_to_pending_clarification[nos vemos]" time="0.000" /><testcase classname="tests.test_turn_policy" name="test_social_shortcut_defers_to_pending_clarification[gracias]" time="0.000" /><testcase classname="tests.test_turn_policy" name="test_social_shortcut_defers_to_pending_clarification[hi]" time="0.000" /><testcase classname="tests.test_turn_policy" name="test_social_shortcut_defers_to_pending_clarification[bye]" time="0.000" /><testcase classname="tests.test_turn_policy" name="test_standalone_nonunderstanding_is_deterministic_conversation[No entend\xed-es]" time="0.001" /><testcase classname="tests.test_turn_policy" name="test_standalone_nonunderstanding_is_deterministic_conversation[No entiendo.-es]" time="0.001" /><testcase classname="tests.test_turn_policy" name="test_standalone_nonunderstanding_is_deterministic_conversation[No comprend\xed-es]" time="0.001" /><testcase classname="tests.test_turn_policy" name="test_standalone_nonunderstanding_is_deterministic_conversation[No me qued\xf3 claro-es]" time="0.001" /><testcase classname="tests.test_turn_policy" name="test_standalone_nonunderstanding_is_deterministic_conversation[I didn't understand.-en]" time="0.001" /><testcase classname="tests.test_turn_policy" name="test_standalone_nonunderstanding_is_deterministic_conversation[I don't get it-en]" time="0.001" /><testcase classname="tests.test_turn_policy" name="test_standalone_nonunderstanding_is_deterministic_conversation[I'm confused-en]" time="0.001" /><testcase classname="tests.test_turn_policy" name="test_nonunderstanding_shortcut_never_swallows_a_compound_request[No entend\xed, abre Spotify]" time="0.000" /><testcase classname="tests.test_turn_policy" name="test_nonunderstanding_shortcut_never_swallows_a_compound_request[No entend\xed el contrato]" time="0.000" /><testcase classname="tests.test_turn_policy" name="test_nonunderstanding_shortcut_never_swallows_a_compound_request[No entiendo c\xf3mo abrir Paint]" time="0.001" /><testcase classname="tests.test_turn_policy" name="test_nonunderstanding_shortcut_never_swallows_a_compound_request[I don't understand, open Paint]" time="0.000" /><testcase classname="tests.test_turn_policy" name="test_nonunderstanding_defers_to_pending_clarification_context" time="0.000" /><testcase classname="tests.test_turn_policy" name="test_elliptical_reaction_uses_non_question_assistant_context[\xbfQu\xe9?-es]" time="0.001" /><testcase classname="tests.test_turn_policy" name="test_elliptical_reaction_uses_non_question_assistant_context[\xbfPor qu\xe9?-es]" time="0.001" /><testcase classname="tests.test_turn_policy" name="test_elliptical_reaction_uses_non_question_assistant_context[What?-en]" time="0.001" /><testcase classname="tests.test_turn_policy" name="test_elliptical_reaction_uses_non_question_assistant_context[Why?-en]" time="0.001" /><testcase classname="tests.test_turn_policy" name="test_elliptical_reaction_without_resolvable_context_is_not_closed[\xbfQu\xe9?]" time="0.000" /><testcase classname="tests.test_turn_policy" name="test_elliptical_reaction_without_resolvable_context_is_not_closed[\xbfPor qu\xe9?]" time="0.001" /><testcase classname="tests.test_turn_policy" name="test_elliptical_reaction_without_resolvable_context_is_not_closed[What?]" time="0.000" /><testcase classname="tests.test_turn_policy" name="test_elliptical_reaction_without_resolvable_context_is_not_closed[Why?]" time="0.000" /><testcase classname="tests.test_turn_policy" name="test_assistant_preference_question_is_conversation_not_a_task_action" time="0.000" /><testcase classname="tests.test_turn_policy" name="test_explicit_stable_no_effect_turns_keep_zero_action_authority[\xbfQu\xe9 es una GPU y para qu\xe9 sirve?-knowledge-es]" time="0.017" /><testcase classname="tests.test_turn_policy" name="test_explicit_stable_no_effect_turns_keep_zero_action_authority[What is a GPU and what is it used for?-knowledge-en]" time="0.001" /><testcase classname="tests.test_turn_policy" name="test_explicit_stable_no_effect_turns_keep_zero_action_authority[Ayer abr\xed Spotify y escuch\xe9 m\xfasica.-unsupported-es]" time="0.001" /><testcase classname="tests.test_turn_policy" name="test_explicit_stable_no_effect_turns_keep_zero_action_authority[Yesterday I opened Spotify and listened to music.-unsupported-en]" time="0.001" /><testcase classname="tests.test_turn_policy" name="test_explicit_stable_no_effect_turns_keep_zero_action_authority[No abras Spotify; solo dime qu\xe9 es.-unsupported-es]" time="0.001" /><testcase classname="tests.test_turn_policy" name="test_explicit_stable_no_effect_turns_keep_zero_action_authority[Do not open Spotify; just tell me what it is.-unsupported-en]" time="0.001" /><testcase classname="tests.test_turn_policy" name="test_explicit_stable_no_effect_turns_keep_zero_action_authority[Abre YouTube en el tel\xe9fono de mi hermana.-unsupported-es]" time="0.001" /><testcase classname="tests.test_turn_policy" name="test_explicit_stable_no_effect_turns_keep_zero_action_authority[Open YouTube on my sister's phone.-unsupported-en]" time="0.001" /><testcase classname="tests.test_turn_policy" name="test_explicit_stable_no_effect_turns_keep_zero_action_authority[How do I take a screenshot in Windows?-knowledge-en]" time="0.001" /><testcase classname="tests.test_turn_policy" name="test_explicit_stable_no_effect_turns_keep_zero_action_authority[How can I open the Windows calculator?-knowledge-en]" time="0.001" /><testcase classname="tests.test_turn_policy" name="test_explicit_stable_no_effect_turns_keep_zero_action_authority[\xbfC\xf3mo puedo hacer una captura de pantalla?-knowledge-es]" time="0.001" /><testcase classname="tests.test_turn_policy" name="test_explicit_stable_no_effect_turns_keep_zero_action_authority[Expl\xedcame c\xf3mo abrir el administrador de tareas.-knowledge-es]" time="0.001" /><testcase classname="tests.test_turn_policy" name="test_explicit_stable_no_effect_turns_keep_zero_action_authority[Can you play a board game with me?-unsupported-en]" time="0.001" /><testcase classname="tests.test_turn_policy" name="test_explicit_stable_no_effect_turns_keep_zero_action_authority[\xbfQuieres jugar algo conmigo?-unsupported-es]" time="0.001" /><testcase classname="tests.test_turn_policy" name="test_explicit_stable_no_effect_turns_keep_zero_action_authority[Cierre de Word pod\xeda perder trabajo-followup-es]" time="0.001" /><testcase classname="tests.test_turn_policy" name="test_explicit_stable_no_effect_turns_keep_zero_action_authority[Closing Word could lose unsaved work-followup-en]" time="0.001" /><testcase classname="tests.test_turn_policy" name="test_explicit_stable_no_effect_turns_keep_zero_action_authority[S\xed, s\xed, te oigo-social-es]" time="0.001" /><testcase classname="tests.test_turn_policy" name="test_explicit_stable_no_effect_turns_keep_zero_action_authority[Yeah, yeah I hear you-social-en]" time="0.001" /><testcase classname="tests.test_turn_policy" name="test_explicit_stable_no_effect_turns_keep_zero_action_authority[Contame un chiste corto-knowledge-es]" time="0.001" /><testcase classname="tests.test_turn_policy" name="test_explicit_stable_no_effect_turns_keep_zero_action_authority[I would like to hear some good funny jokes-knowledge-en]" time="0.001" /><testcase classname="tests.test_turn_policy" name="test_explicit_stable_no_effect_turns_keep_zero_action_authority[find me a joke related to baseball-knowledge-en]" time="0.001" /><testcase classname="tests.test_turn_policy" name="test_explicit_stable_no_effect_turns_keep_zero_action_authority[What do you think about pineapple on pizza?-knowledge-en]" time="0.001" /><testcase classname="tests.test_turn_policy" name="test_explicit_stable_no_effect_turns_keep_zero_action_authority[\xbfQu\xe9 no puedes hacer?-knowledge-es]" time="0.001" /><testcase classname="tests.test_turn_policy" name="test_explicit_stable_no_effect_turns_keep_zero_action_authority[A question: Rewrite the sentence close every tab more politely-knowledge-en]" time="0.001" /><testcase classname="tests.test_turn_policy" name="test_explicit_stable_no_effect_turns_keep_zero_action_authority[Una duda: Dame una receta de risotto para una ma\xf1ana ventosa-knowledge-es]" time="0.001" /><testcase classname="tests.test_turn_policy" name="test_explicit_stable_no_effect_turns_keep_zero_action_authority[Baxy: just curious: Define an operating system without inspecting my PC.-knowledge-en]" time="0.001" /><testcase classname="tests.test_turn_policy" name="test_explicit_stable_no_effect_turns_keep_zero_action_authority[Look, Baxy: a brief question: If I bought a tablet, I would open my notes there.-knowledge-en]" time="0.001" /><testcase classname="tests.test_turn_policy" name="test_explicit_stable_no_effect_turns_keep_zero_action_authority[One small question: What would happen if another computer lost its Wi-Fi?-knowledge-en]" time="0.001" /><testcase classname="tests.test_turn_policy" name="test_explicit_stable_no_effect_turns_keep_zero_action_authority[Una pregunta simple: Si comprara una tableta, abrir\xeda all\xed mis notas.-knowledge-es]" time="0.001" /><testcase classname="tests.test_turn_policy" name="test_explicit_stable_no_effect_turns_keep_zero_action_authority[One brief question: Do not capture anything; explain what screenshot means-knowledge-en]" time="0.001" /><testcase classname="tests.test_turn_policy" name="test_explicit_stable_no_effect_turns_keep_zero_action_authority[I want it to be able to tell me statistics about things it has done for me.-unsupported-en]" time="0.001" /><testcase classname="tests.test_turn_policy" name="test_explicit_stable_no_effect_turns_keep_zero_action_authority[Me gustar\xeda que Baxy pudiera resumir todo lo que ha hecho por m\xed.-unsupported-es]" time="0.001" /><testcase classname="tests.test_turn_policy" name="test_explicit_stable_no_effect_turns_keep_zero_action_authority[No hables hasta que te pregunte.-followup-es]" time="0.001" /><testcase classname="tests.test_turn_policy" name="test_explicit_stable_no_effect_turns_keep_zero_action_authority[Don't say anything until I ask.-followup-en]" time="0.001" /><testcase classname="tests.test_turn_policy" name="test_explicit_stable_no_effect_turns_keep_zero_action_authority[I want to play um Mario against Julie.-unsupported-en]" time="0.001" /><testcase classname="tests.test_turn_policy" name="test_explicit_stable_no_effect_turns_keep_zero_action_authority[Pon v\xeddeos.-followup-es]" time="0.001" /><testcase classname="tests.test_turn_policy" name="test_explicit_stable_no_effect_turns_keep_zero_action_authority[Abre eso-followup-es]" time="0.001" /><testcase classname="tests.test_turn_policy" name="test_explicit_stable_no_effect_turns_keep_zero_action_authority[quien es el actual primer ministro de rusia-unsupported-es]" time="0.001" /><testcase classname="tests.test_turn_policy" name="test_explicit_stable_no_effect_turns_keep_zero_action_authority[puedes mostrarme una lista de todos mis comandos recientes-unsupported-es]" time="0.001" /><testcase classname="tests.test_turn_policy" name="test_explicit_stable_no_effect_turns_keep_zero_action_authority[describe el disco duro del ordenador-knowledge-es]" time="0.001" /><testcase classname="tests.test_turn_policy" name="test_explicit_stable_no_effect_turns_keep_zero_action_authority[describe about the computer hard disk-knowledge-en]" time="0.001" /><testcase classname="tests.test_turn_policy" name="test_explicit_stable_no_effect_turns_keep_zero_action_authority[tell me about india location-knowledge-en]" time="0.001" /><testcase classname="tests.test_turn_policy" name="test_explicit_stable_no_effect_turns_keep_zero_action_authority[please tell me the score of the game-knowledge-en]" time="0.001" /><testcase classname="tests.test_turn_policy" name="test_explicit_stable_no_effect_turns_keep_zero_action_authority[what sound does a dog make-knowledge-en]" time="0.001" /><testcase classname="tests.test_turn_policy" name="test_explicit_stable_no_effect_turns_keep_zero_action_authority[give details of rock sand-knowledge-en]" time="0.001" /><testcase classname="tests.test_turn_policy" name="test_explicit_stable_no_effect_turns_keep_zero_action_authority[cu\xe9ntame todo sobre el hurac\xe1n-knowledge-es]" time="0.001" /><testcase classname="tests.test_turn_policy" name="test_explicit_stable_no_effect_turns_keep_zero_action_authority[my day is going well add a memo-social-en]" time="0.001" /><testcase classname="tests.test_turn_policy" name="test_explicit_stable_no_effect_turns_keep_zero_action_authority[encontrar ruta-knowledge-es]" time="0.001" /><testcase classname="tests.test_turn_policy" name="test_explicit_stable_no_effect_turns_keep_zero_action_authority[dime la direcci\xf3n de billy crytals-unsupported-es]" time="0.001" /><testcase classname="tests.test_turn_policy" name="test_explicit_stable_no_effect_turn_never_swallows_current_pc_actions[Dime el uso actual de RAM de este computador.]" time="0.001" /><testcase classname="tests.test_turn_policy" name="test_explicit_stable_no_effect_turn_never_swallows_current_pc_actions[What is the current speaker volume?]" time="0.001" /><testcase classname="tests.test_turn_policy" name="test_explicit_stable_no_effect_turn_never_swallows_current_pc_actions[Describe el uso actual del disco duro.]" time="0.001" /><testcase classname="tests.test_turn_policy" name="test_explicit_stable_no_effect_turn_never_swallows_current_pc_actions[Conecta mi tel\xe9fono por Bluetooth.]" time="0.001" /><testcase classname="tests.test_turn_policy" name="test_explicit_stable_no_effect_turn_never_swallows_current_pc_actions[Pair my phone over Bluetooth.]" time="0.001" /><testcase classname="tests.test_turn_policy" name="test_explicit_stable_no_effect_turn_never_swallows_current_pc_actions[Abre Spotify.]" time="0.001" /><testcase classname="tests.test_turn_policy" name="test_explicit_stable_no_effect_turn_never_swallows_current_pc_actions[Open YouTube on this computer.]" time="0.001" /><testcase classname="tests.test_turn_policy" name="test_explicit_stable_no_effect_turn_never_swallows_current_pc_actions[Play Beat It on Spotify.]" time="0.001" /><testcase classname="tests.test_turn_policy" name="test_explicit_stable_no_effect_turn_never_swallows_current_pc_actions[Juega Counter Strike.]" time="0.001" /><testcase classname="tests.test_turn_policy" name="test_explicit_stable_no_effect_turn_never_swallows_current_pc_actions[I want you to open Spotify.]" time="0.001" /><testcase classname="tests.test_turn_policy" name="test_explicit_stable_no_effect_turn_never_swallows_current_pc_actions[I want Baxy to open Spotify.]" time="0.001" /><testcase classname="tests.test_turn_policy" name="test_explicit_stable_no_effect_turn_never_swallows_current_pc_actions[Quiero que abras Spotify.]" time="0.001" /><testcase classname="tests.test_turn_policy" name="test_explicit_stable_no_effect_turn_never_swallows_current_pc_actions[Quiero que Baxy abra Spotify.]" time="0.001" /><testcase classname="tests.test_turn_policy" name="test_explicit_stable_no_effect_turn_never_swallows_current_pc_actions[S\xed, s\xed, te oigo, apaga la alarma.]" time="0.001" /><testcase classname="tests.test_turn_policy" name="test_explicit_stable_no_effect_turn_defers_to_pending_clarification" time="0.000" /><testcase classname="tests.test_turn_policy" name="test_explicit_turn_decision_keeps_effects_without_model_reinference[\xbfQu\xe9 hora es?-es]" time="0.001" /><testcase classname="tests.test_turn_policy" name="test_explicit_turn_decision_keeps_effects_without_model_reinference[open calculator-en]" time="0.001" /><testcase classname="tests.test_turn_policy" name="test_explicit_turn_decision_keeps_effects_without_model_reinference[abre Spotify and pause-mixed]" time="0.001" /><testcase classname="tests.test_turn_policy" name="test_explicit_plan_skeleton_preserves_effect_order_and_dependency" time="0.001" /><testcase classname="tests.test_turn_policy" name="test_explicit_plan_skeleton_adds_required_close_identity" time="0.001" /><testcase classname="tests.test_turn_policy" name="test_active_or_deictic_close_uses_verified_foreground_identity[cierra la ventana activa]" time="0.001" /><testcase classname="tests.test_turn_policy" name="test_active_or_deictic_close_uses_verified_foreground_identity[cierralo]" time="0.001" /><testcase classname="tests.test_turn_policy" name="test_active_or_deictic_close_uses_verified_foreground_identity[close it]" time="0.000" /><testcase classname="tests.test_turn_policy" name="test_explicit_plan_skeleton_resolves_reminder_before_delete" time="0.000" /><testcase classname="tests.test_turn_policy" name="test_explicit_plan_skeleton_lists_due_notification_before_dismiss" time="0.000" /><testcase classname="tests.test_turn_policy" name="test_repeated_identity_consumers_receive_fresh_predecessors" time="0.001" /><testcase classname="tests.test_turn_policy" name="test_each_window_mutation_depends_on_the_verified_active_window" time="0.000" /><testcase classname="tests.test_turn_policy" name="test_every_identity_consumer_gets_exactly_one_semantic_producer[app.close]" time="0.001" /><testcase classname="tests.test_turn_policy" name="test_every_identity_consumer_gets_exactly_one_semantic_producer[bluetooth.device.pair]" time="0.000" /><testcase classname="tests.test_turn_policy" name="test_every_identity_consumer_gets_exactly_one_semantic_producer[game.install.commit]" time="0.000" /><testcase classname="tests.test_turn_policy" name="test_every_identity_consumer_gets_exactly_one_semantic_producer[game.purchase.commit]" time="0.000" /><testcase classname="tests.test_turn_policy" name="test_every_identity_consumer_gets_exactly_one_semantic_producer[message.send]" time="0.000" /><testcase classname="tests.test_turn_policy" name="test_every_identity_consumer_gets_exactly_one_semantic_producer[notification.dismiss]" time="0.000" /><testcase classname="tests.test_turn_policy" name="test_every_identity_consumer_gets_exactly_one_semantic_producer[ocr.read]" time="0.000" /><testcase classname="tests.test_turn_policy" name="test_every_identity_consumer_gets_exactly_one_semantic_producer[package.install.commit]" time="0.000" /><testcase classname="tests.test_turn_policy" name="test_every_identity_consumer_gets_exactly_one_semantic_producer[peripheral.print]" time="0.000" /><testcase classname="tests.test_turn_policy" name="test_every_identity_consumer_gets_exactly_one_semantic_producer[peripheral.scan]" time="0.000" /><testcase classname="tests.test_turn_policy" name="test_every_identity_consumer_gets_exactly_one_semantic_producer[reminder.delete]" time="0.000" /><testcase classname="tests.test_turn_policy" name="test_every_identity_consumer_gets_exactly_one_semantic_producer[vision.describe]" time="0.000" /><testcase classname="tests.test_turn_policy" name="test_every_identity_consumer_gets_exactly_one_semantic_producer[wifi.connect]" time="0.000" /><testcase classname="tests.test_turn_policy" name="test_every_identity_consumer_gets_exactly_one_semantic_producer[window.focus]" time="0.000" /><testcase classname="tests.test_turn_policy" name="test_every_identity_consumer_gets_exactly_one_semantic_producer[window.maximize]" time="0.000" /><testcase classname="tests.test_turn_policy" name="test_every_identity_consumer_gets_exactly_one_semantic_producer[window.minimize]" time="0.000" /><testcase classname="tests.test_turn_policy" name="test_every_identity_consumer_gets_exactly_one_semantic_producer[window.move]" time="0.000" /><testcase classname="tests.test_turn_policy" name="test_every_identity_consumer_gets_exactly_one_semantic_producer[window.resize]" time="0.001" /><testcase classname="tests.test_turn_policy" name="test_every_identity_consumer_gets_exactly_one_semantic_producer[window.restore]" time="0.000" /><testcase classname="tests.test_turn_policy" name="test_conditional_identity_coreference_selects_one_exact_producer[lee la primera nota-step_1]" time="0.001" /><testcase classname="tests.test_turn_policy" name="test_conditional_identity_coreference_selects_one_exact_producer[read the first note-step_1]" time="0.001" /><testcase classname="tests.test_turn_policy" name="test_conditional_identity_coreference_selects_one_exact_producer[lee la segunda nota-step_2]" time="0.001" /><testcase classname="tests.test_turn_policy" name="test_conditional_identity_coreference_selects_one_exact_producer[read the latest note-step_2]" time="0.001" /><testcase classname="tests.test_turn_policy" name="test_conditional_identity_coreference_selects_one_exact_producer[lee esa nota-step_2]" time="0.001" /><testcase classname="tests.test_turn_policy" name="test_repeated_effects_receive_distinct_argument_purposes" time="0.000" /><testcase classname="tests.test_turn_policy" name="test_explicit_arguments_are_bound_to_each_effect_fragment[audio.volume-pon el volumen al 8 por ciento-expected0]" time="0.004" /><testcase classname="tests.test_turn_policy" name="test_explicit_arguments_are_bound_to_each_effect_fragment[audio.volume.adjust-sube el volumen en 2 puntos-expected1]" time="0.001" /><testcase classname="tests.test_turn_policy" name="test_explicit_arguments_are_bound_to_each_effect_fragment[audio.volume.adjust-lower volume by 3 points-expected2]" time="0.001" /><testcase classname="tests.test_turn_policy" name="test_explicit_arguments_are_bound_to_each_effect_fragment[audio.mute-mute audio-expected3]" time="0.001" /><testcase classname="tests.test_turn_policy" name="test_explicit_arguments_are_bound_to_each_effect_fragment[audio.mute-unmute audio-expected4]" time="0.001" /><testcase classname="tests.test_turn_policy" name="test_explicit_arguments_are_bound_to_each_effect_fragment[audio.mute-quita el mute del audio-expected5]" time="0.001" /><testcase classname="tests.test_turn_policy" name="test_word_valued_volume_arguments_are_bound_without_the_model[Set the volume to seventy five percent-75]" time="0.001" /><testcase classname="tests.test_turn_policy" name="test_word_valued_volume_arguments_are_bound_without_the_model[Pon el volumen al setenta y cinco por ciento-75]" time="0.001" /><testcase classname="tests.test_turn_policy" name="test_live_artist_query_is_grounded_without_model_argument_latency" time="0.002" /><testcase classname="tests.test_turn_policy" name="test_change_current_artist_is_a_bounded_next_media_control" time="0.002" /><testcase classname="tests.test_turn_policy" name="test_latest_notification_kind_is_grounded_from_the_literal_domain" time="0.001" /><testcase classname="tests.test_turn_policy" name="test_location_recommendation_preserves_literal_web_query" time="0.001" /><testcase classname="tests.test_turn_policy" name="test_nominal_reminder_lookup_is_read_only_and_title_grounded" time="0.001" /><testcase classname="tests.test_turn_policy" name="test_exact_notification_clock_arguments_are_grounded_without_identity_guessing[Get rid of the five p.m. alarm-expected0]" time="0.001" /><testcase classname="tests.test_turn_policy" name="test_exact_notification_clock_arguments_are_grounded_without_identity_guessing[Quita la alarma de las cinco de la tarde-expected1]" time="0.001" /><testcase classname="tests.test_turn_policy" name="test_exact_notification_clock_arguments_are_grounded_without_identity_guessing[Remove the 17:30 reminder-expected2]" time="0.001" /><testcase classname="tests.test_turn_policy" name="test_message_recipient_literals_are_exact_and_channel_canonical[Dile a amor que la amo demasiado en wsp-expected0]" time="0.004" /><testcase classname="tests.test_turn_policy" name="test_message_recipient_literals_are_exact_and_channel_canonical[Tell Lucia on Discord that I will be late-expected1]" time="0.001" /><testcase classname="tests.test_turn_policy" name="test_message_recipient_literals_are_exact_and_channel_canonical[Env\xeda por WhatsApp a M\xfasica el mensaje \xabllego en diez minutos\xbb.-expected2]" time="0.001" /><testcase classname="tests.test_turn_policy" name="test_message_recipient_literals_are_exact_and_channel_canonical[Send Music the WhatsApp message \u2018I will arrive soon\u2019.-expected3]" time="0.001" /><testcase classname="tests.test_turn_policy" name="test_message_recipient_wsp_alias_crosses_enum_grounding" time="0.001" /><testcase classname="tests.test_turn_policy" name="test_reminder_resolver_preserves_exact_title_spelling[Delete reminder to pick-up Evey-pick-up Evey]" time="0.001" /><testcase classname="tests.test_turn_policy" name="test_reminder_resolver_preserves_exact_title_spelling[Elimina el recordatorio para ir a buscar a Evey.-ir a buscar a Evey]" time="0.001" /><testcase classname="tests.test_turn_policy" name="test_reminder_resolver_preserves_exact_title_spelling[Reminder to take grandma shopping needs to be cancelled.-take grandma shopping]" time="0.001" /><testcase classname="tests.test_turn_policy" name="test_reminder_resolver_preserves_exact_title_spelling[Find the reminder about the bowling fundraiser and remove it-the bowling fundraiser]" time="0.001" /><testcase classname="tests.test_turn_policy" name="test_reminder_resolver_preserves_exact_title_spelling[No necesito comida para perro, cancela el recordatorio.-comida para perro]" time="0.001" /><testcase classname="tests.test_turn_policy" name="test_reminder_resolver_preserves_exact_title_spelling[Los tragos despu\xe9s del trabajo se cancelaron as\xed que este recordatorio se tiene que eliminar.-Los tragos despu\xe9s del trabajo]" time="0.001" /><testcase classname="tests.test_turn_policy" name="test_identity_literal_extraction_abstains_on_non_unique_requests[Tell Ana and Luis on Discord that I will be late]" time="0.001" /><testcase classname="tests.test_turn_policy" name="test_identity_literal_extraction_abstains_on_non_unique_requests[Send them the WhatsApp message hello]" time="0.001" /><testcase classname="tests.test_turn_policy" name="test_identity_literal_extraction_abstains_on_non_unique_requests[Delete reminders to call Ana and Luis]" time="0.001" /><testcase classname="tests.test_turn_policy" name="test_identity_literal_extraction_abstains_on_non_unique_requests[Remove a reminder please]" time="0.001" /><testcase classname="tests.test_turn_policy" name="test_common_complete_literals_do_not_require_model_reinference[bluetooth.radio.set-prend\xe9 el bluetooth-expected0]" time="0.001" /><testcase classname="tests.test_turn_policy" name="test_common_complete_literals_do_not_require_model_reinference[audio.microphone.mute-silenciame el micr\xf3fono-expected1]" time="0.001" /><testcase classname="tests.test_turn_policy" name="test_common_complete_literals_do_not_require_model_reinference[filesystem.file.open.latest-Abre el \xfaltimo archivo que descargu\xe9-expected2]" time="0.001" /><testcase classname="tests.test_turn_policy" name="test_common_complete_literals_do_not_require_model_reinference[filesystem.known.search-Busca archivos que contengan la palabra \u201cBatman-expected3]" time="0.001" /><testcase classname="tests.test_turn_policy" name="test_common_complete_literals_do_not_require_model_reinference[note.create-anota que tengo que comprar pan-expected4]" time="0.001" /><testcase classname="tests.test_turn_policy" name="test_common_complete_literals_do_not_require_model_reinference[note.create-anot\xe1 que termin\xe9 de configurar el micr\xf3fono-expected5]" time="0.001" /><testcase classname="tests.test_turn_policy" name="test_common_complete_literals_do_not_require_model_reinference[wifi.connect.named-cambia el wifi a EV 2-expected6]" time="0.001" /><testcase classname="tests.test_turn_policy" name="test_common_complete_literals_do_not_require_model_reinference[wifi.connect.named-Connect to the Wi-Fi network called Home-expected7]" time="0.001" /><testcase classname="tests.test_turn_policy" name="test_bare_host_and_named_service_receive_closed_https_destinations" time="0.001" /><testcase classname="tests.test_turn_policy" name="test_relative_and_clock_due_literals_become_future_utc_instants" time="0.004" /><testcase classname="tests.test_turn_policy" name="test_relative_calendar_windows_use_closed_local_civil_boundaries" time="0.001" /><testcase classname="tests.test_turn_policy" name="test_absolute_calendar_range_includes_the_spoken_final_day" time="0.000" /><testcase classname="tests.test_turn_policy" name="test_timer_arguments_are_literal_before_deterministic_clock_conversion" time="0.000" /><testcase classname="tests.test_turn_policy" name="test_multiple_alarm_effects_keep_independent_literal_grounding" time="0.004" /><testcase classname="tests.test_turn_policy" name="test_explicit_note_literals_preserve_original_text[Crea una nota titulada Prueba LLM Q3 con el contenido verificaci\xf3n Caf\xe9-expected0]" time="0.001" /><testcase classname="tests.test_turn_policy" name="test_explicit_note_literals_preserve_original_text[Create a note titled Release Q3 with the content verified locally-expected1]" time="0.001" /><testcase classname="tests.test_turn_policy" name="test_explicit_note_literals_preserve_original_text[Crea una nota que diga pagar el arriendo el viernes.-expected2]" time="0.001" /><testcase classname="tests.test_turn_policy" name="test_explicit_note_literals_preserve_original_text[Make a note that says call the dentist tomorrow.-expected3]" time="0.001" /><testcase classname="tests.test_turn_policy" name="test_explicit_note_extraction_abstains_without_both_named_literals" time="0.001" /><testcase classname="tests.test_turn_policy" name="test_explicit_argument_extraction_abstains_on_ambiguous_fragments[audio.volume-pon el volumen al 8 y luego al 12]" time="0.001" /><testcase classname="tests.test_turn_policy" name="test_explicit_argument_extraction_abstains_on_ambiguous_fragments[audio.volume-mi laptop de 15 pulgadas tiene problemas de volumen]" time="0.001" /><testcase classname="tests.test_turn_policy" name="test_explicit_argument_extraction_abstains_on_ambiguous_fragments[audio.volume.adjust-sube y baja el volumen en 2 puntos]" time="0.001" /><testcase classname="tests.test_turn_policy" name="test_explicit_argument_extraction_abstains_on_ambiguous_fragments[audio.volume.adjust-en mi laptop de 15 pulgadas baja el volumen]" time="0.001" /><testcase classname="tests.test_turn_policy" name="test_explicit_argument_extraction_abstains_on_ambiguous_fragments[audio.mute-mute and unmute audio]" time="0.001" /><testcase classname="tests.test_turn_policy" name="test_explicit_arguments_cross_the_same_schema_and_grounding_boundary" time="0.001" /><testcase classname="tests.test_turn_policy" name="test_explicit_unmute_crosses_the_authenticated_boolean_schema" time="0.000" /><testcase classname="tests.test_turn_policy" name="test_authenticated_app_lists_bind_each_exact_name_without_llm" time="0.006" /><testcase classname="tests.test_turn_policy" name="test_authenticated_game_catalog_binds_only_the_observed_app_id" time="0.001" /><testcase classname="tests.test_turn_policy" name="test_game_catalog_accepts_only_complete_or_empty_unverified_snapshots" time="0.000" /><testcase classname="tests.test_turn_policy" name="test_coordinated_task_and_reminder_bind_names_and_clock_without_llm" time="0.001" /><testcase classname="tests.test_turn_policy" name="test_explicit_titles_preserve_original_case_accents_and_punctuation" time="0.000" /><testcase classname="tests.test_turn_policy" name="test_preserved_plan_effects_are_not_rejected_by_a_second_relevance_veto" time="0.000" /><testcase classname="tests.test_turn_policy" name="test_exact_spotify_play_carries_its_source_into_following_control" time="0.000" /><testcase classname="tests.test_turn_policy" name="test_polysemous_domain_cues_cannot_grant_operation_authority[\xbfC\xf3mo est\xe1 la red neuronal?-network.status]" time="0.001" /><testcase classname="tests.test_turn_policy" name="test_polysemous_domain_cues_cannot_grant_operation_authority[\xbfC\xf3mo est\xe1 la red neuronal?-media.status]" time="0.001" /><testcase classname="tests.test_turn_policy" name="test_polysemous_domain_cues_cannot_grant_operation_authority[Silencia las notificaciones de Slack-audio.mute]" time="0.002" /><testcase classname="tests.test_turn_policy" name="test_polysemous_domain_cues_cannot_grant_operation_authority[Can you play a board game with me?-media.play.query]" time="0.001" /><testcase classname="tests.test_turn_policy" name="test_polysemous_domain_cues_cannot_grant_operation_authority[Can you play a game against us?-media.play.exact]" time="0.001" /><testcase classname="tests.test_turn_policy" name="test_polysemous_domain_cues_cannot_grant_operation_authority[Copia el texto que dice portapapeles-clipboard.copy]" time="0.001" /><testcase classname="tests.test_turn_policy" name="test_polysemous_domain_cues_cannot_grant_operation_authority[Haz una captura del ladr\xf3n-capture.screenshot]" time="0.001" /><testcase classname="tests.test_turn_policy" name="test_polysemous_domain_cues_cannot_grant_operation_authority[Haz una captura del ladr\xf3n-window.resolve]" time="0.001" /><testcase classname="tests.test_turn_policy" name="test_polysemous_domain_cues_cannot_grant_operation_authority[Lee la p\xe1gina 42 del documento-browser.page.read]" time="0.001" /><testcase classname="tests.test_turn_policy" name="test_polysemous_domain_cues_cannot_grant_operation_authority[Recarga la p\xe1gina del libro-browser.control]" time="0.001" /><testcase classname="tests.test_turn_policy" name="test_polysemous_domain_cues_cannot_grant_operation_authority[\xbfQu\xe9 canci\xf3n est\xe1 sonando en mi cabeza?-media.status]" time="0.001" /><testcase classname="tests.test_turn_policy" name="test_degraded_neighboring_domains_cannot_grant_operation_authority[Please d\xe9jame a Snapchat the whole desktop-system.application.crash.diagnose]" time="0.001" /><testcase classname="tests.test_turn_policy" name="test_degraded_neighboring_domains_cannot_grant_operation_authority[For the graph el desktop para pull out readable text-filesystem.list]" time="0.001" /><testcase classname="tests.test_turn_policy" name="test_degraded_neighboring_domains_cannot_grant_operation_authority[Necesito an Excel sheet titulada Works of Costs-clipboard.write.text]" time="0.001" /><testcase classname="tests.test_turn_policy" name="test_degraded_neighboring_domains_cannot_grant_operation_authority[Hazle saber a Elena que el paquete lleg\xf3-reminder.resolve.exact]" time="0.001" /><testcase classname="tests.test_turn_policy" name="test_degraded_neighboring_domains_cannot_grant_operation_authority[Tell a story where Bluetooth is an imaginary city-bluetooth.device.list]" time="0.001" /><testcase classname="tests.test_turn_policy" name="test_degraded_neighboring_domains_cannot_grant_operation_authority[Write una theoretical checklist para organized tasks-routine.list]" time="0.001" /><testcase classname="tests.test_turn_policy" name="test_independently_recovered_operation_survives_lexical_domain_veto" time="0.000" /><testcase classname="tests.test_turn_policy" name="test_recovered_game_launch_requires_authenticated_installed_identity" time="0.001" /><testcase classname="tests.test_turn_policy" name="test_application_launch_requires_authenticated_installed_identity" time="0.001" /><testcase classname="tests.test_turn_policy" name="test_application_argument_grounding_uses_authenticated_provider_identity" time="0.001" /><testcase classname="tests.test_turn_policy" name="test_literal_operation_domains_preserve_valid_authority[\xbfC\xf3mo est\xe1 la red?-network.status]" time="0.001" /><testcase classname="tests.test_turn_policy" name="test_literal_operation_domains_preserve_valid_authority[Silencia el audio-audio.mute]" time="0.001" /><testcase classname="tests.test_turn_policy" name="test_literal_operation_domains_preserve_valid_authority[Haz una captura de pantalla-capture.screenshot]" time="0.001" /><testcase classname="tests.test_turn_policy" name="test_literal_operation_domains_preserve_valid_authority[Lee la p\xe1gina actual-browser.page.read]" time="0.001" /><testcase classname="tests.test_turn_policy" name="test_literal_operation_domains_preserve_valid_authority[Recarga la p\xe1gina-browser.control]" time="0.001" /><testcase classname="tests.test_turn_policy" name="test_literal_operation_domains_preserve_valid_authority[\xbfQu\xe9 m\xfasica est\xe1 sonando?-media.status]" time="0.001" /><testcase classname="tests.test_turn_policy" name="test_literal_operation_domains_preserve_valid_authority[Copia texto de Notepad al portapapeles-clipboard.copy]" time="0.001" /><testcase classname="tests.test_turn_policy" name="test_new_literal_operation_domains_preserve_valid_authority[Lista los fallos recientes de las aplicaciones-system.application.crash.diagnose]" time="0.001" /><testcase classname="tests.test_turn_policy" name="test_new_literal_operation_domains_preserve_valid_authority[Lista los archivos del sandbox-filesystem.list]" time="0.001" /><testcase classname="tests.test_turn_policy" name="test_new_literal_operation_domains_preserve_valid_authority[Escribe hola en el portapapeles-clipboard.write.text]" time="0.001" /><testcase classname="tests.test_turn_policy" name="test_new_literal_operation_domains_preserve_valid_authority[Recordatorios de cumplea\xf1os-reminder.resolve.exact]" time="0.001" /><testcase classname="tests.test_turn_policy" name="test_new_literal_operation_domains_preserve_valid_authority[Lista los dispositivos Bluetooth-bluetooth.device.list]" time="0.001" /><testcase classname="tests.test_turn_policy" name="test_new_literal_operation_domains_preserve_valid_authority[Muestra mis rutinas guardadas-routine.list]" time="0.001" /><testcase classname="tests.test_turn_policy" name="test_message_dispatch_cannot_degrade_to_recipient_resolution_only" time="0.001" /><testcase classname="tests.test_turn_policy" name="test_recipient_lookup_without_dispatch_remains_resolvable[Busca el contacto Ana en WhatsApp]" time="0.001" /><testcase classname="tests.test_turn_policy" name="test_recipient_lookup_without_dispatch_remains_resolvable[Resolve the Music recipient on Discord]" time="0.000" /><testcase classname="tests.test_turn_policy" name="test_vague_enable_everything_cannot_target_a_system_setting" time="0.001" /><testcase classname="tests.test_turn_policy" name="test_clause_grounded_explicit_compound_survives_whole_text_domain_veto" time="0.000" /><testcase classname="tests.test_turn_policy" name="test_partial_compound_domains_are_checked_clause_by_clause" time="0.002" /><testcase classname="tests.test_turn_policy" name="test_proven_compound_application_clause_keeps_authenticated_identity" time="0.001" /><testcase classname="tests.test_turn_policy" name="test_proven_compound_clause_repairs_only_its_model_nominated_slot" time="0.001" /><testcase classname="tests.test_turn_policy" name="test_explicit_domain_bypass_requires_the_exact_recognized_sequence" time="0.000" /><testcase classname="tests.test_turn_policy" name="test_partial_semantic_compound_cannot_receive_action_authority" time="0.000" /><testcase classname="tests.test_turn_policy" name="test_complete_semantic_compound_can_fill_an_unresolved_clause" time="0.000" /><testcase classname="tests.test_turn_policy" name="test_unverified_unresolved_compound_operation_never_receives_authority" time="0.000" /><testcase classname="tests.test_turn_policy" name="test_compound_clause_compatibility_runs_with_bounded_parallelism" time="0.002" /><testcase classname="tests.test_turn_policy" name="test_parallel_compound_verification_retires_unused_speculation" time="0.000" /><testcase classname="tests.test_turn_policy" name="test_semantic_compound_must_preserve_every_recognized_clause" time="0.000" /><testcase classname="tests.test_turn_policy" name="test_explicit_screen_text_language_recovers_only_ocr_family" time="0.001" /><testcase classname="tests.test_turn_policy" name="test_literal_url_recovers_only_families_with_url_shaped_contracts" time="0.000" /><testcase classname="tests.test_turn_policy" name="test_dependent_action_defers_verified_identity_to_the_planner" time="0.000" /><testcase classname="tests.test_turn_policy" name="test_explicit_dependent_action_still_defers_identity_to_the_planner" time="0.000" /><testcase classname="tests.test_turn_policy" name="test_note_dependency_prefers_verified_opaque_identity_over_title" time="0.000" /><testcase classname="tests.test_turn_policy" name="test_side_effect_free_turn_assigns_each_logical_attempt" time="0.000" /><testcase classname="tests.test_turn_policy" name="test_turn_attempt_and_recovery_budgets_fit_desktop_transport_sla" time="0.000" /><testcase classname="tests.test_turn_policy" name="test_turn_resolves_explicit_effects_only_once" time="0.003" /><testcase classname="tests.test_turn_policy" name="test_live_weather_feed_is_closed_before_model_selection[yes or no tomorrow's temperature is to be hot]" time="0.009" /><testcase classname="tests.test_turn_policy" name="test_live_weather_feed_is_closed_before_model_selection[temperature outside]" time="0.001" /><testcase classname="tests.test_turn_policy" name="test_live_weather_feed_is_closed_before_model_selection[olly what is the weather forecast for today]" time="0.001" /><testcase classname="tests.test_turn_policy" name="test_explicit_message_payload_future_tense_preserves_intent_identity" time="0.023" /><testcase classname="tests.test_turn_policy" name="test_explicit_incomplete_effect_uses_only_model_authored_question" time="0.003" /><testcase classname="tests.test_turn_policy" name="test_explicit_social_turn_does_not_compute_unused_semantic_candidates" time="0.006" /><testcase classname="tests.test_turn_policy" name="test_outer_action_veto_reuses_valid_language_and_retries_only_failure[es]" time="0.012" /><testcase classname="tests.test_turn_policy" name="test_outer_action_veto_reuses_valid_language_and_retries_only_failure[None]" time="0.002" /><testcase classname="tests.test_turn_policy" name="test_outer_final_action_cancels_deferred_language_only_after_all_vetoes" time="0.001" /><testcase classname="tests.test_turn_policy" name="test_turn_decision_is_the_only_public_open_conversation_request" time="0.001" /><testcase classname="tests.test_turn_policy" name="test_catalog_warmup_must_succeed_before_ready_is_promised" time="0.001" /><testcase classname="tests.test_turn_policy" name="test_initial_planner_resources_do_not_touch_optional_encoder" time="0.001" /><testcase classname="tests.test_turn_policy" name="test_expected_plan_skips_unused_e5_and_skill_retrieval" time="0.000" /><testcase classname="tests.test_turn_policy" name="test_inferred_plan_preserves_e5_and_skill_retrieval" time="0.000" /><testcase classname="tests.test_turn_policy" name="test_failed_turn_recovers_with_candidate_free_semantic_question" time="0.000" /><testcase classname="tests.test_turn_policy" name="test_bare_deictic_conversation_requires_model_authored_referent_question[Haz eso]" time="0.001" /><testcase classname="tests.test_turn_policy" name="test_bare_deictic_conversation_requires_model_authored_referent_question[hazlo, por favor]" time="0.001" /><testcase classname="tests.test_turn_policy" name="test_bare_deictic_conversation_requires_model_authored_referent_question[\xc1brela]" time="0.000" /><testcase classname="tests.test_turn_policy" name="test_bare_deictic_conversation_requires_model_authored_referent_question[Abre eso]" time="0.000" /><testcase classname="tests.test_turn_policy" name="test_bare_deictic_conversation_requires_model_authored_referent_question[Open that]" time="0.000" /><testcase classname="tests.test_turn_policy" name="test_bare_deictic_conversation_requires_model_authored_referent_question[Dale con esto]" time="0.000" /><testcase classname="tests.test_turn_policy" name="test_bare_deictic_conversation_requires_model_authored_referent_question[Do that]" time="0.000" /><testcase classname="tests.test_turn_policy" name="test_bare_deictic_conversation_requires_model_authored_referent_question[Please make it happen]" time="0.000" /><testcase classname="tests.test_turn_policy" name="test_bare_deictic_conversation_requires_model_authored_referent_question[Go ahead with it]" time="0.000" /><testcase classname="tests.test_turn_policy" name="test_specific_or_nonimperative_references_do_not_trigger_bare_deictic_guard[Haz una copia de seguridad]" time="0.000" /><testcase classname="tests.test_turn_policy" name="test_specific_or_nonimperative_references_do_not_trigger_bare_deictic_guard[Do that after opening Steam]" time="0.001" /><testcase classname="tests.test_turn_policy" name="test_specific_or_nonimperative_references_do_not_trigger_bare_deictic_guard[Dale con la m\xfasica]" time="0.000" /><testcase classname="tests.test_turn_policy" name="test_specific_or_nonimperative_references_do_not_trigger_bare_deictic_guard[\xbfQu\xe9 significa eso?]" time="0.000" /><testcase classname="tests.test_turn_policy" name="test_failed_turn_recovery_never_fabricates_protocol_prose" time="0.000" /><testcase classname="tests.test_turn_policy" name="test_failed_turn_protocol_fallback_has_zero_action_authority_and_no_text[es]" time="0.001" /><testcase classname="tests.test_turn_policy" name="test_failed_turn_protocol_fallback_has_zero_action_authority_and_no_text[en]" time="0.001" /><testcase classname="tests.test_turn_policy" name="test_failed_turn_protocol_fallback_is_textless_without_language_model" time="0.000" /><testcase classname="tests.test_turn_policy" name="test_reactive_action_tail_overlaps_only_after_dependencies_are_ready" time="0.002" /><testcase classname="tests.test_turn_policy" name="test_effect_guard_releases_its_slot_to_count_before_policy_finishes" time="0.002" /><testcase classname="tests.test_turn_policy" name="test_guard_failure_cancels_running_policy_without_waiting" time="0.002" /><testcase classname="tests.test_turn_policy" name="test_policy_failure_cancels_running_guard_without_waiting" time="0.003" /><testcase classname="tests.test_turn_policy" name="test_recovered_conversation_reuses_speculative_count_once" time="0.002" /><testcase classname="tests.test_turn_policy" name="test_recovered_conversation_preserves_a_count_queued_at_shutdown" time="0.001" /><testcase classname="tests.test_turn_policy" name="test_downstream_failure_cancels_deferred_count_without_waiting" time="0.003" /><testcase classname="tests.test_turn_policy" name="test_clarify_cancels_unused_speculative_count_without_waiting" time="0.008" /><testcase classname="tests.test_turn_policy" name="test_action_detaches_then_request_boundary_cancels_language_without_cache" time="0.004" /><testcase classname="tests.test_turn_policy" name="test_action_veto_hands_the_same_language_future_to_outer_boundary" time="0.003" /><testcase classname="tests.test_turn_policy" name="test_reactive_action_tail_is_decision_equivalent_without_extra_inferences[one-True]" time="0.002" /><testcase classname="tests.test_turn_policy" name="test_reactive_action_tail_is_decision_equivalent_without_extra_inferences[one-False]" time="0.001" /><testcase classname="tests.test_turn_policy" name="test_reactive_action_tail_is_decision_equivalent_without_extra_inferences[multiple-None]" time="0.001" /><testcase classname="tests.test_turn_policy" name="test_stable_knowledge_prepares_the_same_chat_while_policy_finishes" time="0.001" /><testcase classname="tests.test_turn_policy" name="test_social_policy_cancels_unused_knowledge_without_waiting_or_handoff" time="2.202" /><testcase classname="tests.test_turn_policy" name="test_chat_consumes_exact_speculative_handoff_without_second_decode" time="0.001" /><testcase classname="tests.test_turn_policy" name="test_speculative_language_failure_cannot_fail_an_action_decision" time="0.001" /><testcase classname="tests.test_turn_policy" name="test_turn_policy_initial_payload_contract_is_exact" time="0.000" /><testcase classname="tests.test_turn_policy" name="test_turn_policy_keeps_primary_json_schema_without_mutating_it" time="0.000" /><testcase classname="tests.test_turn_policy" name="test_semantic_guard_compact_grammar_preserves_closed_enum_contract" time="0.000" /><testcase classname="tests.test_turn_policy" name="test_semantic_guard_compact_grammar_rejects_non_string_enum_drift" time="0.000" /><testcase classname="tests.test_turn_policy" name="test_action_validators_keep_generic_json_schema[baxy_effect_count_verification-properties0-required0]" time="0.001" /><testcase classname="tests.test_turn_policy" name="test_action_validators_keep_generic_json_schema[baxy_operation_compatibility-properties1-required1]" time="0.001" /><testcase classname="tests.test_turn_policy" name="test_compact_grammar_fails_closed_when_hot_schema_drifts" time="0.000" /><testcase classname="tests.test_turn_policy" name="test_turn_reanalysis_deep_copies_and_only_narrows_recovery_contract" time="0.001" /><testcase classname="tests.test_turn_policy" name="test_turn_reanalysis_payload_builder_is_pure_and_exact[complete-one]" time="0.001" /><testcase classname="tests.test_turn_policy" name="test_turn_reanalysis_payload_builder_is_pure_and_exact[complete-multiple]" time="0.001" /><testcase classname="tests.test_turn_policy" name="test_turn_reanalysis_payload_builder_is_pure_and_exact[not_complete-one]" time="0.001" /><testcase classname="tests.test_turn_policy" name="test_turn_reanalysis_payload_builder_is_pure_and_exact[not_complete-multiple]" time="0.001" /><testcase classname="tests.test_turn_policy" name="test_turn_policy_receives_context_and_only_retrieved_candidates" time="0.000" /><testcase classname="tests.test_turn_policy" name="test_turn_policy_primary_inference_is_identical_with_or_without_evidence" time="0.000" /><testcase classname="tests.test_turn_policy" name="test_candidate_free_guard_payload_is_identical_with_or_without_evidence" time="0.001" /><testcase classname="tests.test_turn_policy" name="test_effect_observation_can_trigger_closed_catalog_reanalysis" time="0.000" /><testcase classname="tests.test_turn_policy" name="test_effect_reanalysis_abstains_when_no_candidate_satisfies_scope" time="0.000" /><testcase classname="tests.test_turn_policy" name="test_turn_policy_deduplicates_current_user_turn_from_shell_history" time="0.000" /><testcase classname="tests.test_turn_policy" name="test_turn_canonicalization_discards_only_mode_inapplicable_fields[raw0-expected0]" time="0.000" /><testcase classname="tests.test_turn_policy" name="test_turn_canonicalization_discards_only_mode_inapplicable_fields[raw1-expected1]" time="0.000" /><testcase classname="tests.test_turn_policy" name="test_turn_canonicalization_discards_only_mode_inapplicable_fields[raw2-expected2]" time="0.000" /><testcase classname="tests.test_turn_policy" name="test_turn_canonicalization_discards_only_mode_inapplicable_fields[raw3-expected3]" time="0.000" /><testcase classname="tests.test_turn_policy" name="test_turn_canonicalization_discards_only_mode_inapplicable_fields[raw4-expected4]" time="0.001" /><testcase classname="tests.test_turn_policy" name="test_turn_canonicalization_never_repairs_action_authority" time="0.000" /><testcase classname="tests.test_turn_policy" name="test_live_protocol_does_not_call_legacy_phrase_deciders" time="0.001" /><testcase classname="tests.test_turn_policy" name="test_turn_contract_accepts_only_mode_and_catalog_evidence[raw0-candidates0-conversation]" time="0.001" /><testcase classname="tests.test_turn_policy" name="test_turn_contract_accepts_only_mode_and_catalog_evidence[raw1-candidates1-action]" time="0.001" /><testcase classname="tests.test_turn_policy" name="test_turn_contract_accepts_only_mode_and_catalog_evidence[raw2-candidates2-action]" time="0.001" /><testcase classname="tests.test_turn_policy" name="test_turn_contract_accepts_only_mode_and_catalog_evidence[raw3-candidates3-action]" time="0.001" /><testcase classname="tests.test_turn_policy" name="test_turn_contract_accepts_only_mode_and_catalog_evidence[raw4-candidates4-plan]" time="0.001" /><testcase classname="tests.test_turn_policy" name="test_turn_contract_accepts_only_mode_and_catalog_evidence[raw5-candidates5-plan]" time="0.001" /><testcase classname="tests.test_turn_policy" name="test_relevance_check_can_only_remove_direct_action_authority" time="0.000" /><testcase classname="tests.test_turn_policy" name="test_information_question_cannot_authorize_a_mutating_effect" time="0.000" /><testcase classname="tests.test_turn_policy" name="test_information_question_veto_preserves_real_requests_and_read_only_queries" time="0.000" /><testcase classname="tests.test_turn_policy" name="test_recovered_action_keeps_independently_verified_authority" time="0.000" /><testcase classname="tests.test_turn_policy" name="test_action_grounding_gate_preserves_only_arguments_backed_by_user_text" time="0.001" /><testcase classname="tests.test_turn_policy" name="test_recovered_required_action_still_crosses_argument_grounding" time="0.000" /><testcase classname="tests.test_turn_policy" name="test_action_grounding_gate_skips_llm_for_complete_explicit_literals" time="0.000" /><testcase classname="tests.test_turn_policy" name="test_effect_guard_can_only_change_conversation_presentation_to_unsupported" time="0.000" /><testcase classname="tests.test_turn_policy" name="test_turn_contract_fails_closed_on_invalid_semantics[raw0]" time="0.000" /><testcase classname="tests.test_turn_policy" name="test_turn_contract_fails_closed_on_invalid_semantics[raw1]" time="0.001" /><testcase classname="tests.test_turn_policy" name="test_turn_contract_fails_closed_on_invalid_semantics[raw2]" time="0.000" /><testcase classname="tests.test_turn_policy" name="test_turn_contract_fails_closed_on_invalid_semantics[raw3]" time="0.000" /><testcase classname="tests.test_turn_policy" name="test_turn_contract_fails_closed_on_invalid_semantics[raw4]" time="0.000" /><testcase classname="tests.test_turn_policy" name="test_turn_chat_receives_closed_policy_without_catalog_or_evidence" time="0.005" /><testcase classname="tests.test_turn_policy" name="test_unavailable_catalog_entity_is_closed_without_model_authority[instagram]" time="0.001" /><testcase classname="tests.test_turn_policy" name="test_unavailable_catalog_entity_is_closed_without_model_authority[Vamos a jugar al Fall Guys modo multijugador.]" time="0.001" /><testcase classname="tests.test_turn_policy" name="test_unsupported_presentation_uses_one_inert_final_anchor[Get me vanilla, wait, cinnamon using my American Express card.-card]" time="0.001" /><testcase classname="tests.test_turn_policy" name="test_unsupported_presentation_uses_one_inert_final_anchor[Quitar, eh quiero decir, poner el Fortnite.-fortnite]" time="0.001" /><testcase classname="tests.test_turn_policy" name="test_unsupported_presentation_uses_one_inert_final_anchor[Vamos a jugar al Fall Guys modo multijugador.-fall guys]" time="0.001" /><testcase classname="tests.test_turn_policy" name="test_cpu_conversation_presentation_has_a_bounded_decode" time="0.001" /><testcase classname="tests.test_turn_policy" name="test_roleplay_draft_presentation_requests_substantive_fictional_content[knowledge]" time="0.002" /><testcase classname="tests.test_turn_policy" name="test_roleplay_draft_presentation_requests_substantive_fictional_content[unsupported]" time="0.001" /><testcase classname="tests.test_turn_policy" name="test_roleplay_draft_retries_a_system_policy_echo" time="0.001" /><testcase classname="tests.test_turn_policy" name="test_a_social_turn_may_answer_with_a_mirror[nos vemos-\xa1Nos vemos!]" time="0.001" /><testcase classname="tests.test_turn_policy" name="test_a_social_turn_may_answer_with_a_mirror[chau-\xa1Chau!]" time="0.001" /><testcase classname="tests.test_turn_policy" name="test_a_social_turn_may_answer_with_a_mirror[hasta luego-Hasta luego.]" time="0.001" /><testcase classname="tests.test_turn_policy" name="test_a_social_turn_may_answer_with_a_mirror[bye-Bye!]" time="0.001" /><testcase classname="tests.test_turn_policy" name="test_a_social_turn_may_answer_with_a_mirror[good night-Good night!]" time="0.001" /><testcase classname="tests.test_turn_policy" name="test_a_social_turn_may_answer_with_a_mirror[see you later-See you later!]" time="0.001" /><testcase classname="tests.test_turn_policy" name="test_a_non_social_turn_still_refuses_to_parrot_the_person[knowledge]" time="0.001" /><testcase classname="tests.test_turn_policy" name="test_a_non_social_turn_still_refuses_to_parrot_the_person[followup]" time="0.001" /><testcase classname="tests.test_turn_policy" name="test_a_non_social_turn_still_refuses_to_parrot_the_person[unsupported]" time="0.001" /><testcase classname="tests.test_turn_policy" name="test_unsupported_chat_rewrites_non_declarative_closings[Lo siento, no puedo pedir un taxi. \xbfQuieres otra cosa?]" time="0.001" /><testcase classname="tests.test_turn_policy" name="test_unsupported_chat_rewrites_non_declarative_closings[No puedo arrastrar archivos a ventanas. Si necesitas otra cosa, av\xedsame.]" time="0.001" /><testcase classname="tests.test_turn_policy" name="test_unsupported_chat_rewrites_non_declarative_closings[No puedo hacerlo; puedes intentar moverlo manualmente.]" time="0.001" /><testcase classname="tests.test_turn_policy" name="test_unsupported_chat_rewrites_non_declarative_closings[No tengo la capacidad de interactuar con la computadora.]" time="0.001" /><testcase classname="tests.test_turn_policy" name="test_unsupported_chat_rewrites_non_declarative_closings[Este efecto no soportado no figura en el cat\xe1logo activo.]" time="0.001" /><testcase classname="tests.test_turn_policy" name="test_unsupported_chat_rewrites_non_declarative_closings[No puedo activar nada que no est\xe9 en el cat\xe1logo activo.]" time="0.001" /><testcase classname="tests.test_turn_policy" name="test_unsupported_chat_rewrites_non_declarative_closings[No hagas preguntas, no ofrezcas ayuda gen\xe9rica.]" time="0.001" /><testcase classname="tests.test_turn_policy" name="test_unsupported_chat_rewrites_non_declarative_closings[I cannot set the printer because I don't have access to your computer's printer settings. You'll need to do it manually.]" time="0.001" /><testcase classname="tests.test_turn_policy" name="test_unsupported_chat_rewrites_non_declarative_closings[Asunto: Reuni\xf3n. Estimado Juan, nos vemos.]" time="0.001" /><testcase classname="tests.test_turn_policy" name="test_unsupported_chat_rewrites_non_declarative_closings[No puedo tomar capturas de pantalla, guardar archivos en el escritorio ni abrir exploradores web.]" time="0.001" /><testcase classname="tests.test_turn_policy" name="test_unsupported_chat_rewrites_non_declarative_closings[No puedo completar esa tarea. Mis funciones est\xe1n limitadas a la conversaci\xf3n y la escritura.]" time="0.001" /><testcase classname="tests.test_turn_policy" name="test_unsupported_chat_rewrites_non_declarative_closings[No puedo completar exactamente la variante solicitada.]" time="0.001" /><testcase classname="tests.test_turn_policy" name="test_unsupported_chat_rewrites_non_declarative_closings[No puedo abrirlo debido a la limitaci\xf3n sobre la variante exacta.]" time="0.001" /><testcase classname="tests.test_turn_policy" name="test_unsupported_language_chat_requires_both_supported_languages" time="0.001" /><testcase classname="tests.test_turn_policy" name="test_no_history_conversation_shape_is_closed[En latencia quien gana? en consumo de recursos quien? ram?-knowledge-underspecified_comparison]" time="0.001" /><testcase classname="tests.test_turn_policy" name="test_no_history_conversation_shape_is_closed[Donde dejaste el Powerpoint? Que me hiciste-knowledge-missing_context]" time="0.001" /><testcase classname="tests.test_turn_policy" name="test_no_history_conversation_shape_is_closed[And which of those would you use for the required task?-knowledge-missing_context]" time="0.001" /><testcase classname="tests.test_turn_policy" name="test_no_history_conversation_shape_is_closed[Cierre de Word pod\xeda perder trabajo-followup-observation_ack]" time="0.001" /><testcase classname="tests.test_turn_policy" name="test_no_history_conversation_shape_is_closed[What pasar\xeda si another computer lost su Wi-Fi-knowledge-None]" time="0.001" /><testcase classname="tests.test_turn_policy" name="test_no_history_conversation_shape_is_closed[Mira, Baxy: una consulta simple: Role-play una conversation; send nothing a Solange ni Tom\xe1s.-knowledge-roleplay_draft]" time="0.001" /><testcase classname="tests.test_turn_policy" name="test_addressed_roleplay_shape_overrides_a_generic_unsupported_label" time="0.000" /><testcase classname="tests.test_turn_policy" name="test_joke_request_is_not_shaped_as_an_observation" time="0.000" /><testcase classname="tests.test_turn_policy" name="test_missing_context_formatter_receives_only_bounded_anchors" time="0.000" /><testcase classname="tests.test_turn_policy" name="test_content_formatter_removes_only_bounded_assistant_envelopes" time="0.000" /><testcase classname="tests.test_turn_policy" name="test_roleplay_draft_visible_answer_rejects_refusal_or_missing_dialogue[I cannot play a role or simulate a conversation.]" time="0.000" /><testcase classname="tests.test_turn_policy" name="test_roleplay_draft_visible_answer_rejects_refusal_or_missing_dialogue[Solange and Tom\xe1s are the requested participants.]" time="0.000" /><testcase classname="tests.test_turn_policy" name="test_roleplay_draft_visible_answer_rejects_refusal_or_missing_dialogue[Solange: Hello.]" time="0.001" /><testcase classname="tests.test_turn_policy" name="test_roleplay_draft_visible_answer_accepts_named_exchange" time="0.000" /><testcase classname="tests.test_turn_policy" name="test_missing_context_visible_answer_rejects_invention[Te dej\xe9 el PowerPoint en Google Drive.]" time="0.001" /><testcase classname="tests.test_turn_policy" name="test_missing_context_visible_answer_rejects_invention[\xbfD\xf3nde quieres que busque el PowerPoint?]" time="0.000" /><testcase classname="tests.test_turn_policy" name="test_missing_context_visible_answer_rejects_invention[El literal_anchor disponible es PowerPoint.]" time="0.000" /><testcase classname="tests.test_turn_policy" name="test_missing_context_visible_answer_accepts_bounded_model_prose" time="0.001" /><testcase classname="tests.test_turn_policy" name="test_unsupported_habit_answer_accepts_specific_model_prose" time="0.000" /><testcase classname="tests.test_turn_policy" name="test_current_fact_limitation_accepts_updated_verification_anchor" time="0.001" /><testcase classname="tests.test_turn_policy" name="test_non_effect_conversation_presentation_distinguishes_observations[Listoo la gpu dejo de usarseee-followup]" time="0.001" /><testcase classname="tests.test_turn_policy" name="test_non_effect_conversation_presentation_distinguishes_observations[Ahora estoy poniendo m\xfasica, \xbflo quieres probar?-knowledge]" time="0.001" /><testcase classname="tests.test_turn_policy" name="test_non_effect_conversation_presentation_distinguishes_observations[Elige el primer resultado de YouTube-unsupported]" time="0.001" /><testcase classname="tests.test_turn_policy" name="test_non_effect_conversation_presentation_distinguishes_observations[Hay algo mas que use gpu??-unsupported]" time="0.001" /><testcase classname="tests.test_turn_policy" name="test_non_effect_conversation_presentation_distinguishes_observations[Pide un taxi para que venga a mi casa-unsupported]" time="0.001" /><testcase classname="tests.test_turn_policy" name="test_non_effect_conversation_presentation_distinguishes_observations[Juega conmigo al ajedrez por favor-unsupported]" time="0.001" /><testcase classname="tests.test_turn_policy" name="test_non_effect_conversation_presentation_distinguishes_observations[Get rid of the five p. m. alarm-unsupported]" time="0.001" /><testcase classname="tests.test_turn_policy" name="test_non_effect_conversation_presentation_distinguishes_observations[Abrir Twitter en mi iPhone, no, en mi tablet-unsupported]" time="0.001" /><testcase classname="tests.test_turn_policy" name="test_unpunctuated_interrogatives_are_presented_as_knowledge[where is new zealand located on a map]" time="0.001" /><testcase classname="tests.test_turn_policy" name="test_current_office_holder_question_stays_honestly_unsupported" time="0.001" /><testcase classname="tests.test_turn_policy" name="test_turn_chat_rejects_unknown_internal_conversation_kind" time="0.000" /><testcase classname="tests.test_turn_policy" name="test_turn_chat_rejects_unknown_internal_response_language" time="0.000" /><testcase classname="tests.test_turn_policy" name="test_candidate_free_count_mismatch_never_rewrites_primary_effects" time="0.000" /><testcase classname="tests.test_turn_policy" name="test_candidate_free_multiple_signal_only_forces_independent_replanning" time="0.000" /><testcase classname="tests.test_turn_policy" name="test_only_an_independent_one_can_reject_a_multiple_signal[zero-plan]" time="0.001" /><testcase classname="tests.test_turn_policy" name="test_only_an_independent_one_can_reject_a_multiple_signal[one-action]" time="0.001" /><testcase classname="tests.test_turn_policy" name="test_independent_multiple_count_vetoes_every_primary_action" time="0.000" /><testcase classname="tests.test_turn_policy" name="test_unresolved_reference_beats_unreliable_guard_cardinality" time="0.000" /><testcase classname="tests.test_turn_policy" name="test_required_argument_needs_independent_contract_compatibility" time="0.000" /><testcase classname="tests.test_turn_policy" name="test_one_sided_conversation_veto_precedes_argument_grounding" time="0.001" /><testcase classname="tests.test_turn_policy" name="test_context_dependent_action_is_conservatively_clarified" time="0.000" /><testcase classname="tests.test_turn_policy" name="test_incomplete_compound_plan_loses_all_effect_authority" time="0.000" /><testcase classname="tests.test_turn_policy" name="test_complete_operation_without_arguments_preserves_primary_action" time="0.000" /><testcase classname="tests.test_turn_policy" name="test_malformed_semantic_guard_never_preserves_effect_authority[None]" time="0.001" /><testcase classname="tests.test_turn_policy" name="test_malformed_semantic_guard_never_preserves_effect_authority[guard_raw1]" time="0.001" /><testcase classname="tests.test_turn_policy" name="test_malforme
[...]
lassname="tests.test_effect_intent" name="test_incomplete_calendar_after_an_independent_read_still_clarifies" time="0.001" /><testcase classname="tests.test_effect_intent" name="test_typed_calendar_words_do_not_trigger_calendar_clarification[Crea una tarea llamada Cola Matriz. Despu\xe9s abr\xed el bloc de notas y escrib\xed reunion manana.]" time="0.005" /><testcase classname="tests.test_effect_intent" name="test_typed_calendar_words_do_not_trigger_calendar_clarification[Crea una nota titulada Cola Matriz con contenido verificado. Despu\xe9s abr\xed el bloc de notas y escrib\xed reunion manana.]" time="0.003" /><testcase classname="tests.test_effect_intent" name="test_plural_reminder_deletion_never_collapses_to_one_mutation[Delete reminders to call Ana and Luis.]" time="0.002" /><testcase classname="tests.test_effect_intent" name="test_plural_reminder_deletion_never_collapses_to_one_mutation[Elimina los recordatorios de llamar a Ana y Luis.]" time="0.002" /><testcase classname="tests.test_effect_intent" name="test_message_scheduling_outside_payload_still_fails_closed[Send Music the WhatsApp message \u2018I am here\u2019 tomorrow.]" time="0.001" /><testcase classname="tests.test_effect_intent" name="test_message_scheduling_outside_payload_still_fails_closed[Env\xeda por WhatsApp a M\xfasica el mensaje \xabya llegu\xe9\xbb ma\xf1ana.]" time="0.001" /><testcase classname="tests.test_effect_intent" name="test_an_unsupported_deferral_still_fails_closed[pon m\xfasica ma\xf1ana]" time="0.002" /><testcase classname="tests.test_effect_intent" name="test_an_unsupported_deferral_still_fails_closed[abre notepad ma\xf1ana]" time="0.002" /><testcase classname="tests.test_effect_intent" name="test_an_unsupported_deferral_still_fails_closed[sube el volumen a las 7]" time="0.002" /><testcase classname="tests.test_effect_intent" name="test_an_unsupported_deferral_still_fails_closed[apaga el pc cuando termine la descarga]" time="0.002" /><testcase classname="tests.test_effect_intent" name="test_an_unsupported_deferral_still_fails_closed[borra la carpeta el viernes]" time="0.001" /><testcase classname="tests.test_effect_intent" name="test_an_unsupported_deferral_still_fails_closed[abre spotify si tengo internet]" time="0.002" /><testcase classname="tests.test_effect_intent" name="test_an_unsupported_deferral_still_fails_closed[manda el correo m\xe1s tarde]" time="0.001" /><testcase classname="tests.test_effect_intent" name="test_an_unsupported_deferral_still_fails_closed[reinicia el equipo esta noche]" time="0.001" /><testcase classname="tests.test_effect_intent" name="test_an_unsupported_deferral_still_fails_closed[cierra chrome cuando termine]" time="0.001" /><testcase classname="tests.test_effect_intent" name="test_public_lookup_variants_are_deterministic_web_reads[hay ferias de artesan\xeda en esta zona]" time="0.001" /><testcase classname="tests.test_effect_intent" name="test_public_lookup_variants_are_deterministic_web_reads[cual es el zoo mas cercano de donde yo estoy]" time="0.001" /><testcase classname="tests.test_effect_intent" name="test_public_lookup_variants_are_deterministic_web_reads[m\xe1s precio de las acciones]" time="0.001" /><testcase classname="tests.test_effect_intent" name="test_public_lookup_variants_are_deterministic_web_reads[cu\xe1les son los art\xedculos de tendencia sobre el pa\xeds]" time="0.001" /><testcase classname="tests.test_effect_intent" name="test_public_lookup_variants_are_deterministic_web_reads[\xbfD\xf3nde puedo aparcar cerca del zoo de Barcelona?]" time="0.001" /><testcase classname="tests.test_effect_intent" name="test_public_lookup_variants_are_deterministic_web_reads[I want to get a quarter pounder, I mean a Big Mac meal.]" time="0.001" /><testcase classname="tests.test_effect_intent" name="test_wake_request_is_an_alarm_instead_of_a_power_transition" time="0.000" /><testcase classname="tests.test_effect_intent" name="test_figurative_artist_request_is_a_music_query" time="0.000" /><testcase classname="tests.test_effect_intent" name="test_compact_note_requests_keep_the_local_note_family[Create a memo to buy chocolate.-note.create]" time="0.001" /><testcase classname="tests.test_effect_intent" name="test_compact_note_requests_keep_the_local_note_family[\xbfPuedes tomar mis notas familiares atrasadas del pasado?-note.search]" time="0.001" /><testcase classname="tests.test_effect_intent" name="test_incomplete_bounded_requests_have_stable_clarification_identity[get hourly notification on sports news-notification.schedule]" time="0.001" /><testcase classname="tests.test_effect_intent" name="test_incomplete_bounded_requests_have_stable_clarification_identity[add event to calendar app-calendar.event.create]" time="0.001" /><testcase classname="tests.test_effect_intent" name="test_incomplete_bounded_requests_have_stable_clarification_identity[acu\xe9rdame el cinco de marzo de cada a\xf1o de ocuparme de los regalos-reminder.create]" time="0.001" /><testcase classname="tests.test_effect_intent" name="test_incomplete_bounded_requests_have_stable_clarification_identity[por favor establece una notificaci\xf3n para el veintitr\xe9s de octubre-notification.schedule]" time="0.001" /><testcase classname="tests.test_effect_intent" name="test_incomplete_bounded_requests_have_stable_clarification_identity[retoma harry potter por donde par\xe9 de escuchar la \xfaltima vez-media.control]" time="0.001" /><testcase classname="tests.test_effect_intent" name="test_relative_public_reads_and_audio_requests_have_stable_authority[I need to know the time right now, what is it?-system.time]" time="0.001" /><testcase classname="tests.test_effect_intent" name="test_relative_public_reads_and_audio_requests_have_stable_authority[What time is it right now?-system.time]" time="0.001" /><testcase classname="tests.test_effect_intent" name="test_relative_public_reads_and_audio_requests_have_stable_authority[Is there any events planned for the next three months?-calendar.event.list]" time="0.001" /><testcase classname="tests.test_effect_intent" name="test_relative_public_reads_and_audio_requests_have_stable_authority[Are there meetings scheduled for the next two weeks?-calendar.event.list]" time="0.001" /><testcase classname="tests.test_effect_intent" name="test_relative_public_reads_and_audio_requests_have_stable_authority[Show me the best podcast of rock songs having good rating-media.play.query]" time="0.001" /><testcase classname="tests.test_effect_intent" name="test_relative_public_reads_and_audio_requests_have_stable_authority[I want to listen to Be More Chill by Ned Vizzini-media.play.query]" time="0.001" /><testcase classname="tests.test_effect_intent" name="test_relative_public_reads_and_audio_requests_have_stable_authority[Solo estoy buscando algunos desfiles de vestidos; puedes encontrar tiendas de ropa dentro de una milla-web.search]" time="0.001" /><testcase classname="tests.test_effect_intent" name="test_relative_public_reads_and_audio_requests_have_stable_authority[Hay algun evento especial cerca de mi este fin de semana-web.search]" time="0.001" /><testcase classname="tests.test_effect_intent" name="test_relative_public_reads_and_audio_requests_have_stable_authority[Hace el Telepizza envios a domicilio-web.search]" time="0.001" /><testcase classname="tests.test_effect_intent" name="test_relative_public_reads_and_audio_requests_have_stable_authority[Cuales son las historias principales de la RTVE-web.search]" time="0.001" /><testcase classname="tests.test_effect_intent" name="test_relative_public_reads_and_audio_requests_have_stable_authority[I want to find valet parking by the theater-web.search]" time="0.001" /><testcase classname="tests.test_effect_intent" name="test_relative_public_reads_and_audio_requests_have_stable_authority[Muestra aparcamiento en Murcia con ascensor-web.search]" time="0.001" /><testcase classname="tests.test_effect_intent" name="test_requested_jokes_never_become_media_playback[I would like to hear some good funny jokes]" time="0.002" /><testcase classname="tests.test_effect_intent" name="test_requested_jokes_never_become_media_playback[Me gustaria escuchar unos chistes divertidos]" time="0.001" /><testcase classname="tests.test_effect_intent" name="test_ambiguous_focal_requests_keep_one_stable_clarification[Please set a meeting with Fred on the next available meeting day-calendar.event.create-missing0]" time="0.001" /><testcase classname="tests.test_effect_intent" name="test_ambiguous_focal_requests_keep_one_stable_clarification[Radio por favor-media.play.query-missing1]" time="0.001" /><testcase classname="tests.test_effect_intent" name="test_ambiguous_focal_requests_keep_one_stable_clarification[Quiero escribir una nota compartida que dure hasta las 6 de la tarde-note.create-missing2]" time="0.001" /><testcase classname="tests.test_effect_intent" name="test_ambiguous_focal_requests_keep_one_stable_clarification[Puedes incluir un recordatorio en la nota para mi hermano? O mejor, no incluyas recordatorio-note.create-missing3]" time="0.001" /><testcase classname="tests.test_effect_intent" name="test_ambiguous_focal_requests_keep_one_stable_clarification[Me lees esta nota?-note.read-missing4]" time="0.001" /><testcase classname="tests.test_effect_intent" name="test_ambiguous_focal_requests_keep_one_stable_clarification[Let me see that note.-note.read-missing5]" time="0.001" /><testcase classname="tests.test_effect_intent" name="test_ambiguous_focal_requests_keep_one_stable_clarification[I want to play the song again-media.play.query-missing6]" time="0.001" /><testcase classname="tests.test_effect_intent" name="test_ambiguous_focal_requests_keep_one_stable_clarification[Ensena me las recetas-web.search-missing7]" time="0.001" /><testcase classname="tests.test_effect_intent" name="test_ambiguous_focal_requests_keep_one_stable_clarification[Show me some recipes-web.search-missing8]" time="0.001" /><testcase classname="tests.test_effect_intent" name="test_status_public_discovery_and_stored_note_requests_are_deterministic[Please tell me what alarms are on-notification.diagnose]" time="0.001" /><testcase classname="tests.test_effect_intent" name="test_status_public_discovery_and_stored_note_requests_are_deterministic[Is there an alarm for ten am-notification.diagnose]" time="0.001" /><testcase classname="tests.test_effect_intent" name="test_status_public_discovery_and_stored_note_requests_are_deterministic[Me recomiendas un paraguas-web.search]" time="0.001" /><testcase classname="tests.test_effect_intent" name="test_status_public_discovery_and_stored_note_requests_are_deterministic[Muestra las recetas famosas de huevos duros-web.search]" time="0.001" /><testcase classname="tests.test_effect_intent" name="test_status_public_discovery_and_stored_note_requests_are_deterministic[I want to find garage parking-web.search]" time="0.001" /><testcase classname="tests.test_effect_intent" name="test_status_public_discovery_and_stored_note_requests_are_deterministic[Can I carry out with this restaurant?-web.search]" time="0.001" /><testcase classname="tests.test_effect_intent" name="test_status_public_discovery_and_stored_note_requests_are_deterministic[Does this restaurant offer takeout?-web.search]" time="0.001" /><testcase classname="tests.test_effect_intent" name="test_status_public_discovery_and_stored_note_requests_are_deterministic[Puedo pedir para llevar en este restaurante?-web.search]" time="0.001" /><testcase classname="tests.test_effect_intent" name="test_status_public_discovery_and_stored_note_requests_are_deterministic[direcciones a Disneyland-web.search]" time="0.001" /><testcase classname="tests.test_effect_intent" name="test_status_public_discovery_and_stored_note_requests_are_deterministic[directions to Disneyland-web.search]" time="0.001" /><testcase classname="tests.test_effect_intent" name="test_status_public_discovery_and_stored_note_requests_are_deterministic[que d\xeda de la semana cae navidad este a\xf1o-web.search]" time="0.002" /><testcase classname="tests.test_effect_intent" name="test_status_public_discovery_and_stored_note_requests_are_deterministic[Usa Telpark para encontrar sitios de aparcamientos gratis en Madrid-web.search]" time="0.001" /><testcase classname="tests.test_effect_intent" name="test_status_public_discovery_and_stored_note_requests_are_deterministic[Sacar la nota receta de brioche que tengo guardada-note.search]" time="0.001" /><testcase classname="tests.test_effect_intent" name="test_dynamic_alert_note_time_and_generic_game_requests_clarify_stably[Avisame si suben o bajan el precio de las acciones de esta empresa-notification.schedule-missing0]" time="0.001" /><testcase classname="tests.test_effect_intent" name="test_dynamic_alert_note_time_and_generic_game_requests_clarify_stably[Let's create a new private note to order groceries at 9 am, actually make it 10 am-note.create-missing1]" time="0.001" /><testcase classname="tests.test_effect_intent" name="test_dynamic_alert_note_time_and_generic_game_requests_clarify_stably[Quisiera probar con algun juego de construccion de imperios de Ubisoft-game.launch-missing2]" time="0.001" /><testcase classname="tests.test_effect_intent" name="test_dynamic_alert_note_time_and_generic_game_requests_clarify_stably[Ponme el juego de futbol en el salon, no, mejor dicho en la habitacion-game.launch-missing3]" time="0.001" /><testcase classname="tests.test_effect_intent" name="test_dynamic_alert_note_time_and_generic_game_requests_clarify_stably[Leeme los post-its compartidos con la family-note.search-missing4]" time="0.001" /><testcase classname="tests.test_effect_intent" name="test_dynamic_alert_note_time_and_generic_game_requests_clarify_stably[Get me coffee coffee from Safeway-web.search-missing5]" time="0.001" /><testcase classname="tests.test_effect_intent" name="test_dynamic_alert_note_time_and_generic_game_requests_clarify_stably[Get milk, eggs, and bread from uhh from Aldi.-web.search-missing6]" time="0.001" /><testcase classname="tests.test_effect_intent" name="test_dynamic_alert_note_time_and_generic_game_requests_clarify_stably[In the living room, play League of Legends.-game.launch-missing7]" time="0.001" /><testcase classname="tests.test_effect_intent" name="test_dynamic_alert_note_time_and_generic_game_requests_clarify_stably[Ens\xe9\xf1ame las aplicaciones de deportes.-app.installed-missing8]" time="0.001" /><testcase classname="tests.test_effect_intent" name="test_dynamic_alert_note_time_and_generic_game_requests_clarify_stably[Show me sports apps.-app.installed-missing9]" time="0.001" /><testcase classname="tests.test_effect_intent" name="test_dynamic_alert_note_time_and_generic_game_requests_clarify_stably[\xbfSabe la entrega estimada de mi pedido?-web.search-missing10]" time="0.001" /><testcase classname="tests.test_effect_intent" name="test_dynamic_alert_note_time_and_generic_game_requests_clarify_stably[Tell me the estimated delivery of my order.-web.search-missing11]" time="0.001" /><testcase classname="tests.test_effect_intent" name="test_fresh_gate_families_have_deterministic_effect_identity[go to the washington post website-browser.navigate]" time="0.001" /><testcase classname="tests.test_effect_intent" name="test_fresh_gate_families_have_deterministic_effect_identity[list all train times to ny-web.search]" time="0.001" /><testcase classname="tests.test_effect_intent" name="test_fresh_gate_families_have_deterministic_effect_identity[get me up in half an hour-notification.schedule]" time="0.001" /><testcase classname="tests.test_effect_intent" name="test_fresh_gate_families_have_deterministic_effect_identity[search to find current local time and time zone-system.time]" time="0.001" /><testcase classname="tests.test_effect_intent" name="test_fresh_gate_families_have_deterministic_effect_identity[new alarm for six am-notification.schedule]" time="0.003" /><testcase classname="tests.test_effect_intent" name="test_fresh_gate_families_have_deterministic_effect_identity[i need you to get me up at six am-notification.schedule]" time="0.001" /><testcase classname="tests.test_effect_intent" name="test_fresh_gate_families_have_deterministic_effect_identity[check if alarm is set for six am-notification.diagnose]" time="0.001" /><testcase classname="tests.test_effect_intent" name="test_fresh_gate_families_have_deterministic_effect_identity[please ring the wake up alarm at eight am next saturday-notification.schedule]" time="0.001" /><testcase classname="tests.test_effect_intent" name="test_fresh_gate_families_have_deterministic_effect_identity[set my alarm for seven am-notification.schedule]" time="0.001" /><testcase classname="tests.test_effect_intent" name="test_fresh_gate_families_have_deterministic_effect_identity[de ahora en adelante mudo-audio.mute]" time="0.001" /><testcase classname="tests.test_effect_intent" name="test_fresh_gate_families_have_deterministic_effect_identity[voy a necesitar llevar chaqueta el proximo miercoles-web.search]" time="0.001" /><testcase classname="tests.test_effect_intent" name="test_fresh_gate_families_have_deterministic_effect_identity[reporte del tiempo semanal-web.search]" time="0.001" /><testcase classname="tests.test_effect_intent" name="test_fresh_gate_families_have_deterministic_effect_identity[enciende la lista de reproduccion que yo he dedicado a la musica rock-media.play.query]" time="0.001" /><testcase classname="tests.test_effect_intent" name="test_fresh_gate_families_have_deterministic_effect_identity[I need 2 packs of cheddar cheese from uh, umm, Walmart today, please.-web.search]" time="0.001" /><testcase classname="tests.test_effect_intent" name="test_fresh_gate_families_have_deterministic_effect_identity[Let's get some fall decorations from Amazon and have UPS deliver.-web.search]" time="0.001" /><testcase classname="tests.test_effect_intent" name="test_fresh_gate_families_have_deterministic_effect_identity[Desearia que localizaras un parking adaptado-web.search]" time="0.001" /><testcase classname="tests.test_effect_intent" name="test_fresh_gate_families_have_deterministic_effect_identity[voy a necesitar, necesito un pijama de oysho-web.search]" time="0.001" /><testcase classname="tests.test_effect_intent" name="test_fresh_gate_families_have_deterministic_effect_identity[puedes decirme donde hay parking gratis en huesca-web.search]" time="0.001" /><testcase classname="tests.test_effect_intent" name="test_fresh_gate_families_have_deterministic_effect_identity[Necesito un parking gratuito cerca de esta ubicacion-web.search]" time="0.001" /><testcase classname="tests.test_effect_intent" name="test_fresh_gate_families_have_deterministic_effect_identity[buy milk and eggs \u0915\u093e memo create \u0915\u0930\u094b\u0964-note.create]" time="0.001" /><testcase classname="tests.test_effect_intent" name="test_fresh_gate_incomplete_requests_keep_stable_clarification_identity[set notifications on the current weather disasters in america-notification.schedule]" time="0.001" /><testcase classname="tests.test_effect_intent" name="test_fresh_gate_incomplete_requests_keep_stable_clarification_identity[set meeting with joanna on saturday four p. m.-calendar.event.create]" time="0.001" /><testcase classname="tests.test_effect_intent" name="test_fresh_gate_incomplete_requests_keep_stable_clarification_identity[for every odd numbered sunday set a reminder for-reminder.create]" time="0.001" /><testcase classname="tests.test_effect_intent" name="test_fresh_gate_incomplete_requests_keep_stable_clarification_identity[could you reschedule my meeting-calendar.event.create]" time="0.001" /><testcase classname="tests.test_effect_intent" name="test_fresh_gate_incomplete_requests_keep_stable_clarification_identity[quiero reproducir esta cancion de nuevo-media.play.query]" time="0.001" /><testcase classname="tests.test_effect_intent" name="test_fresh_gate_incomplete_requests_keep_stable_clarification_identity[necesito hacer algo hoy-calendar.event.create]" time="0.001" /></testsuite></testsuites>